2018-03-15_18-43-45-1554 Json file loaded: ../../../../config/setting.json
2018-03-15_18-43-45-2050 Json file loaded: ../../../../database/costume/data/data.json
2018-03-15_18-43-45-2055 Json file loaded: ../../../../database/costume/data/data_invalid.json
2018-03-15_18-43-45-2952 Json file loaded: ../../../../database/attach/data/data.json
2018-03-15_18-43-45-2952 Json file loaded: ../../../../database/attach/data/data_invalid.json
2018-03-15_18-43-45-3704 Json file loaded: ../../../../database/weapon/data/data.json
2018-03-15_18-43-45-3709 Json file loaded: ../../../../database/weapon/data/data_invalid.json
2018-03-15_18-43-45-3734 Json file loaded: ../../config/i18n-en_US.json
2018-03-15_18-43-45-4466 [App] BladeSoulTool App start ...
2018-03-15_18-43-45-4747 System.Net.WebException: לא היתה אפשרות לאתר חלק מהנתיב 'D:\UltimateBNS\VS_GUI\BladeSoulTool\bin\Release\master\VERSION.txt'. ---> System.Net.WebException: לא היתה אפשרות לאתר חלק מהנתיב 'D:\UltimateBNS\VS_GUI\BladeSoulTool\bin\Release\master\VERSION.txt'. ---> System.IO.DirectoryNotFoundException: לא היתה אפשרות לאתר חלק מהנתיב 'D:\UltimateBNS\VS_GUI\BladeSoulTool\bin\Release\master\VERSION.txt'.
   ב-  System.IO.__Error.WinIOError(Int32 errorCode, String maybeFullPath)
   ב-  System.IO.FileStream.Init(String path, FileMode mode, FileAccess access, Int32 rights, Boolean useRights, FileShare share, Int32 bufferSize, FileOptions options, SECURITY_ATTRIBUTES secAttrs, String msgPath, Boolean bFromProxy)
   ב-  System.IO.FileStream..ctor(String path, FileMode mode, FileAccess access, FileShare share, Int32 bufferSize, FileOptions options, String msgPath, Boolean bFromProxy)
   ב-  System.Net.FileWebStream..ctor(FileWebRequest request, String path, FileMode mode, FileAccess access, FileShare sharing, Int32 length, Boolean async)
   ב-  System.Net.FileWebResponse..ctor(FileWebRequest request, Uri uri, FileAccess access, Boolean asyncHint)
   --- סוף רכיב מעקב אחר מחסנית של מצב חריג פנימי ---
   ב-  System.Net.FileWebResponse..ctor(FileWebRequest request, Uri uri, FileAccess access, Boolean asyncHint)
   ב-  System.Net.FileWebRequest.GetResponseCallback(Object state)
   --- סוף רכיב מעקב אחר מחסנית של מצב חריג פנימי ---
   ב-  System.Net.WebClient.DownloadDataInternal(Uri address, WebRequest& request)
   ב-  System.Net.WebClient.DownloadString(Uri address)
   ב-  System.Net.WebClient.DownloadString(String address)
   ב-  BladeSoulTool.lib.BstManager.GetStringFromWeb(String url) ב- D:\Unreal Engine 3\UltimateBNSSrc\BladeSoulTool\lib\BstManager.cs:שורה 369
2018-03-15_18-43-45-4777 Json file loaded: ../../../../database/costume/data/origin.json
2018-03-15_18-43-45-5319 Start to load data table ...
2018-03-15_18-43-45-5564 [BstManager] GetCostumeDataByRace: 0
2018-03-15_18-43-45-6291 Data table loaded, start to load icons ...
2018-03-15_18-43-45-6321 Icon download succeeded: 
2018-03-15_18-43-45-6321 Icon download succeeded: 
2018-03-15_18-43-45-6321 Icon download succeeded: 
2018-03-15_18-43-45-6326 Icon download succeeded: 
2018-03-15_18-43-45-6326 Icon download succeeded: 
2018-03-15_18-43-45-6326 Icon download succeeded: 
2018-03-15_18-43-45-6326 Icon download succeeded: 
2018-03-15_18-43-45-6331 Icon download succeeded: 
2018-03-15_18-43-45-6331 Icon download succeeded: 
2018-03-15_18-43-45-6331 Icon download succeeded: 
2018-03-15_18-43-45-6331 Icon download succeeded: 
2018-03-15_18-43-45-6336 Icon download succeeded: 
2018-03-15_18-43-45-6336 Icon download succeeded: 
2018-03-15_18-43-45-6336 Icon download succeeded: 
2018-03-15_18-43-45-6341 Icon download succeeded: 
2018-03-15_18-43-45-6341 Icon download succeeded: 
2018-03-15_18-43-45-6341 Icon download succeeded: 
2018-03-15_18-43-45-6346 Icon download succeeded: 
2018-03-15_18-43-45-6346 Icon download succeeded: 
2018-03-15_18-43-45-6346 Icon download succeeded: 
2018-03-15_18-43-45-6346 Icon download succeeded: 
2018-03-15_18-43-45-6346 Icon download succeeded: 
2018-03-15_18-43-45-6351 Icon download succeeded: 
2018-03-15_18-43-45-6351 Icon download succeeded: 
2018-03-15_18-43-45-6351 Icon download succeeded: 
2018-03-15_18-43-45-6351 Icon download succeeded: 
2018-03-15_18-43-45-6356 Icon download succeeded: 
2018-03-15_18-43-45-6356 Icon download succeeded: 
2018-03-15_18-43-45-6356 Icon download succeeded: 
2018-03-15_18-43-45-6356 Icon download succeeded: 
2018-03-15_18-43-45-6361 Icon download succeeded: 
2018-03-15_18-43-45-6361 Icon download succeeded: 
2018-03-15_18-43-45-6361 Icon download succeeded: 
2018-03-15_18-43-45-6366 Icon download succeeded: 
2018-03-15_18-43-45-6366 Icon download succeeded: 
2018-03-15_18-43-45-6366 Icon download succeeded: 
2018-03-15_18-43-45-6366 Icon download succeeded: 
2018-03-15_18-43-45-6371 Icon download succeeded: 
2018-03-15_18-43-45-6371 Icon download succeeded: 
2018-03-15_18-43-45-6371 Icon download succeeded: 
2018-03-15_18-43-45-6376 Icon download succeeded: 
2018-03-15_18-43-45-6376 Icon download succeeded: 
2018-03-15_18-43-45-6517 Icon download succeeded: 
2018-03-15_18-43-45-6522 Icon download succeeded: 
2018-03-15_18-43-45-6522 Icon download succeeded: 
2018-03-15_18-43-45-6522 Icon download succeeded: 
2018-03-15_18-43-45-6522 Icon download succeeded: 
2018-03-15_18-43-45-6527 Icon download succeeded: 
2018-03-15_18-43-45-6527 Icon download succeeded: 
2018-03-15_18-43-45-6527 Icon download succeeded: 
2018-03-15_18-43-45-6527 Icon download succeeded: 
2018-03-15_18-43-45-6532 Icon download succeeded: 
2018-03-15_18-43-45-6532 Icon download succeeded: 
2018-03-15_18-43-45-6532 Icon download succeeded: 
2018-03-15_18-43-45-6532 Icon download succeeded: 
2018-03-15_18-43-45-6537 Icon download succeeded: 
2018-03-15_18-43-45-6537 Icon download succeeded: 
2018-03-15_18-43-45-6537 Icon download succeeded: 
2018-03-15_18-43-45-6537 Icon download succeeded: 
2018-03-15_18-43-45-6542 Icon download succeeded: 
2018-03-15_18-43-45-6542 Icon download succeeded: 
2018-03-15_18-43-45-6542 Icon download succeeded: 
2018-03-15_18-43-45-6547 Icon download succeeded: 
2018-03-15_18-43-45-6547 Icon download succeeded: 
2018-03-15_18-43-45-6547 Icon download succeeded: 
2018-03-15_18-43-45-6547 Icon download succeeded: 
2018-03-15_18-43-45-6552 Icon download succeeded: 
2018-03-15_18-43-45-6552 Icon download succeeded: 
2018-03-15_18-43-45-6552 Icon download succeeded: 
2018-03-15_18-43-45-6557 Icon download succeeded: 
2018-03-15_18-43-45-6557 Icon download succeeded: 
2018-03-15_18-43-45-6557 Icon download succeeded: 
2018-03-15_18-43-45-6557 Icon download succeeded: 
2018-03-15_18-43-45-6562 Icon download succeeded: 
2018-03-15_18-43-45-6562 Icon download succeeded: 
2018-03-15_18-43-45-6562 Icon download succeeded: 
2018-03-15_18-43-45-6567 Icon download succeeded: 
2018-03-15_18-43-45-6567 Icon download succeeded: 
2018-03-15_18-43-45-6567 Icon download succeeded: 
2018-03-15_18-43-45-6567 Icon download succeeded: 
2018-03-15_18-43-45-6572 Icon download succeeded: 
2018-03-15_18-43-45-6572 Icon download succeeded: 
2018-03-15_18-43-45-6572 Icon download succeeded: 
2018-03-15_18-43-45-6572 Icon download succeeded: 
2018-03-15_18-43-45-6577 Icon download succeeded: 
2018-03-15_18-43-45-6577 Icon download succeeded: 
2018-03-15_18-43-45-6577 Icon download succeeded: 
2018-03-15_18-43-45-6577 Icon download succeeded: 
2018-03-15_18-43-45-6582 Icon download succeeded: 
2018-03-15_18-43-45-6582 Icon download succeeded: 
2018-03-15_18-43-45-6582 Icon download succeeded: 
2018-03-15_18-43-45-6587 Icon download succeeded: 
2018-03-15_18-43-45-6587 Icon download succeeded: 
2018-03-15_18-43-45-6587 Icon download succeeded: 
2018-03-15_18-43-45-6587 Icon download succeeded: 
2018-03-15_18-43-45-6592 Icon download succeeded: 
2018-03-15_18-43-45-6592 Icon download succeeded: 
2018-03-15_18-43-45-6592 Icon download succeeded: 
2018-03-15_18-43-45-6592 Icon download succeeded: 
2018-03-15_18-43-45-6597 Icon download succeeded: 
2018-03-15_18-43-45-6597 Icon download succeeded: 
2018-03-15_18-43-45-6597 Icon download succeeded: 
2018-03-15_18-43-45-6602 Icon download succeeded: 
2018-03-15_18-43-45-6602 Icon download succeeded: 
2018-03-15_18-43-45-6602 Icon download succeeded: 
2018-03-15_18-43-45-6602 Icon download succeeded: 
2018-03-15_18-43-45-6607 Icon download succeeded: 
2018-03-15_18-43-45-6607 Icon download succeeded: 
2018-03-15_18-43-45-6607 Icon download succeeded: 
2018-03-15_18-43-45-6607 Icon download succeeded: 
2018-03-15_18-43-45-6612 Icon download succeeded: 
2018-03-15_18-43-45-6612 Icon download succeeded: 
2018-03-15_18-43-45-6612 Icon download succeeded: 
2018-03-15_18-43-45-6617 Icon download succeeded: 
2018-03-15_18-43-45-6617 Icon download succeeded: 
2018-03-15_18-43-45-6617 Icon download succeeded: 
2018-03-15_18-43-45-6617 Icon download succeeded: 
2018-03-15_18-43-45-6622 Icon download succeeded: 
2018-03-15_18-43-45-6622 Icon download succeeded: 
2018-03-15_18-43-45-6622 Icon download succeeded: 
2018-03-15_18-43-45-6627 Icon download succeeded: 
2018-03-15_18-43-45-6627 Icon download succeeded: 
2018-03-15_18-43-45-6627 Icon download succeeded: 
2018-03-15_18-43-45-6632 Icon download succeeded: 
2018-03-15_18-43-45-6632 Icon download succeeded: 
2018-03-15_18-43-45-6632 Icon download succeeded: 
2018-03-15_18-43-45-6632 Icon download succeeded: 
2018-03-15_18-43-45-6637 Icon download succeeded: 
2018-03-15_18-43-45-6637 Icon download succeeded: 
2018-03-15_18-43-45-6637 Icon download succeeded: 
2018-03-15_18-43-45-6642 Icon download succeeded: 
2018-03-15_18-43-45-6642 Icon download succeeded: 
2018-03-15_18-43-45-6642 Icon download succeeded: 
2018-03-15_18-43-45-6642 Icon download succeeded: 
2018-03-15_18-43-45-6647 Icon download succeeded: 
2018-03-15_18-43-45-6647 Icon download succeeded: 
2018-03-15_18-43-45-6647 Icon download succeeded: 
2018-03-15_18-43-45-6647 Icon download succeeded: 
2018-03-15_18-43-45-6652 Icon download succeeded: 
2018-03-15_18-43-45-6652 Icon download succeeded: 
2018-03-15_18-43-45-6652 Icon download succeeded: 
2018-03-15_18-43-45-6652 Icon download succeeded: 
2018-03-15_18-43-45-6657 Icon download succeeded: 
2018-03-15_18-43-45-6657 Icon download succeeded: 
2018-03-15_18-43-45-6657 Icon download succeeded: 
2018-03-15_18-43-45-6662 Icon download succeeded: 
2018-03-15_18-43-45-6662 Icon download succeeded: 
2018-03-15_18-43-45-6667 Icon download succeeded: 
2018-03-15_18-43-45-6667 Icon download succeeded: 
2018-03-15_18-43-45-6667 Icon download succeeded: 
2018-03-15_18-43-45-6672 Icon download succeeded: 
2018-03-15_18-43-45-6672 Icon download succeeded: 
2018-03-15_18-43-45-6677 Icon download succeeded: 
2018-03-15_18-43-45-6677 Icon download succeeded: 
2018-03-15_18-43-45-6677 Icon download succeeded: 
2018-03-15_18-43-45-6682 Icon download succeeded: 
2018-03-15_18-43-45-6682 Icon download succeeded: 
2018-03-15_18-43-45-6682 Icon download succeeded: 
2018-03-15_18-43-45-6687 Icon download succeeded: 
2018-03-15_18-43-45-6687 Icon download succeeded: 
2018-03-15_18-43-45-6687 Icon download succeeded: 
2018-03-15_18-43-45-6692 Icon download succeeded: 
2018-03-15_18-43-45-6692 Icon download succeeded: 
2018-03-15_18-43-45-6692 Icon download succeeded: 
2018-03-15_18-43-45-6697 Icon download succeeded: 
2018-03-15_18-43-45-6697 Icon download succeeded: 
2018-03-15_18-43-45-6697 Icon download succeeded: 
2018-03-15_18-43-45-6697 Icon download succeeded: 
2018-03-15_18-43-45-6702 Icon download succeeded: 
2018-03-15_18-43-45-6702 Icon download succeeded: 
2018-03-15_18-43-45-6702 Icon download succeeded: 
2018-03-15_18-43-45-6702 Icon download succeeded: 
2018-03-15_18-43-45-6707 Icon download succeeded: 
2018-03-15_18-43-45-6707 Icon download succeeded: 
2018-03-15_18-43-45-6707 Icon download succeeded: 
2018-03-15_18-43-45-6712 Icon download succeeded: 
2018-03-15_18-43-45-6712 Icon download succeeded: 
2018-03-15_18-43-45-6712 Icon download succeeded: 
2018-03-15_18-43-45-6717 Icon download succeeded: 
2018-03-15_18-43-45-6717 Icon download succeeded: 
2018-03-15_18-43-45-6717 Icon download succeeded: 
2018-03-15_18-43-45-6722 Icon download succeeded: 
2018-03-15_18-43-45-6722 Icon download succeeded: 
2018-03-15_18-43-45-6722 Icon download succeeded: 
2018-03-15_18-43-45-6722 Icon download succeeded: 
2018-03-15_18-43-45-6727 Icon download succeeded: 
2018-03-15_18-43-45-6727 Icon download succeeded: 
2018-03-15_18-43-45-6727 Icon download succeeded: 
2018-03-15_18-43-45-6727 Icon download succeeded: 
2018-03-15_18-43-45-6732 Icon download succeeded: 
2018-03-15_18-43-45-6732 Icon download succeeded: 
2018-03-15_18-43-45-6732 Icon download succeeded: 
2018-03-15_18-43-45-6732 Icon download succeeded: 
2018-03-15_18-43-45-6737 Icon download succeeded: 
2018-03-15_18-43-45-6737 Icon download succeeded: 
2018-03-15_18-43-45-6737 Icon download succeeded: 
2018-03-15_18-43-45-6742 Icon download succeeded: 
2018-03-15_18-43-45-6742 Icon download succeeded: 
2018-03-15_18-43-45-6742 Icon download succeeded: 
2018-03-15_18-43-45-6742 Icon download succeeded: 
2018-03-15_18-43-45-6747 Icon download succeeded: 
2018-03-15_18-43-45-6747 Icon download succeeded: 
2018-03-15_18-43-45-6747 Icon download succeeded: 
2018-03-15_18-43-45-6747 Icon download succeeded: 
2018-03-15_18-43-45-6752 Icon download succeeded: 
2018-03-15_18-43-45-6752 Icon download succeeded: 
2018-03-15_18-43-45-6752 Icon download succeeded: 
2018-03-15_18-43-45-6752 Icon download succeeded: 
2018-03-15_18-43-45-6757 Icon download succeeded: 
2018-03-15_18-43-45-6757 Icon download succeeded: 
2018-03-15_18-43-45-6757 Icon download succeeded: 
2018-03-15_18-43-45-6757 Icon download succeeded: 
2018-03-15_18-43-45-6762 Icon download succeeded: 
2018-03-15_18-43-45-6762 Icon download succeeded: 
2018-03-15_18-43-45-6762 Icon download succeeded: 
2018-03-15_18-43-45-6762 Icon download succeeded: 
2018-03-15_18-43-45-6767 Icon download succeeded: 
2018-03-15_18-43-45-6767 Icon download succeeded: 
2018-03-15_18-43-45-6767 Icon download succeeded: 
2018-03-15_18-43-45-6767 Icon download succeeded: 
2018-03-15_18-43-45-6772 Icon download succeeded: 
2018-03-15_18-43-45-6772 Icon download succeeded: 
2018-03-15_18-43-45-6772 Icon download succeeded: 
2018-03-15_18-43-45-6777 Icon download succeeded: 
2018-03-15_18-43-45-6777 Icon download succeeded: 
2018-03-15_18-43-45-6777 Icon download succeeded: 
2018-03-15_18-43-45-6782 Icon download succeeded: 
2018-03-15_18-43-45-6782 Icon download succeeded: 
2018-03-15_18-43-45-6782 Icon download succeeded: 
2018-03-15_18-43-45-6782 Icon download succeeded: 
2018-03-15_18-43-45-6787 Icon download succeeded: 
2018-03-15_18-43-45-6787 Icon download succeeded: 
2018-03-15_18-43-45-6787 Icon download succeeded: 
2018-03-15_18-43-45-6787 Icon download succeeded: 
2018-03-15_18-43-45-6792 Icon download succeeded: 
2018-03-15_18-43-45-6792 Icon download succeeded: 
2018-03-15_18-43-45-6792 Icon download succeeded: 
2018-03-15_18-43-45-6797 Icon download succeeded: 
2018-03-15_18-43-45-6797 Icon download succeeded: 
2018-03-15_18-43-45-6797 Icon download succeeded: 
2018-03-15_18-43-45-6797 Icon download succeeded: 
2018-03-15_18-43-45-6797 Icon download succeeded: 
2018-03-15_18-43-45-6802 Icon download succeeded: 
2018-03-15_18-43-45-6802 Icon download succeeded: 
2018-03-15_18-43-45-6802 Icon download succeeded: 
2018-03-15_18-43-45-6808 Icon download succeeded: 
2018-03-15_18-43-45-6808 Icon download succeeded: 
2018-03-15_18-43-45-6808 Icon download succeeded: 
2018-03-15_18-43-45-6808 Icon download succeeded: 
2018-03-15_18-43-45-6813 Icon download succeeded: 
2018-03-15_18-43-45-6813 Icon download succeeded: 
2018-03-15_18-43-45-6813 Icon download succeeded: 
2018-03-15_18-43-45-6818 Icon download succeeded: 
2018-03-15_18-43-45-6818 Icon download succeeded: 
2018-03-15_18-43-45-6818 Icon download succeeded: 
2018-03-15_18-43-45-6818 Icon download succeeded: 
2018-03-15_18-43-45-6823 Icon download succeeded: 
2018-03-15_18-43-45-6823 Icon download succeeded: 
2018-03-15_18-43-45-6823 Icon download succeeded: 
2018-03-15_18-43-45-6823 Icon download succeeded: 
2018-03-15_18-43-45-6828 Icon download succeeded: 
2018-03-15_18-43-45-6828 Icon download succeeded: 
2018-03-15_18-43-45-6828 Icon download succeeded: 
2018-03-15_18-43-45-6833 Icon download succeeded: 
2018-03-15_18-43-45-6833 Icon download succeeded: 
2018-03-15_18-43-45-6833 Icon download succeeded: 
2018-03-15_18-43-45-6838 Icon download succeeded: 
2018-03-15_18-43-45-6838 Icon download succeeded: 
2018-03-15_18-43-45-6843 Icon download succeeded: 
2018-03-15_18-43-45-6843 Icon download succeeded: 
2018-03-15_18-43-45-6848 Icon download succeeded: 
2018-03-15_18-43-45-6848 Icon download succeeded: 
2018-03-15_18-43-45-6848 Icon download succeeded: 
2018-03-15_18-43-45-6853 Icon download succeeded: 
2018-03-15_18-43-45-6853 Icon download succeeded: 
2018-03-15_18-43-45-6853 Icon download succeeded: 
2018-03-15_18-43-45-6853 Icon download succeeded: 
2018-03-15_18-43-45-6858 Icon download succeeded: 
2018-03-15_18-43-45-6858 Icon download succeeded: 
2018-03-15_18-43-45-6858 Icon download succeeded: 
2018-03-15_18-43-45-6863 Icon download succeeded: 
2018-03-15_18-43-45-6863 Icon download succeeded: 
2018-03-15_18-43-45-6863 Icon download succeeded: 
2018-03-15_18-43-45-6863 Icon download succeeded: 
2018-03-15_18-43-45-6868 Icon download succeeded: 
2018-03-15_18-43-45-6868 Icon download succeeded: 
2018-03-15_18-43-45-6868 Icon download succeeded: 
2018-03-15_18-43-45-6873 Icon download succeeded: 
2018-03-15_18-43-45-6873 Icon download succeeded: 
2018-03-15_18-43-45-6873 Icon download succeeded: 
2018-03-15_18-43-45-6873 Icon download succeeded: 
2018-03-15_18-43-45-6878 Icon download succeeded: 
2018-03-15_18-43-45-6878 Icon download succeeded: 
2018-03-15_18-43-45-6878 Icon download succeeded: 
2018-03-15_18-43-45-6883 Icon download succeeded: 
2018-03-15_18-43-45-6883 Icon download succeeded: 
2018-03-15_18-43-45-6883 Icon download succeeded: 
2018-03-15_18-43-45-6883 Icon download succeeded: 
2018-03-15_18-43-45-6888 Icon download succeeded: 
2018-03-15_18-43-45-6888 Icon download succeeded: 
2018-03-15_18-43-45-6888 Icon download succeeded: 
2018-03-15_18-43-45-6888 Icon download succeeded: 
2018-03-15_18-43-45-6893 Icon download succeeded: 
2018-03-15_18-43-45-6893 Icon download succeeded: 
2018-03-15_18-43-45-6893 Icon download succeeded: 
2018-03-15_18-43-45-6898 Icon download succeeded: 
2018-03-15_18-43-45-6898 Icon download succeeded: 
2018-03-15_18-43-45-6898 Icon download succeeded: 
2018-03-15_18-43-45-6898 Icon download succeeded: 
2018-03-15_18-43-45-6903 Icon download succeeded: 
2018-03-15_18-43-45-6903 Icon download succeeded: 
2018-03-15_18-43-45-6903 Icon download succeeded: 
2018-03-15_18-43-45-6903 Icon download succeeded: 
2018-03-15_18-43-45-6908 Icon download succeeded: 
2018-03-15_18-43-45-6908 Icon download succeeded: 
2018-03-15_18-43-45-6908 Icon download succeeded: 
2018-03-15_18-43-45-6908 Icon download succeeded: 
2018-03-15_18-43-45-6913 Icon download succeeded: 
2018-03-15_18-43-45-6913 Icon download succeeded: 
2018-03-15_18-43-45-6913 Icon download succeeded: 
2018-03-15_18-43-45-6918 Icon download succeeded: 
2018-03-15_18-43-45-6918 Icon download succeeded: 
2018-03-15_18-43-45-6918 Icon download succeeded: 
2018-03-15_18-43-45-6923 Icon download succeeded: 
2018-03-15_18-43-45-6923 Icon download succeeded: 
2018-03-15_18-43-45-6923 Icon download succeeded: 
2018-03-15_18-43-45-6928 Icon download succeeded: 
2018-03-15_18-43-45-6928 Icon download succeeded: 
2018-03-15_18-43-45-6928 Icon download succeeded: 
2018-03-15_18-43-45-6933 Icon download succeeded: 
2018-03-15_18-43-45-6933 Icon download succeeded: 
2018-03-15_18-43-45-6938 Icon download succeeded: 
2018-03-15_18-43-45-6938 Icon download succeeded: 
2018-03-15_18-43-45-6938 Icon download succeeded: 
2018-03-15_18-43-45-6938 Icon download succeeded: 
2018-03-15_18-43-45-6943 Icon download succeeded: 
2018-03-15_18-43-45-6943 Icon download succeeded: 
2018-03-15_18-43-45-6943 Icon download succeeded: 
2018-03-15_18-43-45-6943 Icon download succeeded: 
2018-03-15_18-43-45-6948 Icon download succeeded: 
2018-03-15_18-43-45-6948 Icon download succeeded: 
2018-03-15_18-43-45-6948 Icon download succeeded: 
2018-03-15_18-43-45-6953 Icon download succeeded: 
2018-03-15_18-43-45-6953 Icon download succeeded: 
2018-03-15_18-43-45-6953 Icon download succeeded: 
2018-03-15_18-43-45-6953 Icon download succeeded: 
2018-03-15_18-43-45-6953 Icon download succeeded: 
2018-03-15_18-43-45-6958 Icon download succeeded: 
2018-03-15_18-43-45-6958 Icon download succeeded: 
2018-03-15_18-43-45-6958 Icon download succeeded: 
2018-03-15_18-43-45-6958 Icon download succeeded: 
2018-03-15_18-43-45-6963 Icon download succeeded: 
2018-03-15_18-43-45-6963 Icon download succeeded: 
2018-03-15_18-43-45-6963 Icon download succeeded: 
2018-03-15_18-43-45-6968 Icon download succeeded: 
2018-03-15_18-43-45-6968 Icon download succeeded: 
2018-03-15_18-43-45-6968 Icon download succeeded: 
2018-03-15_18-43-45-6968 Icon download succeeded: 
2018-03-15_18-43-45-6973 Icon download succeeded: 
2018-03-15_18-43-45-6973 Icon download succeeded: 
2018-03-15_18-43-45-6973 Icon download succeeded: 
2018-03-15_18-43-45-6978 Icon download succeeded: 
2018-03-15_18-43-45-6978 Icon download succeeded: 
2018-03-15_18-43-45-6978 Icon download succeeded: 
2018-03-15_18-43-45-6978 Icon download succeeded: 
2018-03-15_18-43-45-6983 Icon download succeeded: 
2018-03-15_18-43-45-6983 Icon download succeeded: 
2018-03-15_18-43-45-6983 Icon download succeeded: 
2018-03-15_18-43-45-6983 Icon download succeeded: 
2018-03-15_18-43-45-6988 Icon download succeeded: 
2018-03-15_18-43-45-6988 Icon download succeeded: 
2018-03-15_18-43-45-6988 Icon download succeeded: 
2018-03-15_18-43-45-6993 Icon download succeeded: 
2018-03-15_18-43-45-6993 Icon download succeeded: 
2018-03-15_18-43-45-6993 Icon download succeeded: 
2018-03-15_18-43-45-6993 Icon download succeeded: 
2018-03-15_18-43-45-6998 Icon download succeeded: 
2018-03-15_18-43-45-6998 Icon download succeeded: 
2018-03-15_18-43-45-6998 Icon download succeeded: 
2018-03-15_18-43-45-7003 Icon download succeeded: 
2018-03-15_18-43-45-7003 Icon download succeeded: 
2018-03-15_18-43-45-7003 Icon download succeeded: 
2018-03-15_18-43-45-7008 Icon download succeeded: 
2018-03-15_18-43-45-7008 Icon download succeeded: 
2018-03-15_18-43-45-7008 Icon download succeeded: 
2018-03-15_18-43-45-7013 Icon download succeeded: 
2018-03-15_18-43-45-7013 Icon download succeeded: 
2018-03-15_18-43-45-7013 Icon download succeeded: 
2018-03-15_18-43-45-7018 Icon download succeeded: 
2018-03-15_18-43-45-7018 Icon download succeeded: 
2018-03-15_18-43-45-7018 Icon download succeeded: 
2018-03-15_18-43-45-7023 Icon download succeeded: 
2018-03-15_18-43-45-7023 Icon download succeeded: 
2018-03-15_18-43-45-7023 Icon download succeeded: 
2018-03-15_18-43-45-7023 Icon download succeeded: 
2018-03-15_18-43-45-7028 Icon download succeeded: 
2018-03-15_18-43-45-7028 Icon download succeeded: 
2018-03-15_18-43-45-7028 Icon download succeeded: 
2018-03-15_18-43-45-7028 Icon download succeeded: 
2018-03-15_18-43-45-7033 Icon download succeeded: 
2018-03-15_18-43-45-7033 Icon download succeeded: 
2018-03-15_18-43-45-7033 Icon download succeeded: 
2018-03-15_18-43-45-7038 Icon download succeeded: 
2018-03-15_18-43-45-7038 Icon download succeeded: 
2018-03-15_18-43-45-7038 Icon download succeeded: 
2018-03-15_18-43-45-7038 Icon download succeeded: 
2018-03-15_18-43-45-7043 Icon download succeeded: 
2018-03-15_18-43-45-7043 Icon download succeeded: 
2018-03-15_18-43-45-7043 Icon download succeeded: 
2018-03-15_18-43-45-7048 Icon download succeeded: 
2018-03-15_18-43-45-7048 Icon download succeeded: 
2018-03-15_18-43-45-7048 Icon download succeeded: 
2018-03-15_18-43-45-7053 Icon download succeeded: 
2018-03-15_18-43-45-7053 Icon download succeeded: 
2018-03-15_18-43-45-7053 Icon download succeeded: 
2018-03-15_18-43-45-7053 Icon download succeeded: 
2018-03-15_18-43-45-7058 Icon download succeeded: 
2018-03-15_18-43-45-7058 Icon download succeeded: 
2018-03-15_18-43-45-7058 Icon download succeeded: 
2018-03-15_18-43-45-7058 Icon download succeeded: 
2018-03-15_18-43-45-7128 Icon download succeeded: 
2018-03-15_18-43-45-7128 Icon download succeeded: 
2018-03-15_18-43-45-7128 Icon download succeeded: 
2018-03-15_18-43-45-7133 Icon download succeeded: 
2018-03-15_18-43-45-7133 Icon download succeeded: 
2018-03-15_18-43-45-7133 Icon download succeeded: 
2018-03-15_18-43-45-7133 Icon download succeeded: 
2018-03-15_18-43-45-7138 Icon download succeeded: 
2018-03-15_18-43-45-7138 Icon download succeeded: 
2018-03-15_18-43-45-7138 Icon download succeeded: 
2018-03-15_18-43-45-7143 Icon download succeeded: 
2018-03-15_18-43-45-7143 Icon download succeeded: 
2018-03-15_18-43-45-7143 Icon download succeeded: 
2018-03-15_18-43-45-7143 Icon download succeeded: 
2018-03-15_18-43-45-7148 Icon download succeeded: 
2018-03-15_18-43-45-7148 Icon download succeeded: 
2018-03-15_18-43-45-7148 Icon download succeeded: 
2018-03-15_18-43-45-7153 Icon download succeeded: 
2018-03-15_18-43-45-7153 Icon download succeeded: 
2018-03-15_18-43-45-7153 Icon download succeeded: 
2018-03-15_18-43-45-7153 Icon download succeeded: 
2018-03-15_18-43-45-7158 Icon download succeeded: 
2018-03-15_18-43-45-7158 Icon download succeeded: 
2018-03-15_18-43-45-7158 Icon download succeeded: 
2018-03-15_18-43-45-7163 Icon download succeeded: 
2018-03-15_18-43-45-7163 Icon download succeeded: 
2018-03-15_18-43-45-7163 Icon download succeeded: 
2018-03-15_18-43-45-7168 Icon download succeeded: 
2018-03-15_18-43-45-7168 Icon download succeeded: 
2018-03-15_18-43-45-7168 Icon download succeeded: 
2018-03-15_18-43-45-7173 Icon download succeeded: 
2018-03-15_18-43-45-7173 Icon download succeeded: 
2018-03-15_18-43-45-7173 Icon download succeeded: 
2018-03-15_18-43-45-7178 Icon download succeeded: 
2018-03-15_18-43-45-7178 Icon download succeeded: 
2018-03-15_18-43-45-7178 Icon download succeeded: 
2018-03-15_18-43-45-7178 Icon download succeeded: 
2018-03-15_18-43-45-7184 Icon download succeeded: 
2018-03-15_18-43-45-7184 Icon download succeeded: 
2018-03-15_18-43-45-7184 Icon download succeeded: 
2018-03-15_18-43-45-7189 Icon download succeeded: 
2018-03-15_18-43-45-7189 Icon download succeeded: 
2018-03-15_18-43-45-7189 Icon download succeeded: 
2018-03-15_18-43-45-7189 Icon download succeeded: 
2018-03-15_18-43-45-7194 Icon download succeeded: 
2018-03-15_18-43-45-7194 Icon download succeeded: 
2018-03-15_18-43-45-7194 Icon download succeeded: 
2018-03-15_18-43-45-7199 Icon download succeeded: 
2018-03-15_18-43-45-7199 Icon download succeeded: 
2018-03-15_18-43-45-7199 Icon download succeeded: 
2018-03-15_18-43-45-7199 Icon download succeeded: 
2018-03-15_18-43-45-7204 Icon download succeeded: 
2018-03-15_18-43-45-7204 Icon download succeeded: 
2018-03-15_18-43-45-7204 Icon download succeeded: 
2018-03-15_18-43-45-7209 Icon download succeeded: 
2018-03-15_18-43-45-7209 Icon download succeeded: 
2018-03-15_18-43-45-7209 Icon download succeeded: 
2018-03-15_18-43-45-7214 Icon download succeeded: 
2018-03-15_18-43-45-7214 Icon download succeeded: 
2018-03-15_18-43-45-7214 Icon download succeeded: 
2018-03-15_18-43-45-7219 Icon download succeeded: 
2018-03-15_18-43-45-7219 Icon download succeeded: 
2018-03-15_18-43-45-7219 Icon download succeeded: 
2018-03-15_18-43-45-7224 Icon download succeeded: 
2018-03-15_18-43-45-7224 Icon download succeeded: 
2018-03-15_18-43-45-7224 Icon download succeeded: 
2018-03-15_18-43-45-7224 Icon download succeeded: 
2018-03-15_18-43-45-7229 Icon download succeeded: 
2018-03-15_18-43-45-7229 Icon download succeeded: 
2018-03-15_18-43-45-7229 Icon download succeeded: 
2018-03-15_18-43-45-7229 Icon download succeeded: 
2018-03-15_18-43-45-7234 Icon download succeeded: 
2018-03-15_18-43-45-7234 Icon download succeeded: 
2018-03-15_18-43-45-7234 Icon download succeeded: 
2018-03-15_18-43-45-7239 Icon download succeeded: 
2018-03-15_18-43-45-7239 Icon download succeeded: 
2018-03-15_18-43-45-7239 Icon download succeeded: 
2018-03-15_18-43-45-7239 Icon download succeeded: 
2018-03-15_18-43-45-7244 Icon download succeeded: 
2018-03-15_18-43-45-7244 Icon download succeeded: 
2018-03-15_18-43-45-7244 Icon download succeeded: 
2018-03-15_18-43-45-7249 Icon download succeeded: 
2018-03-15_18-43-45-7249 Icon download succeeded: 
2018-03-15_18-43-45-7249 Icon download succeeded: 
2018-03-15_18-43-45-7249 Icon download succeeded: 
2018-03-15_18-43-45-7254 Icon download succeeded: 
2018-03-15_18-43-45-7254 Icon download succeeded: 
2018-03-15_18-43-45-7254 Icon download succeeded: 
2018-03-15_18-43-45-7259 Icon download succeeded: 
2018-03-15_18-43-45-7259 Icon download succeeded: 
2018-03-15_18-43-45-7259 Icon download succeeded: 
2018-03-15_18-43-45-7259 Icon download succeeded: 
2018-03-15_18-43-45-7264 Icon download succeeded: 
2018-03-15_18-43-45-7264 Icon download succeeded: 
2018-03-15_18-43-45-7264 Icon download succeeded: 
2018-03-15_18-43-45-7264 Icon download succeeded: 
2018-03-15_18-43-45-7269 Icon download succeeded: 
2018-03-15_18-43-45-7269 Icon download succeeded: 
2018-03-15_18-43-45-7269 Icon download succeeded: 
2018-03-15_18-43-45-7274 Icon download succeeded: 
2018-03-15_18-43-45-7274 Icon download succeeded: 
2018-03-15_18-43-45-7274 Icon download succeeded: 
2018-03-15_18-43-45-7274 Icon download succeeded: 
2018-03-15_18-43-45-7279 Icon download succeeded: 
2018-03-15_18-43-45-7279 Icon download succeeded: 
2018-03-15_18-43-45-7279 Icon download succeeded: 
2018-03-15_18-43-45-7279 Icon download succeeded: 
2018-03-15_18-43-45-7284 Icon download succeeded: 
2018-03-15_18-43-45-7284 Icon download succeeded: 
2018-03-15_18-43-45-7284 Icon download succeeded: 
2018-03-15_18-43-45-7284 Icon download succeeded: 
2018-03-15_18-43-45-7289 Icon download succeeded: 
2018-03-15_18-43-45-7289 Icon download succeeded: 
2018-03-15_18-43-45-7289 Icon download succeeded: 
2018-03-15_18-43-45-7289 Icon download succeeded: 
2018-03-15_18-43-45-7294 Icon download succeeded: 
2018-03-15_18-43-45-7294 Icon download succeeded: 
2018-03-15_18-43-45-7294 Icon download succeeded: 
2018-03-15_18-43-45-7299 Icon download succeeded: 
2018-03-15_18-43-45-7299 Icon download succeeded: 
2018-03-15_18-43-45-7299 Icon download succeeded: 
2018-03-15_18-43-45-7299 Icon download succeeded: 
2018-03-15_18-43-45-7304 Icon download succeeded: 
2018-03-15_18-43-45-7304 Icon download succeeded: 
2018-03-15_18-43-45-7304 Icon download succeeded: 
2018-03-15_18-43-45-7309 Icon download succeeded: 
2018-03-15_18-43-45-7309 Icon download succeeded: 
2018-03-15_18-43-45-7309 Icon download succeeded: 
2018-03-15_18-43-45-7309 Icon download succeeded: 
2018-03-15_18-43-45-7314 Icon download succeeded: 
2018-03-15_18-43-45-7314 Icon download succeeded: 
2018-03-15_18-43-45-7314 Icon download succeeded: 
2018-03-15_18-43-45-7314 Icon download succeeded: 
2018-03-15_18-43-45-7319 Icon download succeeded: 
2018-03-15_18-43-45-7319 Icon download succeeded: 
2018-03-15_18-43-45-7319 Icon download succeeded: 
2018-03-15_18-43-45-7324 Icon download succeeded: 
2018-03-15_18-43-45-7324 Icon download succeeded: 
2018-03-15_18-43-45-7324 Icon download succeeded: 
2018-03-15_18-43-45-7324 Icon download succeeded: 
2018-03-15_18-43-45-7329 Icon download succeeded: 
2018-03-15_18-43-45-7329 Icon download succeeded: 
2018-03-15_18-43-45-7329 Icon download succeeded: 
2018-03-15_18-43-45-7334 Icon download succeeded: 
2018-03-15_18-43-45-7334 Icon download succeeded: 
2018-03-15_18-43-45-7334 Icon download succeeded: 
2018-03-15_18-43-45-7339 Icon download succeeded: 
2018-03-15_18-43-45-7339 Icon download succeeded: 
2018-03-15_18-43-45-7344 Icon download succeeded: 
2018-03-15_18-43-45-7344 Icon download succeeded: 
2018-03-15_18-43-45-7344 Icon download succeeded: 
2018-03-15_18-43-45-7349 Icon download succeeded: 
2018-03-15_18-43-45-7349 Icon download succeeded: 
2018-03-15_18-43-45-7349 Icon download succeeded: 
2018-03-15_18-43-45-7354 Icon download succeeded: 
2018-03-15_18-43-45-7354 Icon download succeeded: 
2018-03-15_18-43-45-7354 Icon download succeeded: 
2018-03-15_18-43-45-7354 Icon download succeeded: 
2018-03-15_18-43-45-7359 Icon download succeeded: 
2018-03-15_18-43-45-7359 Icon download succeeded: 
2018-03-15_18-43-45-7359 Icon download succeeded: 
2018-03-15_18-43-45-7359 Icon download succeeded: 
2018-03-15_18-43-45-7364 Icon download succeeded: 
2018-03-15_18-43-45-7364 Icon download succeeded: 
2018-03-15_18-43-45-7364 Icon download succeeded: 
2018-03-15_18-43-45-7369 All icons downloaded ...
2018-03-15_18-43-45-7369 [BstIconLoader] Queued works all done, thread exit ...
2018-03-15_18-43-45-1554 Json file loaded: ../../../../config/setting.json
2018-03-15_18-43-45-2050 Json file loaded: ../../../../database/costume/data/data.json
2018-03-15_18-43-45-2055 Json file loaded: ../../../../database/costume/data/data_invalid.json
2018-03-15_18-43-45-2952 Json file loaded: ../../../../database/attach/data/data.json
2018-03-15_18-43-45-2952 Json file loaded: ../../../../database/attach/data/data_invalid.json
2018-03-15_18-43-45-3704 Json file loaded: ../../../../database/weapon/data/data.json
2018-03-15_18-43-45-3709 Json file loaded: ../../../../database/weapon/data/data_invalid.json
2018-03-15_18-43-45-3734 Json file loaded: ../../config/i18n-en_US.json
2018-03-15_18-43-45-4466 [App] BladeSoulTool App start ...
2018-03-15_18-43-45-4747 System.Net.WebException: לא היתה אפשרות לאתר חלק מהנתיב 'D:\UltimateBNS\VS_GUI\BladeSoulTool\bin\Release\master\VERSION.txt'. ---> System.Net.WebException: לא היתה אפשרות לאתר חלק מהנתיב 'D:\UltimateBNS\VS_GUI\BladeSoulTool\bin\Release\master\VERSION.txt'. ---> System.IO.DirectoryNotFoundException: לא היתה אפשרות לאתר חלק מהנתיב 'D:\UltimateBNS\VS_GUI\BladeSoulTool\bin\Release\master\VERSION.txt'.
   ב-  System.IO.__Error.WinIOError(Int32 errorCode, String maybeFullPath)
   ב-  System.IO.FileStream.Init(String path, FileMode mode, FileAccess access, Int32 rights, Boolean useRights, FileShare share, Int32 bufferSize, FileOptions options, SECURITY_ATTRIBUTES secAttrs, String msgPath, Boolean bFromProxy)
   ב-  System.IO.FileStream..ctor(String path, FileMode mode, FileAccess access, FileShare share, Int32 bufferSize, FileOptions options, String msgPath, Boolean bFromProxy)
   ב-  System.Net.FileWebStream..ctor(FileWebRequest request, String path, FileMode mode, FileAccess access, FileShare sharing, Int32 length, Boolean async)
   ב-  System.Net.FileWebResponse..ctor(FileWebRequest request, Uri uri, FileAccess access, Boolean asyncHint)
   --- סוף רכיב מעקב אחר מחסנית של מצב חריג פנימי ---
   ב-  System.Net.FileWebResponse..ctor(FileWebRequest request, Uri uri, FileAccess access, Boolean asyncHint)
   ב-  System.Net.FileWebRequest.GetResponseCallback(Object state)
   --- סוף רכיב מעקב אחר מחסנית של מצב חריג פנימי ---
   ב-  System.Net.WebClient.DownloadDataInternal(Uri address, WebRequest& request)
   ב-  System.Net.WebClient.DownloadString(Uri address)
   ב-  System.Net.WebClient.DownloadString(String address)
   ב-  BladeSoulTool.lib.BstManager.GetStringFromWeb(String url) ב- D:\Unreal Engine 3\UltimateBNSSrc\BladeSoulTool\lib\BstManager.cs:שורה 369
2018-03-15_18-43-45-4777 Json file loaded: ../../../../database/costume/data/origin.json
2018-03-15_18-43-45-5319 Start to load data table ...
2018-03-15_18-43-45-5564 [BstManager] GetCostumeDataByRace: 0
2018-03-15_18-43-45-6291 Data table loaded, start to load icons ...
2018-03-15_18-43-45-6321 Icon download succeeded: 
2018-03-15_18-43-45-6321 Icon download succeeded: 
2018-03-15_18-43-45-6321 Icon download succeeded: 
2018-03-15_18-43-45-6326 Icon download succeeded: 
2018-03-15_18-43-45-6326 Icon download succeeded: 
2018-03-15_18-43-45-6326 Icon download succeeded: 
2018-03-15_18-43-45-6326 Icon download succeeded: 
2018-03-15_18-43-45-6331 Icon download succeeded: 
2018-03-15_18-43-45-6331 Icon download succeeded: 
2018-03-15_18-43-45-6331 Icon download succeeded: 
2018-03-15_18-43-45-6331 Icon download succeeded: 
2018-03-15_18-43-45-6336 Icon download succeeded: 
2018-03-15_18-43-45-6336 Icon download succeeded: 
2018-03-15_18-43-45-6336 Icon download succeeded: 
2018-03-15_18-43-45-6341 Icon download succeeded: 
2018-03-15_18-43-45-6341 Icon download succeeded: 
2018-03-15_18-43-45-6341 Icon download succeeded: 
2018-03-15_18-43-45-6346 Icon download succeeded: 
2018-03-15_18-43-45-6346 Icon download succeeded: 
2018-03-15_18-43-45-6346 Icon download succeeded: 
2018-03-15_18-43-45-6346 Icon download succeeded: 
2018-03-15_18-43-45-6346 Icon download succeeded: 
2018-03-15_18-43-45-6351 Icon download succeeded: 
2018-03-15_18-43-45-6351 Icon download succeeded: 
2018-03-15_18-43-45-6351 Icon download succeeded: 
2018-03-15_18-43-45-6351 Icon download succeeded: 
2018-03-15_18-43-45-6356 Icon download succeeded: 
2018-03-15_18-43-45-6356 Icon download succeeded: 
2018-03-15_18-43-45-6356 Icon download succeeded: 
2018-03-15_18-43-45-6356 Icon download succeeded: 
2018-03-15_18-43-45-6361 Icon download succeeded: 
2018-03-15_18-43-45-6361 Icon download succeeded: 
2018-03-15_18-43-45-6361 Icon download succeeded: 
2018-03-15_18-43-45-6366 Icon download succeeded: 
2018-03-15_18-43-45-6366 Icon download succeeded: 
2018-03-15_18-43-45-6366 Icon download succeeded: 
2018-03-15_18-43-45-6366 Icon download succeeded: 
2018-03-15_18-43-45-6371 Icon download succeeded: 
2018-03-15_18-43-45-6371 Icon download succeeded: 
2018-03-15_18-43-45-6371 Icon download succeeded: 
2018-03-15_18-43-45-6376 Icon download succeeded: 
2018-03-15_18-43-45-6376 Icon download succeeded: 
2018-03-15_18-43-45-6517 Icon download succeeded: 
2018-03-15_18-43-45-6522 Icon download succeeded: 
2018-03-15_18-43-45-6522 Icon download succeeded: 
2018-03-15_18-43-45-6522 Icon download succeeded: 
2018-03-15_18-43-45-6522 Icon download succeeded: 
2018-03-15_18-43-45-6527 Icon download succeeded: 
2018-03-15_18-43-45-6527 Icon download succeeded: 
2018-03-15_18-43-45-6527 Icon download succeeded: 
2018-03-15_18-43-45-6527 Icon download succeeded: 
2018-03-15_18-43-45-6532 Icon download succeeded: 
2018-03-15_18-43-45-6532 Icon download succeeded: 
2018-03-15_18-43-45-6532 Icon download succeeded: 
2018-03-15_18-43-45-6532 Icon download succeeded: 
2018-03-15_18-43-45-6537 Icon download succeeded: 
2018-03-15_18-43-45-6537 Icon download succeeded: 
2018-03-15_18-43-45-6537 Icon download succeeded: 
2018-03-15_18-43-45-6537 Icon download succeeded: 
2018-03-15_18-43-45-6542 Icon download succeeded: 
2018-03-15_18-43-45-6542 Icon download succeeded: 
2018-03-15_18-43-45-6542 Icon download succeeded: 
2018-03-15_18-43-45-6547 Icon download succeeded: 
2018-03-15_18-43-45-6547 Icon download succeeded: 
2018-03-15_18-43-45-6547 Icon download succeeded: 
2018-03-15_18-43-45-6547 Icon download succeeded: 
2018-03-15_18-43-45-6552 Icon download succeeded: 
2018-03-15_18-43-45-6552 Icon download succeeded: 
2018-03-15_18-43-45-6552 Icon download succeeded: 
2018-03-15_18-43-45-6557 Icon download succeeded: 
2018-03-15_18-43-45-6557 Icon download succeeded: 
2018-03-15_18-43-45-6557 Icon download succeeded: 
2018-03-15_18-43-45-6557 Icon download succeeded: 
2018-03-15_18-43-45-6562 Icon download succeeded: 
2018-03-15_18-43-45-6562 Icon download succeeded: 
2018-03-15_18-43-45-6562 Icon download succeeded: 
2018-03-15_18-43-45-6567 Icon download succeeded: 
2018-03-15_18-43-45-6567 Icon download succeeded: 
2018-03-15_18-43-45-6567 Icon download succeeded: 
2018-03-15_18-43-45-6567 Icon download succeeded: 
2018-03-15_18-43-45-6572 Icon download succeeded: 
2018-03-15_18-43-45-6572 Icon download succeeded: 
2018-03-15_18-43-45-6572 Icon download succeeded: 
2018-03-15_18-43-45-6572 Icon download succeeded: 
2018-03-15_18-43-45-6577 Icon download succeeded: 
2018-03-15_18-43-45-6577 Icon download succeeded: 
2018-03-15_18-43-45-6577 Icon download succeeded: 
2018-03-15_18-43-45-6577 Icon download succeeded: 
2018-03-15_18-43-45-6582 Icon download succeeded: 
2018-03-15_18-43-45-6582 Icon download succeeded: 
2018-03-15_18-43-45-6582 Icon download succeeded: 
2018-03-15_18-43-45-6587 Icon download succeeded: 
2018-03-15_18-43-45-6587 Icon download succeeded: 
2018-03-15_18-43-45-6587 Icon download succeeded: 
2018-03-15_18-43-45-6587 Icon download succeeded: 
2018-03-15_18-43-45-6592 Icon download succeeded: 
2018-03-15_18-43-45-6592 Icon download succeeded: 
2018-03-15_18-43-45-6592 Icon download succeeded: 
2018-03-15_18-43-45-6592 Icon download succeeded: 
2018-03-15_18-43-45-6597 Icon download succeeded: 
2018-03-15_18-43-45-6597 Icon download succeeded: 
2018-03-15_18-43-45-6597 Icon download succeeded: 
2018-03-15_18-43-45-6602 Icon download succeeded: 
2018-03-15_18-43-45-6602 Icon download succeeded: 
2018-03-15_18-43-45-6602 Icon download succeeded: 
2018-03-15_18-43-45-6602 Icon download succeeded: 
2018-03-15_18-43-45-6607 Icon download succeeded: 
2018-03-15_18-43-45-6607 Icon download succeeded: 
2018-03-15_18-43-45-6607 Icon download succeeded: 
2018-03-15_18-43-45-6607 Icon download succeeded: 
2018-03-15_18-43-45-6612 Icon download succeeded: 
2018-03-15_18-43-45-6612 Icon download succeeded: 
2018-03-15_18-43-45-6612 Icon download succeeded: 
2018-03-15_18-43-45-6617 Icon download succeeded: 
2018-03-15_18-43-45-6617 Icon download succeeded: 
2018-03-15_18-43-45-6617 Icon download succeeded: 
2018-03-15_18-43-45-6617 Icon download succeeded: 
2018-03-15_18-43-45-6622 Icon download succeeded: 
2018-03-15_18-43-45-6622 Icon download succeeded: 
2018-03-15_18-43-45-6622 Icon download succeeded: 
2018-03-15_18-43-45-6627 Icon download succeeded: 
2018-03-15_18-43-45-6627 Icon download succeeded: 
2018-03-15_18-43-45-6627 Icon download succeeded: 
2018-03-15_18-43-45-6632 Icon download succeeded: 
2018-03-15_18-43-45-6632 Icon download succeeded: 
2018-03-15_18-43-45-6632 Icon download succeeded: 
2018-03-15_18-43-45-6632 Icon download succeeded: 
2018-03-15_18-43-45-6637 Icon download succeeded: 
2018-03-15_18-43-45-6637 Icon download succeeded: 
2018-03-15_18-43-45-6637 Icon download succeeded: 
2018-03-15_18-43-45-6642 Icon download succeeded: 
2018-03-15_18-43-45-6642 Icon download succeeded: 
2018-03-15_18-43-45-6642 Icon download succeeded: 
2018-03-15_18-43-45-6642 Icon download succeeded: 
2018-03-15_18-43-45-6647 Icon download succeeded: 
2018-03-15_18-43-45-6647 Icon download succeeded: 
2018-03-15_18-43-45-6647 Icon download succeeded: 
2018-03-15_18-43-45-6647 Icon download succeeded: 
2018-03-15_18-43-45-6652 Icon download succeeded: 
2018-03-15_18-43-45-6652 Icon download succeeded: 
2018-03-15_18-43-45-6652 Icon download succeeded: 
2018-03-15_18-43-45-6652 Icon download succeeded: 
2018-03-15_18-43-45-6657 Icon download succeeded: 
2018-03-15_18-43-45-6657 Icon download succeeded: 
2018-03-15_18-43-45-6657 Icon download succeeded: 
2018-03-15_18-43-45-6662 Icon download succeeded: 
2018-03-15_18-43-45-6662 Icon download succeeded: 
2018-03-15_18-43-45-6667 Icon download succeeded: 
2018-03-15_18-43-45-6667 Icon download succeeded: 
2018-03-15_18-43-45-6667 Icon download succeeded: 
2018-03-15_18-43-45-6672 Icon download succeeded: 
2018-03-15_18-43-45-6672 Icon download succeeded: 
2018-03-15_18-43-45-6677 Icon download succeeded: 
2018-03-15_18-43-45-6677 Icon download succeeded: 
2018-03-15_18-43-45-6677 Icon download succeeded: 
2018-03-15_18-43-45-6682 Icon download succeeded: 
2018-03-15_18-43-45-6682 Icon download succeeded: 
2018-03-15_18-43-45-6682 Icon download succeeded: 
2018-03-15_18-43-45-6687 Icon download succeeded: 
2018-03-15_18-43-45-6687 Icon download succeeded: 
2018-03-15_18-43-45-6687 Icon download succeeded: 
2018-03-15_18-43-45-6692 Icon download succeeded: 
2018-03-15_18-43-45-6692 Icon download succeeded: 
2018-03-15_18-43-45-6692 Icon download succeeded: 
2018-03-15_18-43-45-6697 Icon download succeeded: 
2018-03-15_18-43-45-6697 Icon download succeeded: 
2018-03-15_18-43-45-6697 Icon download succeeded: 
2018-03-15_18-43-45-6697 Icon download succeeded: 
2018-03-15_18-43-45-6702 Icon download succeeded: 
2018-03-15_18-43-45-6702 Icon download succeeded: 
2018-03-15_18-43-45-6702 Icon download succeeded: 
2018-03-15_18-43-45-6702 Icon download succeeded: 
2018-03-15_18-43-45-6707 Icon download succeeded: 
2018-03-15_18-43-45-6707 Icon download succeeded: 
2018-03-15_18-43-45-6707 Icon download succeeded: 
2018-03-15_18-43-45-6712 Icon download succeeded: 
2018-03-15_18-43-45-6712 Icon download succeeded: 
2018-03-15_18-43-45-6712 Icon download succeeded: 
2018-03-15_18-43-45-6717 Icon download succeeded: 
2018-03-15_18-43-45-6717 Icon download succeeded: 
2018-03-15_18-43-45-6717 Icon download succeeded: 
2018-03-15_18-43-45-6722 Icon download succeeded: 
2018-03-15_18-43-45-6722 Icon download succeeded: 
2018-03-15_18-43-45-6722 Icon download succeeded: 
2018-03-15_18-43-45-6722 Icon download succeeded: 
2018-03-15_18-43-45-6727 Icon download succeeded: 
2018-03-15_18-43-45-6727 Icon download succeeded: 
2018-03-15_18-43-45-6727 Icon download succeeded: 
2018-03-15_18-43-45-6727 Icon download succeeded: 
2018-03-15_18-43-45-6732 Icon download succeeded: 
2018-03-15_18-43-45-6732 Icon download succeeded: 
2018-03-15_18-43-45-6732 Icon download succeeded: 
2018-03-15_18-43-45-6732 Icon download succeeded: 
2018-03-15_18-43-45-6737 Icon download succeeded: 
2018-03-15_18-43-45-6737 Icon download succeeded: 
2018-03-15_18-43-45-6737 Icon download succeeded: 
2018-03-15_18-43-45-6742 Icon download succeeded: 
2018-03-15_18-43-45-6742 Icon download succeeded: 
2018-03-15_18-43-45-6742 Icon download succeeded: 
2018-03-15_18-43-45-6742 Icon download succeeded: 
2018-03-15_18-43-45-6747 Icon download succeeded: 
2018-03-15_18-43-45-6747 Icon download succeeded: 
2018-03-15_18-43-45-6747 Icon download succeeded: 
2018-03-15_18-43-45-6747 Icon download succeeded: 
2018-03-15_18-43-45-6752 Icon download succeeded: 
2018-03-15_18-43-45-6752 Icon download succeeded: 
2018-03-15_18-43-45-6752 Icon download succeeded: 
2018-03-15_18-43-45-6752 Icon download succeeded: 
2018-03-15_18-43-45-6757 Icon download succeeded: 
2018-03-15_18-43-45-6757 Icon download succeeded: 
2018-03-15_18-43-45-6757 Icon download succeeded: 
2018-03-15_18-43-45-6757 Icon download succeeded: 
2018-03-15_18-43-45-6762 Icon download succeeded: 
2018-03-15_18-43-45-6762 Icon download succeeded: 
2018-03-15_18-43-45-6762 Icon download succeeded: 
2018-03-15_18-43-45-6762 Icon download succeeded: 
2018-03-15_18-43-45-6767 Icon download succeeded: 
2018-03-15_18-43-45-6767 Icon download succeeded: 
2018-03-15_18-43-45-6767 Icon download succeeded: 
2018-03-15_18-43-45-6767 Icon download succeeded: 
2018-03-15_18-43-45-6772 Icon download succeeded: 
2018-03-15_18-43-45-6772 Icon download succeeded: 
2018-03-15_18-43-45-6772 Icon download succeeded: 
2018-03-15_18-43-45-6777 Icon download succeeded: 
2018-03-15_18-43-45-6777 Icon download succeeded: 
2018-03-15_18-43-45-6777 Icon download succeeded: 
2018-03-15_18-43-45-6782 Icon download succeeded: 
2018-03-15_18-43-45-6782 Icon download succeeded: 
2018-03-15_18-43-45-6782 Icon download succeeded: 
2018-03-15_18-43-45-6782 Icon download succeeded: 
2018-03-15_18-43-45-6787 Icon download succeeded: 
2018-03-15_18-43-45-6787 Icon download succeeded: 
2018-03-15_18-43-45-6787 Icon download succeeded: 
2018-03-15_18-43-45-6787 Icon download succeeded: 
2018-03-15_18-43-45-6792 Icon download succeeded: 
2018-03-15_18-43-45-6792 Icon download succeeded: 
2018-03-15_18-43-45-6792 Icon download succeeded: 
2018-03-15_18-43-45-6797 Icon download succeeded: 
2018-03-15_18-43-45-6797 Icon download succeeded: 
2018-03-15_18-43-45-6797 Icon download succeeded: 
2018-03-15_18-43-45-6797 Icon download succeeded: 
2018-03-15_18-43-45-6797 Icon download succeeded: 
2018-03-15_18-43-45-6802 Icon download succeeded: 
2018-03-15_18-43-45-6802 Icon download succeeded: 
2018-03-15_18-43-45-6802 Icon download succeeded: 
2018-03-15_18-43-45-6808 Icon download succeeded: 
2018-03-15_18-43-45-6808 Icon download succeeded: 
2018-03-15_18-43-45-6808 Icon download succeeded: 
2018-03-15_18-43-45-6808 Icon download succeeded: 
2018-03-15_18-43-45-6813 Icon download succeeded: 
2018-03-15_18-43-45-6813 Icon download succeeded: 
2018-03-15_18-43-45-6813 Icon download succeeded: 
2018-03-15_18-43-45-6818 Icon download succeeded: 
2018-03-15_18-43-45-6818 Icon download succeeded: 
2018-03-15_18-43-45-6818 Icon download succeeded: 
2018-03-15_18-43-45-6818 Icon download succeeded: 
2018-03-15_18-43-45-6823 Icon download succeeded: 
2018-03-15_18-43-45-6823 Icon download succeeded: 
2018-03-15_18-43-45-6823 Icon download succeeded: 
2018-03-15_18-43-45-6823 Icon download succeeded: 
2018-03-15_18-43-45-6828 Icon download succeeded: 
2018-03-15_18-43-45-6828 Icon download succeeded: 
2018-03-15_18-43-45-6828 Icon download succeeded: 
2018-03-15_18-43-45-6833 Icon download succeeded: 
2018-03-15_18-43-45-6833 Icon download succeeded: 
2018-03-15_18-43-45-6833 Icon download succeeded: 
2018-03-15_18-43-45-6838 Icon download succeeded: 
2018-03-15_18-43-45-6838 Icon download succeeded: 
2018-03-15_18-43-45-6843 Icon download succeeded: 
2018-03-15_18-43-45-6843 Icon download succeeded: 
2018-03-15_18-43-45-6848 Icon download succeeded: 
2018-03-15_18-43-45-6848 Icon download succeeded: 
2018-03-15_18-43-45-6848 Icon download succeeded: 
2018-03-15_18-43-45-6853 Icon download succeeded: 
2018-03-15_18-43-45-6853 Icon download succeeded: 
2018-03-15_18-43-45-6853 Icon download succeeded: 
2018-03-15_18-43-45-6853 Icon download succeeded: 
2018-03-15_18-43-45-6858 Icon download succeeded: 
2018-03-15_18-43-45-6858 Icon download succeeded: 
2018-03-15_18-43-45-6858 Icon download succeeded: 
2018-03-15_18-43-45-6863 Icon download succeeded: 
2018-03-15_18-43-45-6863 Icon download succeeded: 
2018-03-15_18-43-45-6863 Icon download succeeded: 
2018-03-15_18-43-45-6863 Icon download succeeded: 
2018-03-15_18-43-45-6868 Icon download succeeded: 
2018-03-15_18-43-45-6868 Icon download succeeded: 
2018-03-15_18-43-45-6868 Icon download succeeded: 
2018-03-15_18-43-45-6873 Icon download succeeded: 
2018-03-15_18-43-45-6873 Icon download succeeded: 
2018-03-15_18-43-45-6873 Icon download succeeded: 
2018-03-15_18-43-45-6873 Icon download succeeded: 
2018-03-15_18-43-45-6878 Icon download succeeded: 
2018-03-15_18-43-45-6878 Icon download succeeded: 
2018-03-15_18-43-45-6878 Icon download succeeded: 
2018-03-15_18-43-45-6883 Icon download succeeded: 
2018-03-15_18-43-45-6883 Icon download succeeded: 
2018-03-15_18-43-45-6883 Icon download succeeded: 
2018-03-15_18-43-45-6883 Icon download succeeded: 
2018-03-15_18-43-45-6888 Icon download succeeded: 
2018-03-15_18-43-45-6888 Icon download succeeded: 
2018-03-15_18-43-45-6888 Icon download succeeded: 
2018-03-15_18-43-45-6888 Icon download succeeded: 
2018-03-15_18-43-45-6893 Icon download succeeded: 
2018-03-15_18-43-45-6893 Icon download succeeded: 
2018-03-15_18-43-45-6893 Icon download succeeded: 
2018-03-15_18-43-45-6898 Icon download succeeded: 
2018-03-15_18-43-45-6898 Icon download succeeded: 
2018-03-15_18-43-45-6898 Icon download succeeded: 
2018-03-15_18-43-45-6898 Icon download succeeded: 
2018-03-15_18-43-45-6903 Icon download succeeded: 
2018-03-15_18-43-45-6903 Icon download succeeded: 
2018-03-15_18-43-45-6903 Icon download succeeded: 
2018-03-15_18-43-45-6903 Icon download succeeded: 
2018-03-15_18-43-45-6908 Icon download succeeded: 
2018-03-15_18-43-45-6908 Icon download succeeded: 
2018-03-15_18-43-45-6908 Icon download succeeded: 
2018-03-15_18-43-45-6908 Icon download succeeded: 
2018-03-15_18-43-45-6913 Icon download succeeded: 
2018-03-15_18-43-45-6913 Icon download succeeded: 
2018-03-15_18-43-45-6913 Icon download succeeded: 
2018-03-15_18-43-45-6918 Icon download succeeded: 
2018-03-15_18-43-45-6918 Icon download succeeded: 
2018-03-15_18-43-45-6918 Icon download succeeded: 
2018-03-15_18-43-45-6923 Icon download succeeded: 
2018-03-15_18-43-45-6923 Icon download succeeded: 
2018-03-15_18-43-45-6923 Icon download succeeded: 
2018-03-15_18-43-45-6928 Icon download succeeded: 
2018-03-15_18-43-45-6928 Icon download succeeded: 
2018-03-15_18-43-45-6928 Icon download succeeded: 
2018-03-15_18-43-45-6933 Icon download succeeded: 
2018-03-15_18-43-45-6933 Icon download succeeded: 
2018-03-15_18-43-45-6938 Icon download succeeded: 
2018-03-15_18-43-45-6938 Icon download succeeded: 
2018-03-15_18-43-45-6938 Icon download succeeded: 
2018-03-15_18-43-45-6938 Icon download succeeded: 
2018-03-15_18-43-45-6943 Icon download succeeded: 
2018-03-15_18-43-45-6943 Icon download succeeded: 
2018-03-15_18-43-45-6943 Icon download succeeded: 
2018-03-15_18-43-45-6943 Icon download succeeded: 
2018-03-15_18-43-45-6948 Icon download succeeded: 
2018-03-15_18-43-45-6948 Icon download succeeded: 
2018-03-15_18-43-45-6948 Icon download succeeded: 
2018-03-15_18-43-45-6953 Icon download succeeded: 
2018-03-15_18-43-45-6953 Icon download succeeded: 
2018-03-15_18-43-45-6953 Icon download succeeded: 
2018-03-15_18-43-45-6953 Icon download succeeded: 
2018-03-15_18-43-45-6953 Icon download succeeded: 
2018-03-15_18-43-45-6958 Icon download succeeded: 
2018-03-15_18-43-45-6958 Icon download succeeded: 
2018-03-15_18-43-45-6958 Icon download succeeded: 
2018-03-15_18-43-45-6958 Icon download succeeded: 
2018-03-15_18-43-45-6963 Icon download succeeded: 
2018-03-15_18-43-45-6963 Icon download succeeded: 
2018-03-15_18-43-45-6963 Icon download succeeded: 
2018-03-15_18-43-45-6968 Icon download succeeded: 
2018-03-15_18-43-45-6968 Icon download succeeded: 
2018-03-15_18-43-45-6968 Icon download succeeded: 
2018-03-15_18-43-45-6968 Icon download succeeded: 
2018-03-15_18-43-45-6973 Icon download succeeded: 
2018-03-15_18-43-45-6973 Icon download succeeded: 
2018-03-15_18-43-45-6973 Icon download succeeded: 
2018-03-15_18-43-45-6978 Icon download succeeded: 
2018-03-15_18-43-45-6978 Icon download succeeded: 
2018-03-15_18-43-45-6978 Icon download succeeded: 
2018-03-15_18-43-45-6978 Icon download succeeded: 
2018-03-15_18-43-45-6983 Icon download succeeded: 
2018-03-15_18-43-45-6983 Icon download succeeded: 
2018-03-15_18-43-45-6983 Icon download succeeded: 
2018-03-15_18-43-45-6983 Icon download succeeded: 
2018-03-15_18-43-45-6988 Icon download succeeded: 
2018-03-15_18-43-45-6988 Icon download succeeded: 
2018-03-15_18-43-45-6988 Icon download succeeded: 
2018-03-15_18-43-45-6993 Icon download succeeded: 
2018-03-15_18-43-45-6993 Icon download succeeded: 
2018-03-15_18-43-45-6993 Icon download succeeded: 
2018-03-15_18-43-45-6993 Icon download succeeded: 
2018-03-15_18-43-45-6998 Icon download succeeded: 
2018-03-15_18-43-45-6998 Icon download succeeded: 
2018-03-15_18-43-45-6998 Icon download succeeded: 
2018-03-15_18-43-45-7003 Icon download succeeded: 
2018-03-15_18-43-45-7003 Icon download succeeded: 
2018-03-15_18-43-45-7003 Icon download succeeded: 
2018-03-15_18-43-45-7008 Icon download succeeded: 
2018-03-15_18-43-45-7008 Icon download succeeded: 
2018-03-15_18-43-45-7008 Icon download succeeded: 
2018-03-15_18-43-45-7013 Icon download succeeded: 
2018-03-15_18-43-45-7013 Icon download succeeded: 
2018-03-15_18-43-45-7013 Icon download succeeded: 
2018-03-15_18-43-45-7018 Icon download succeeded: 
2018-03-15_18-43-45-7018 Icon download succeeded: 
2018-03-15_18-43-45-7018 Icon download succeeded: 
2018-03-15_18-43-45-7023 Icon download succeeded: 
2018-03-15_18-43-45-7023 Icon download succeeded: 
2018-03-15_18-43-45-7023 Icon download succeeded: 
2018-03-15_18-43-45-7023 Icon download succeeded: 
2018-03-15_18-43-45-7028 Icon download succeeded: 
2018-03-15_18-43-45-7028 Icon download succeeded: 
2018-03-15_18-43-45-7028 Icon download succeeded: 
2018-03-15_18-43-45-7028 Icon download succeeded: 
2018-03-15_18-43-45-7033 Icon download succeeded: 
2018-03-15_18-43-45-7033 Icon download succeeded: 
2018-03-15_18-43-45-7033 Icon download succeeded: 
2018-03-15_18-43-45-7038 Icon download succeeded: 
2018-03-15_18-43-45-7038 Icon download succeeded: 
2018-03-15_18-43-45-7038 Icon download succeeded: 
2018-03-15_18-43-45-7038 Icon download succeeded: 
2018-03-15_18-43-45-7043 Icon download succeeded: 
2018-03-15_18-43-45-7043 Icon download succeeded: 
2018-03-15_18-43-45-7043 Icon download succeeded: 
2018-03-15_18-43-45-7048 Icon download succeeded: 
2018-03-15_18-43-45-7048 Icon download succeeded: 
2018-03-15_18-43-45-7048 Icon download succeeded: 
2018-03-15_18-43-45-7053 Icon download succeeded: 
2018-03-15_18-43-45-7053 Icon download succeeded: 
2018-03-15_18-43-45-7053 Icon download succeeded: 
2018-03-15_18-43-45-7053 Icon download succeeded: 
2018-03-15_18-43-45-7058 Icon download succeeded: 
2018-03-15_18-43-45-7058 Icon download succeeded: 
2018-03-15_18-43-45-7058 Icon download succeeded: 
2018-03-15_18-43-45-7058 Icon download succeeded: 
2018-03-15_18-43-45-7128 Icon download succeeded: 
2018-03-15_18-43-45-7128 Icon download succeeded: 
2018-03-15_18-43-45-7128 Icon download succeeded: 
2018-03-15_18-43-45-7133 Icon download succeeded: 
2018-03-15_18-43-45-7133 Icon download succeeded: 
2018-03-15_18-43-45-7133 Icon download succeeded: 
2018-03-15_18-43-45-7133 Icon download succeeded: 
2018-03-15_18-43-45-7138 Icon download succeeded: 
2018-03-15_18-43-45-7138 Icon download succeeded: 
2018-03-15_18-43-45-7138 Icon download succeeded: 
2018-03-15_18-43-45-7143 Icon download succeeded: 
2018-03-15_18-43-45-7143 Icon download succeeded: 
2018-03-15_18-43-45-7143 Icon download succeeded: 
2018-03-15_18-43-45-7143 Icon download succeeded: 
2018-03-15_18-43-45-7148 Icon download succeeded: 
2018-03-15_18-43-45-7148 Icon download succeeded: 
2018-03-15_18-43-45-7148 Icon download succeeded: 
2018-03-15_18-43-45-7153 Icon download succeeded: 
2018-03-15_18-43-45-7153 Icon download succeeded: 
2018-03-15_18-43-45-7153 Icon download succeeded: 
2018-03-15_18-43-45-7153 Icon download succeeded: 
2018-03-15_18-43-45-7158 Icon download succeeded: 
2018-03-15_18-43-45-7158 Icon download succeeded: 
2018-03-15_18-43-45-7158 Icon download succeeded: 
2018-03-15_18-43-45-7163 Icon download succeeded: 
2018-03-15_18-43-45-7163 Icon download succeeded: 
2018-03-15_18-43-45-7163 Icon download succeeded: 
2018-03-15_18-43-45-7168 Icon download succeeded: 
2018-03-15_18-43-45-7168 Icon download succeeded: 
2018-03-15_18-43-45-7168 Icon download succeeded: 
2018-03-15_18-43-45-7173 Icon download succeeded: 
2018-03-15_18-43-45-7173 Icon download succeeded: 
2018-03-15_18-43-45-7173 Icon download succeeded: 
2018-03-15_18-43-45-7178 Icon download succeeded: 
2018-03-15_18-43-45-7178 Icon download succeeded: 
2018-03-15_18-43-45-7178 Icon download succeeded: 
2018-03-15_18-43-45-7178 Icon download succeeded: 
2018-03-15_18-43-45-7184 Icon download succeeded: 
2018-03-15_18-43-45-7184 Icon download succeeded: 
2018-03-15_18-43-45-7184 Icon download succeeded: 
2018-03-15_18-43-45-7189 Icon download succeeded: 
2018-03-15_18-43-45-7189 Icon download succeeded: 
2018-03-15_18-43-45-7189 Icon download succeeded: 
2018-03-15_18-43-45-7189 Icon download succeeded: 
2018-03-15_18-43-45-7194 Icon download succeeded: 
2018-03-15_18-43-45-7194 Icon download succeeded: 
2018-03-15_18-43-45-7194 Icon download succeeded: 
2018-03-15_18-43-45-7199 Icon download succeeded: 
2018-03-15_18-43-45-7199 Icon download succeeded: 
2018-03-15_18-43-45-7199 Icon download succeeded: 
2018-03-15_18-43-45-7199 Icon download succeeded: 
2018-03-15_18-43-45-7204 Icon download succeeded: 
2018-03-15_18-43-45-7204 Icon download succeeded: 
2018-03-15_18-43-45-7204 Icon download succeeded: 
2018-03-15_18-43-45-7209 Icon download succeeded: 
2018-03-15_18-43-45-7209 Icon download succeeded: 
2018-03-15_18-43-45-7209 Icon download succeeded: 
2018-03-15_18-43-45-7214 Icon download succeeded: 
2018-03-15_18-43-45-7214 Icon download succeeded: 
2018-03-15_18-43-45-7214 Icon download succeeded: 
2018-03-15_18-43-45-7219 Icon download succeeded: 
2018-03-15_18-43-45-7219 Icon download succeeded: 
2018-03-15_18-43-45-7219 Icon download succeeded: 
2018-03-15_18-43-45-7224 Icon download succeeded: 
2018-03-15_18-43-45-7224 Icon download succeeded: 
2018-03-15_18-43-45-7224 Icon download succeeded: 
2018-03-15_18-43-45-7224 Icon download succeeded: 
2018-03-15_18-43-45-7229 Icon download succeeded: 
2018-03-15_18-43-45-7229 Icon download succeeded: 
2018-03-15_18-43-45-7229 Icon download succeeded: 
2018-03-15_18-43-45-7229 Icon download succeeded: 
2018-03-15_18-43-45-7234 Icon download succeeded: 
2018-03-15_18-43-45-7234 Icon download succeeded: 
2018-03-15_18-43-45-7234 Icon download succeeded: 
2018-03-15_18-43-45-7239 Icon download succeeded: 
2018-03-15_18-43-45-7239 Icon download succeeded: 
2018-03-15_18-43-45-7239 Icon download succeeded: 
2018-03-15_18-43-45-7239 Icon download succeeded: 
2018-03-15_18-43-45-7244 Icon download succeeded: 
2018-03-15_18-43-45-7244 Icon download succeeded: 
2018-03-15_18-43-45-7244 Icon download succeeded: 
2018-03-15_18-43-45-7249 Icon download succeeded: 
2018-03-15_18-43-45-7249 Icon download succeeded: 
2018-03-15_18-43-45-7249 Icon download succeeded: 
2018-03-15_18-43-45-7249 Icon download succeeded: 
2018-03-15_18-43-45-7254 Icon download succeeded: 
2018-03-15_18-43-45-7254 Icon download succeeded: 
2018-03-15_18-43-45-7254 Icon download succeeded: 
2018-03-15_18-43-45-7259 Icon download succeeded: 
2018-03-15_18-43-45-7259 Icon download succeeded: 
2018-03-15_18-43-45-7259 Icon download succeeded: 
2018-03-15_18-43-45-7259 Icon download succeeded: 
2018-03-15_18-43-45-7264 Icon download succeeded: 
2018-03-15_18-43-45-7264 Icon download succeeded: 
2018-03-15_18-43-45-7264 Icon download succeeded: 
2018-03-15_18-43-45-7264 Icon download succeeded: 
2018-03-15_18-43-45-7269 Icon download succeeded: 
2018-03-15_18-43-45-7269 Icon download succeeded: 
2018-03-15_18-43-45-7269 Icon download succeeded: 
2018-03-15_18-43-45-7274 Icon download succeeded: 
2018-03-15_18-43-45-7274 Icon download succeeded: 
2018-03-15_18-43-45-7274 Icon download succeeded: 
2018-03-15_18-43-45-7274 Icon download succeeded: 
2018-03-15_18-43-45-7279 Icon download succeeded: 
2018-03-15_18-43-45-7279 Icon download succeeded: 
2018-03-15_18-43-45-7279 Icon download succeeded: 
2018-03-15_18-43-45-7279 Icon download succeeded: 
2018-03-15_18-43-45-7284 Icon download succeeded: 
2018-03-15_18-43-45-7284 Icon download succeeded: 
2018-03-15_18-43-45-7284 Icon download succeeded: 
2018-03-15_18-43-45-7284 Icon download succeeded: 
2018-03-15_18-43-45-7289 Icon download succeeded: 
2018-03-15_18-43-45-7289 Icon download succeeded: 
2018-03-15_18-43-45-7289 Icon download succeeded: 
2018-03-15_18-43-45-7289 Icon download succeeded: 
2018-03-15_18-43-45-7294 Icon download succeeded: 
2018-03-15_18-43-45-7294 Icon download succeeded: 
2018-03-15_18-43-45-7294 Icon download succeeded: 
2018-03-15_18-43-45-7299 Icon download succeeded: 
2018-03-15_18-43-45-7299 Icon download succeeded: 
2018-03-15_18-43-45-7299 Icon download succeeded: 
2018-03-15_18-43-45-7299 Icon download succeeded: 
2018-03-15_18-43-45-7304 Icon download succeeded: 
2018-03-15_18-43-45-7304 Icon download succeeded: 
2018-03-15_18-43-45-7304 Icon download succeeded: 
2018-03-15_18-43-45-7309 Icon download succeeded: 
2018-03-15_18-43-45-7309 Icon download succeeded: 
2018-03-15_18-43-45-7309 Icon download succeeded: 
2018-03-15_18-43-45-7309 Icon download succeeded: 
2018-03-15_18-43-45-7314 Icon download succeeded: 
2018-03-15_18-43-45-7314 Icon download succeeded: 
2018-03-15_18-43-45-7314 Icon download succeeded: 
2018-03-15_18-43-45-7314 Icon download succeeded: 
2018-03-15_18-43-45-7319 Icon download succeeded: 
2018-03-15_18-43-45-7319 Icon download succeeded: 
2018-03-15_18-43-45-7319 Icon download succeeded: 
2018-03-15_18-43-45-7324 Icon download succeeded: 
2018-03-15_18-43-45-7324 Icon download succeeded: 
2018-03-15_18-43-45-7324 Icon download succeeded: 
2018-03-15_18-43-45-7324 Icon download succeeded: 
2018-03-15_18-43-45-7329 Icon download succeeded: 
2018-03-15_18-43-45-7329 Icon download succeeded: 
2018-03-15_18-43-45-7329 Icon download succeeded: 
2018-03-15_18-43-45-7334 Icon download succeeded: 
2018-03-15_18-43-45-7334 Icon download succeeded: 
2018-03-15_18-43-45-7334 Icon download succeeded: 
2018-03-15_18-43-45-7339 Icon download succeeded: 
2018-03-15_18-43-45-7339 Icon download succeeded: 
2018-03-15_18-43-45-7344 Icon download succeeded: 
2018-03-15_18-43-45-7344 Icon download succeeded: 
2018-03-15_18-43-45-7344 Icon download succeeded: 
2018-03-15_18-43-45-7349 Icon download succeeded: 
2018-03-15_18-43-45-7349 Icon download succeeded: 
2018-03-15_18-43-45-7349 Icon download succeeded: 
2018-03-15_18-43-45-7354 Icon download succeeded: 
2018-03-15_18-43-45-7354 Icon download succeeded: 
2018-03-15_18-43-45-7354 Icon download succeeded: 
2018-03-15_18-43-45-7354 Icon download succeeded: 
2018-03-15_18-43-45-7359 Icon download succeeded: 
2018-03-15_18-43-45-7359 Icon download succeeded: 
2018-03-15_18-43-45-7359 Icon download succeeded: 
2018-03-15_18-43-45-7359 Icon download succeeded: 
2018-03-15_18-43-45-7364 Icon download succeeded: 
2018-03-15_18-43-45-7364 Icon download succeeded: 
2018-03-15_18-43-45-7364 Icon download succeeded: 
2018-03-15_18-43-45-7369 All icons downloaded ...
2018-03-15_18-43-45-7369 [BstIconLoader] Queued works all done, thread exit ...
