2018-03-13_17-44-36-6604 Json file loaded: ../../../../config/setting.json
2018-03-13_17-44-36-7085 Json file loaded: ../../../../database/costume/data/data.json
2018-03-13_17-44-36-7095 Json file loaded: ../../../../database/costume/data/data_invalid.json
2018-03-13_17-44-36-7807 Json file loaded: ../../../../database/attach/data/data.json
2018-03-13_17-44-36-7807 Json file loaded: ../../../../database/attach/data/data_invalid.json
2018-03-13_17-44-36-8399 Json file loaded: ../../../../database/weapon/data/data.json
2018-03-13_17-44-36-8399 Json file loaded: ../../../../database/weapon/data/data_invalid.json
2018-03-13_17-44-36-8461 Json file loaded: ../../config/i18n-zh_CN.json
2018-03-13_17-44-36-9525 [App] BladeSoulTool App start ...
2018-03-13_17-44-36-9962 Json file loaded: ../../../../database/costume/data/origin.json
2018-03-13_17-44-37-0551 开始加载数据列表数据 ...
2018-03-13_17-44-37-0759 [BstManager] GetCostumeDataByRace: 0
2018-03-13_17-44-37-1109 数据列表加载完成，开始加载图片 ...
2018-03-13_17-44-37-1120 图片下载完成：
2018-03-13_17-44-37-8850 图片下载完成：https://raw.githubusercontent.com/agreatfool/BladeSoulTool/master/database/icon/png-cps/Costume_20001_KunN.png
2018-03-13_17-44-38-2141 图片下载完成：https://raw.githubusercontent.com/agreatfool/BladeSoulTool/master/database/icon/png-cps/costume_21001_col1_All.png
2018-03-13_17-44-38-5213 图片下载完成：https://raw.githubusercontent.com/agreatfool/BladeSoulTool/master/database/icon/png-cps/costume_50002_JinM_col1.png
2018-03-13_17-44-38-8275 图片下载完成：https://raw.githubusercontent.com/agreatfool/BladeSoulTool/master/database/icon/png-cps/costume_50002_JinM_col2.png
2018-03-13_17-44-39-1373 图片下载完成：https://raw.githubusercontent.com/agreatfool/BladeSoulTool/master/database/icon/png-cps/Costume_50002_KunN.png
2018-03-13_17-44-39-4480 图片下载完成：https://raw.githubusercontent.com/agreatfool/BladeSoulTool/master/database/icon/png-cps/Costume_53002_JinM.png
2018-03-13_17-44-39-7558 图片下载完成：https://raw.githubusercontent.com/agreatfool/BladeSoulTool/master/database/icon/png-cps/Costume_22001_JinM.png
2018-03-13_17-44-40-0628 图片下载完成：https://raw.githubusercontent.com/agreatfool/BladeSoulTool/master/database/icon/png-cps/costume_11001_col1_All.png
2018-03-13_17-44-40-1780 [App] Switch to tab: 3
2018-03-13_17-44-40-3756 图片下载完成：https://raw.githubusercontent.com/agreatfool/BladeSoulTool/master/database/icon/png-cps/costume_80001_col1_All.png
2018-03-13_17-44-40-6879 图片下载完成：https://raw.githubusercontent.com/agreatfool/BladeSoulTool/master/database/icon/png-cps/costume_80001_col2_All.png
2018-03-13_17-44-40-9997 图片下载完成：https://raw.githubusercontent.com/agreatfool/BladeSoulTool/master/database/icon/png-cps/costume_53001_JinM_col1.png
2018-03-13_17-44-41-3114 图片下载完成：https://raw.githubusercontent.com/agreatfool/BladeSoulTool/master/database/icon/png-cps/Costume_53001_JinM_col2.png
2018-03-13_17-44-41-6312 图片下载完成：https://raw.githubusercontent.com/agreatfool/BladeSoulTool/master/database/icon/png-cps/costume_80007_col1_KunN.png
2018-03-13_17-44-36-6604 Json file loaded: ../../../../config/setting.json
2018-03-13_17-44-36-7085 Json file loaded: ../../../../database/costume/data/data.json
2018-03-13_17-44-36-7095 Json file loaded: ../../../../database/costume/data/data_invalid.json
2018-03-13_17-44-36-7807 Json file loaded: ../../../../database/attach/data/data.json
2018-03-13_17-44-36-7807 Json file loaded: ../../../../database/attach/data/data_invalid.json
2018-03-13_17-44-36-8399 Json file loaded: ../../../../database/weapon/data/data.json
2018-03-13_17-44-36-8399 Json file loaded: ../../../../database/weapon/data/data_invalid.json
2018-03-13_17-44-36-8461 Json file loaded: ../../config/i18n-zh_CN.json
2018-03-13_17-44-36-9525 [App] BladeSoulTool App start ...
2018-03-13_17-44-36-9962 Json file loaded: ../../../../database/costume/data/origin.json
2018-03-13_17-44-37-0551 开始加载数据列表数据 ...
2018-03-13_17-44-37-0759 [BstManager] GetCostumeDataByRace: 0
2018-03-13_17-44-37-1109 数据列表加载完成，开始加载图片 ...
2018-03-13_17-44-37-1120 图片下载完成：
2018-03-13_17-44-37-8850 图片下载完成：https://raw.githubusercontent.com/agreatfool/BladeSoulTool/master/database/icon/png-cps/Costume_20001_KunN.png
2018-03-13_17-44-38-2141 图片下载完成：https://raw.githubusercontent.com/agreatfool/BladeSoulTool/master/database/icon/png-cps/costume_21001_col1_All.png
2018-03-13_17-44-38-5213 图片下载完成：https://raw.githubusercontent.com/agreatfool/BladeSoulTool/master/database/icon/png-cps/costume_50002_JinM_col1.png
2018-03-13_17-44-38-8275 图片下载完成：https://raw.githubusercontent.com/agreatfool/BladeSoulTool/master/database/icon/png-cps/costume_50002_JinM_col2.png
2018-03-13_17-44-39-1373 图片下载完成：https://raw.githubusercontent.com/agreatfool/BladeSoulTool/master/database/icon/png-cps/Costume_50002_KunN.png
2018-03-13_17-44-39-4480 图片下载完成：https://raw.githubusercontent.com/agreatfool/BladeSoulTool/master/database/icon/png-cps/Costume_53002_JinM.png
2018-03-13_17-44-39-7558 图片下载完成：https://raw.githubusercontent.com/agreatfool/BladeSoulTool/master/database/icon/png-cps/Costume_22001_JinM.png
2018-03-13_17-44-40-0628 图片下载完成：https://raw.githubusercontent.com/agreatfool/BladeSoulTool/master/database/icon/png-cps/costume_11001_col1_All.png
2018-03-13_17-44-40-1780 [App] Switch to tab: 3
2018-03-13_17-44-40-3756 图片下载完成：https://raw.githubusercontent.com/agreatfool/BladeSoulTool/master/database/icon/png-cps/costume_80001_col1_All.png
2018-03-13_17-44-40-6879 图片下载完成：https://raw.githubusercontent.com/agreatfool/BladeSoulTool/master/database/icon/png-cps/costume_80001_col2_All.png
2018-03-13_17-44-40-9997 图片下载完成：https://raw.githubusercontent.com/agreatfool/BladeSoulTool/master/database/icon/png-cps/costume_53001_JinM_col1.png
2018-03-13_17-44-41-3114 图片下载完成：https://raw.githubusercontent.com/agreatfool/BladeSoulTool/master/database/icon/png-cps/Costume_53001_JinM_col2.png
2018-03-13_17-44-41-6312 图片下载完成：https://raw.githubusercontent.com/agreatfool/BladeSoulTool/master/database/icon/png-cps/costume_80007_col1_KunN.png
2018-03-13_17-44-41-9363 图片下载完成：https://raw.githubusercontent.com/agreatfool/BladeSoulTool/master/database/icon/png-cps/Costume_11002_KunN.png
2018-03-13_17-44-42-2480 图片下载完成：https://raw.githubusercontent.com/agreatfool/BladeSoulTool/master/database/icon/png-cps/costume_56001_col1_All.png
2018-03-13_17-44-42-5602 图片下载完成：https://raw.githubusercontent.com/agreatfool/BladeSoulTool/master/database/icon/png-cps/costume_40001_col1_All.png
2018-03-13_17-44-42-8670 图片下载完成：https://raw.githubusercontent.com/agreatfool/BladeSoulTool/master/database/icon/png-cps/costume_40004_JinM_col1.png
2018-03-13_17-44-43-1916 图片下载完成：https://raw.githubusercontent.com/agreatfool/BladeSoulTool/master/database/icon/png-cps/Costume_40004_All.png
2018-03-13_17-44-43-5141 图片下载完成：https://raw.githubusercontent.com/agreatfool/BladeSoulTool/master/database/icon/png-cps/costume_40003_col1_All.png
2018-03-13_17-44-43-8211 图片下载完成：https://raw.githubusercontent.com/agreatfool/BladeSoulTool/master/database/icon/png-cps/costume_40003_JinM_col3.png
2018-03-13_17-44-44-1254 图片下载完成：https://raw.githubusercontent.com/agreatfool/BladeSoulTool/master/database/icon/png-cps/Costume_40003_KunN_col2.png
2018-03-13_17-44-44-4312 图片下载完成：https://raw.githubusercontent.com/agreatfool/BladeSoulTool/master/database/icon/png-cps/costume_40003_JinM_col4.png
2018-03-13_17-44-44-7376 图片下载完成：https://raw.githubusercontent.com/agreatfool/BladeSoulTool/master/database/icon/png-cps/Costume_40002_All.png
2018-03-13_17-44-45-0544 图片下载完成：https://raw.githubusercontent.com/agreatfool/BladeSoulTool/master/database/icon/png-cps/Costume_40002_col2_JinM.png
2018-03-13_17-44-45-3602 图片下载完成：https://raw.githubusercontent.com/agreatfool/BladeSoulTool/master/database/icon/png-cps/Costume_40002_col3_JinM.png
2018-03-13_17-44-45-6586 图片下载完成：https://raw.githubusercontent.com/agreatfool/BladeSoulTool/master/database/icon/png-cps/Costume_40002_col5_JinM.png
2018-03-13_17-44-45-9669 图片下载完成：https://raw.githubusercontent.com/agreatfool/BladeSoulTool/master/database/icon/png-cps/costume_50001_JinM_col1.png
2018-03-13_17-44-46-2715 图片下载完成：https://raw.githubusercontent.com/agreatfool/BladeSoulTool/master/database/icon/png-cps/Costume_40005_JinM.png
2018-03-13_17-44-46-2715 图片下载完成：https://raw.githubusercontent.com/agreatfool/BladeSoulTool/master/database/icon/png-cps/Costume_40005_JinM.png
2018-03-13_17-44-46-5808 图片下载完成：https://raw.githubusercontent.com/agreatfool/BladeSoulTool/master/database/icon/png-cps/costume_20002_col1_All.png
