Found 32646 game files (699 skipped)
Loading package: 00009034.upk Ver: 573/1 Engine: 4205 Names: 1353 Exports: 5253 Imports: 144 Game: 801A
Loading Texture2D Game_PartyOptionScene_Preview from package 00009034.upk
Loading Texture2D Game_PartyScene_Preview from package 00009034.upk
Loaded in 0.045 sec, 1381 allocs, 0.44 MBytes serialized in 99770 calls.

Object info:
============
ClassName: Texture2D ObjectName: Game_PartyOptionScene_Preview

    SizeX = 256
    SizeY = 256
    Format = PF_DXT1 (5)
    AddressX = TA_Wrap (0)
    AddressY = TA_Wrap (0)
    TextureFileCacheName = None
    MipTailBaseIdx = 0
    bForcePVRTC4 = false
    UnpackMin[4] = { 0, 0, 0, 0 }
    UnpackMax[4] = { 1, 1, 1, 1 }

Object info:
============
ClassName: Texture2D ObjectName: Game_PartyScene_Preview

    SizeX = 256
    SizeY = 256
    Format = PF_DXT1 (5)
    AddressX = TA_Wrap (0)
    AddressY = TA_Wrap (0)
    TextureFileCacheName = None
    MipTailBaseIdx = 0
    bForcePVRTC4 = false
    UnpackMin[4] = { 0, 0, 0, 0 }
    UnpackMax[4] = { 1, 1, 1, 1 }
