Found 32646 game files (699 skipped)
Loading package: 00007159.upk Ver: 573/1 Engine: 4205 Names: 40 Exports: 1 Imports: 12 Game: 801A
Loading MaterialInstanceConstant col1 from package 00007159.upk
Loading package: 00002620.upk Ver: 573/1 Engine: 4205 Names: 573 Exports: 6849 Imports: 96 Game: 801A
Loading Material3 Beard_ghost from package 00002620.upk
Loading package: 00012963.upk Ver: 573/1 Engine: 4205 Names: 1342 Exports: 1316 Imports: 10 Game: 801A
Loading Texture2D check_n from package 00002620.upk
Loading Texture2D Noise_Glass_000 from package 00012963.upk
Loading Texture2D Smoke_Pattern_001 from package 00012963.upk
Loading Texture2D Gradient_Wipe_BurnOut_Mask_TEST from package 00012963.upk
Loading Texture2D Gradient_Wipe_BurnOut_Mask from package 00012963.upk
Loading Texture2D check from package 00002620.upk
Loading Texture2D Gradient_Line_003 from package 00012963.upk
Loaded in 0.073 sec, 2162 allocs, 0.75 MBytes serialized in 155237 calls.

Object info:
============
ClassName: MaterialInstanceConstant ObjectName: col1

    ScalarParameterValues[2] =
    {
        ScalarParameterValues[0] = { ParameterName=Beard_Glossiness, ParameterValue=3 }
        ScalarParameterValues[1] = { ParameterName=Fur_lenght, ParameterValue=1 }
    }
    TextureParameterValues[1] =
    {
        TextureParameterValues[0] = { ParameterName=Face_Diffuse, ParameterValue=None }
    }
    VectorParameterValues[2] =
    {
        VectorParameterValues[0] =
        {
            ParameterName = Beard_Diffuse
            ParameterValue = { R=0.028991, G=0.025371, B=0.019918, A=1 }
        }
        VectorParameterValues[1] =
        {
            ParameterName = Beard_Specular
            ParameterValue = { R=0.084642, G=0.061907, B=0.044553, A=1 }
        }
    }
    Parent = Material3'Beard_ghost'
    FlattenedTexture = None
    MobileBaseTexture = None
    MobileNormalTexture = None
    bUseMobileSpecular = false
    MobileSpecularPower = 16
    MobileSpecularMask = MSM_Constant (0)
    MobileMaskTexture = None
