Found 32646 game files (699 skipped)
Loading package: 00008534.upk Ver: 573/1 Engine: 4205 Names: 819 Exports: 3420 Imports: 110 Game: 801A
Loading Texture2D Game_QuestJournalScene_Preview from package 00008534.upk
Loading Texture2D Game_QuestMappingScene_Preview from package 00008534.upk
Loading Texture2D Game_QuestQuickSlotScene_Preview from package 00008534.upk
Loaded in 0.037 sec, 852 allocs, 0.30 MBytes serialized in 64996 calls.

Object info:
============
ClassName: Texture2D ObjectName: Game_QuestJournalScene_Preview

    SizeX = 256
    SizeY = 256
    Format = PF_DXT1 (5)
    AddressX = TA_Wrap (0)
    AddressY = TA_Wrap (0)
    TextureFileCacheName = None
    MipTailBaseIdx = 0
    bForcePVRTC4 = false
    UnpackMin[4] = { 0, 0, 0, 0 }
    UnpackMax[4] = { 1, 1, 1, 1 }

Object info:
============
ClassName: Texture2D ObjectName: Game_QuestMappingScene_Preview

    SizeX = 256
    SizeY = 256
    Format = PF_DXT1 (5)
    AddressX = TA_Wrap (0)
    AddressY = TA_Wrap (0)
    TextureFileCacheName = None
    MipTailBaseIdx = 0
    bForcePVRTC4 = false
    UnpackMin[4] = { 0, 0, 0, 0 }
    UnpackMax[4] = { 1, 1, 1, 1 }

Object info:
============
ClassName: Texture2D ObjectName: Game_QuestQuickSlotScene_Preview

    SizeX = 256
    SizeY = 256
    Format = PF_DXT1 (5)
    AddressX = TA_Wrap (0)
    AddressY = TA_Wrap (0)
    TextureFileCacheName = None
    MipTailBaseIdx = 0
    bForcePVRTC4 = false
    UnpackMin[4] = { 0, 0, 0, 0 }
    UnpackMax[4] = { 1, 1, 1, 1 }
