Found 32646 game files (699 skipped)
Loading package: 00019624.upk Ver: 573/1 Engine: 4205 Names: 1645 Exports: 5163 Imports: 157 Game: 801A
Loading Texture2D ArenaLobby_DuelScene_Preview from package 00019624.upk
Loading Texture2D ArenaLobby_SpectateDuelListScene_Preview from package 00019624.upk
Loaded in 0.036 sec, 1673 allocs, 0.46 MBytes serialized in 99117 calls.

Object info:
============
ClassName: Texture2D ObjectName: ArenaLobby_DuelScene_Preview

    SizeX = 256
    SizeY = 256
    Format = PF_DXT1 (5)
    AddressX = TA_Wrap (0)
    AddressY = TA_Wrap (0)
    TextureFileCacheName = None
    MipTailBaseIdx = 0
    bForcePVRTC4 = false
    UnpackMin[4] = { 0, 0, 0, 0 }
    UnpackMax[4] = { 1, 1, 1, 1 }

Object info:
============
ClassName: Texture2D ObjectName: ArenaLobby_SpectateDuelListScene_Preview

    SizeX = 256
    SizeY = 256
    Format = PF_DXT1 (5)
    AddressX = TA_Wrap (0)
    AddressY = TA_Wrap (0)
    TextureFileCacheName = None
    MipTailBaseIdx = 0
    bForcePVRTC4 = false
    UnpackMin[4] = { 0, 0, 0, 0 }
    UnpackMax[4] = { 1, 1, 1, 1 }
