Found 32646 game files (699 skipped)
Loading package: 00010504.upk Ver: 573/1 Engine: 4205 Names: 1140 Exports: 33143 Imports: 473 Game: 801A
Loading Material3 Assassin_Tree000_MatM from package 00010504.upk
Loading package: 00007928.upk Ver: 573/1 Engine: 4205 Names: 1136 Exports: 847 Imports: 143 Game: 801A
Loading package: 00012963.upk Ver: 573/1 Engine: 4205 Names: 1342 Exports: 1316 Imports: 10 Game: 801A
Loading Texture2D Assassin_Tree000_N_Tex from package 00007928.upk
Loading Texture2D Assassin_Tree000_D_Tex from package 00007928.upk
Loading Texture2D Assassin_Tree000_S_Tex from package 00007928.upk
Loading Texture2D Noise_002 from package 00012963.upk
Loaded in 0.18 sec, 3767 allocs, 2.63 MBytes serialized in 651585 calls.

Object info:
============
ClassName: Material3 ObjectName: Assassin_Tree000_MatM

    TwoSided = true
    bDisableDepthTest = false
    bIsMasked = true
    ReferencedTextures[4] =
    {
        ReferencedTextures[0] = Texture2D'Material.Assassin_Tree000_N_Tex'
        ReferencedTextures[1] = Texture2D'Material.Assassin_Tree000_D_Tex'
        ReferencedTextures[2] = Texture2D'Material.Assassin_Tree000_S_Tex'
        ReferencedTextures[3] = Texture2D'Noise_002'
    }
    BlendMode = BLEND_Masked (1)
    OpacityMaskClipValue = 0.333
    FlattenedTexture = None
    MobileBaseTexture = None
    MobileNormalTexture = None
    bUseMobileSpecular = false
    MobileSpecularPower = 16
    MobileSpecularMask = MSM_Constant (0)
    MobileMaskTexture = None
