Found 32646 game files (699 skipped)
Loading package: 00015451.upk Ver: 573/1 Engine: 4205 Names: 94 Exports: 18 Imports: 14 Game: 801A
Loading SkeletalMesh3 Cannon from package 00015451.upk
WARNING: ObjectProperty "USkeletalMesh3::PlaySoundSet" was not found
WARNING: ObjectProperty "USkeletalMesh3::ImpactEffect" was not found
WARNING: FloatProperty "USkeletalMesh3::AnimNameHeight" was not found
WARNING: FloatProperty "USkeletalMesh3::NormalNameHeight" was not found
WARNING: FloatProperty "USkeletalMesh3::LowNameHeight" was not found
Loading package: 00015452.upk Ver: 573/1 Engine: 4205 Names: 103 Exports: 1 Imports: 19 Game: 801A
Loading SkeletalMeshSocket SkeletalMeshSocket_259 from package 00015451.upk
Loading MaterialInstanceConstant col1 from package 00015452.upk
Loading package: Env_Object_02.upk Ver: 573/1 Engine: 4205 Names: 1418 Exports: 1197 Imports: 457 Game: 801A
Loading package: 00002640.upk Ver: 573/1 Engine: 4205 Names: 291 Exports: 507 Imports: 3 Game: 801A
Loading package: 00002620.upk Ver: 573/1 Engine: 4205 Names: 573 Exports: 6849 Imports: 96 Game: 801A
Loading Texture2D Env_OldCannon_N from package Env_Object_02.upk
Loading Texture2D Env_OldCannon_D from package Env_Object_02.upk
Loading Texture2D Env_OldCannon_S from package Env_Object_02.upk
Loading TextureCube cube_orb from package 00002640.upk
Loading Texture2D check from package 00002620.upk
Loading Material3 Basic from package 00002620.upk
Loading package: 00012963.upk Ver: 573/1 Engine: 4205 Names: 1342 Exports: 1316 Imports: 10 Game: 801A
Loading Texture2D CubemapFace0 from package 00002640.upk
Loading Texture2D CubemapFace1 from package 00002640.upk
Loading Texture2D CubemapFace2 from package 00002640.upk
Loading Texture2D CubemapFace3 from package 00002640.upk
Loading Texture2D CubemapFace4 from package 00002640.upk
Loading Texture2D CubemapFace5 from package 00002640.upk
Loading Texture2D check_n from package 00002620.upk
Loading Texture2D Smoke_Pattern_001 from package 00012963.upk
Loading Texture2D Gradient_Line_003 from package 00012963.upk
Loading Texture2D Gradient_Wipe_BurnOut_Mask_TEST from package 00012963.upk
Loading Texture2D Gradient_Wipe_BurnOut_Mask from package 00012963.upk
Loaded in 0.19 sec, 4309 allocs, 1.55 MBytes serialized in 271055 calls.

Object info:
============
ClassName: SkeletalMesh3 ObjectName: Cannon

    LODInfo[1] =
    {
        LODInfo[0] =
        {
            DisplayFactor = 0
            LODHysteresis = 0.02
            LODMaterialMap[0] = {}
            bEnableShadowCasting[1] = { true }
        }
    }
    Sockets[1] = { SkeletalMeshSocket'Cannon.SkeletalMeshSocket_259' }
    bHasVertexColors = false
    EnableTwistBoneFixers = true
    EnableClavicleFixer = true
    Materials[1] = { MaterialInstanceConstant'col1' }


    Lods[1] =
    {
        Lods[0] =
        {
            Sections[1] =
            {
                Sections[0] = { Material=MaterialInstanceConstant'col1', FirstIndex=0, NumFaces=1905 }
            }
            NumVerts = 2544
            IndexCount = 5715
            NumTexCoords = 1
        }
    }
    LodCount = 1
    MeshOrigin = { X=-0, Y=-0, Z=-0 }
    MeshScale = { X=1, Y=1, Z=1 }
    RotOrigin = { Yaw=0, Pitch=0, Roll=0 }
    BoneCount = 20

Object info:
============
ClassName: SkeletalMeshSocket ObjectName: SkeletalMeshSocket_259

    SocketName = bodytarget
    BoneName = Dead_Bon02
    RelativeLocation = { X=0, Y=21.1986, Z=-6.75 }
    RelativeRotation = { Yaw=0, Pitch=0, Roll=0 }
    RelativeScale = { X=1, Y=1, Z=1 }
