Found 32646 game files (699 skipped)
Loading package: 00029506.upk Ver: 573/1 Engine: 4205 Names: 23 Exports: 2 Imports: 2 Game: 801A
Loading Texture2D 020023_LynM_col1_D from package 00029506.upk
Loading Texture2D 020023_LynM_col1_S from package 00029506.upk
Loaded in 0.05 sec, 105 allocs, 0.76 MBytes serialized in 556 calls.

Object info:
============
ClassName: Texture2D ObjectName: 020023_LynM_col1_D

    SizeX = 1024
    SizeY = 1024
    Format = PF_DXT5 (7)
    AddressX = TA_Wrap (0)
    AddressY = TA_Wrap (0)
    TextureFileCacheName = None
    MipTailBaseIdx = 10
    bForcePVRTC4 = false
    UnpackMin[4] = { 0, 0, 0, 0 }
    UnpackMax[4] = { 1, 1, 1, 1 }

Object info:
============
ClassName: Texture2D ObjectName: 020023_LynM_col1_S

    SizeX = 1024
    SizeY = 1024
    Format = PF_DXT1 (5)
    AddressX = TA_Wrap (0)
    AddressY = TA_Wrap (0)
    TextureFileCacheName = None
    MipTailBaseIdx = 10
    bForcePVRTC4 = false
    UnpackMin[4] = { 0, 0, 0, 0 }
    UnpackMax[4] = { 1, 1, 1, 1 }
