Found 32646 game files (699 skipped)
Loading package: 00029545.upk Ver: 573/1 Engine: 4205 Names: 24 Exports: 2 Imports: 2 Game: 801A
Loading Texture2D 020027_LynM_col1_D from package 00029545.upk
Loading Texture2D 020027_LynM_col1_S from package 00029545.upk
Loaded in 0.024 sec, 73 allocs, 0.05 MBytes serialized in 386 calls.

Object info:
============
ClassName: Texture2D ObjectName: 020027_LynM_col1_D

    SizeX = 512
    SizeY = 256
    Format = PF_DXT5 (7)
    AddressX = TA_Wrap (0)
    AddressY = TA_Wrap (0)
    TextureFileCacheName = None
    MipTailBaseIdx = 0
    bForcePVRTC4 = false
    UnpackMin[4] = { 0, 0, 0, 0 }
    UnpackMax[4] = { 1, 1, 1, 1 }

Object info:
============
ClassName: Texture2D ObjectName: 020027_LynM_col1_S

    SizeX = 512
    SizeY = 256
    Format = PF_DXT1 (5)
    AddressX = TA_Wrap (0)
    AddressY = TA_Wrap (0)
    TextureFileCacheName = None
    MipTailBaseIdx = 9
    bForcePVRTC4 = false
    UnpackMin[4] = { 0, 0, 0, 0 }
    UnpackMax[4] = { 1, 1, 1, 1 }
