Found 32646 game files (699 skipped)
Loading package: 00022735.upk Ver: 573/1 Engine: 4205 Names: 918 Exports: 4145 Imports: 126 Game: 801A
Loading Texture2D Game_Achievement_Scene_Preview from package 00022735.upk
Loading Texture2D Game_AchievementNotify_Scene_Preview from package 00022735.upk
Loading Texture2D Game_AchievementTooltip_Scene_Preview from package 00022735.upk
Loaded in 0.055 sec, 951 allocs, 0.37 MBytes serialized in 78455 calls.

Object info:
============
ClassName: Texture2D ObjectName: Game_Achievement_Scene_Preview

    SizeX = 256
    SizeY = 256
    Format = PF_DXT1 (5)
    AddressX = TA_Wrap (0)
    AddressY = TA_Wrap (0)
    TextureFileCacheName = None
    MipTailBaseIdx = 0
    bForcePVRTC4 = false
    UnpackMin[4] = { 0, 0, 0, 0 }
    UnpackMax[4] = { 1, 1, 1, 1 }

Object info:
============
ClassName: Texture2D ObjectName: Game_AchievementNotify_Scene_Preview

    SizeX = 256
    SizeY = 256
    Format = PF_DXT1 (5)
    AddressX = TA_Wrap (0)
    AddressY = TA_Wrap (0)
    TextureFileCacheName = None
    MipTailBaseIdx = 0
    bForcePVRTC4 = false
    UnpackMin[4] = { 0, 0, 0, 0 }
    UnpackMax[4] = { 1, 1, 1, 1 }

Object info:
============
ClassName: Texture2D ObjectName: Game_AchievementTooltip_Scene_Preview

    SizeX = 256
    SizeY = 256
    Format = PF_DXT1 (5)
    AddressX = TA_Wrap (0)
    AddressY = TA_Wrap (0)
    TextureFileCacheName = None
    MipTailBaseIdx = 0
    bForcePVRTC4 = false
    UnpackMin[4] = { 0, 0, 0, 0 }
    UnpackMax[4] = { 1, 1, 1, 1 }
