Found 32646 game files (699 skipped)
Loading package: 00026129.upk Ver: 573/1 Engine: 4205 Names: 61 Exports: 12 Imports: 7 Game: 801A
Loading AnimSet SorcererDWolf_Anim from package 00026129.upk
WARNING: BoolProperty "UAnimSet::bServiced" was not found
WARNING: ArrayProperty "UAnimSet::AdjustAniScaleBoneNames" was not found
Loading AnimSequence AnimSequence_0 from package 00026129.upk
WARNING: BoolProperty "UAnimSequence::bServiced" was not found
Loading AnimSequence AnimSequence_1 from package 00026129.upk
WARNING: BoolProperty "UAnimSequence::bServiced" was not found
Loading AnimSequence AnimSequence_2 from package 00026129.upk
WARNING: BoolProperty "UAnimSequence::bServiced" was not found
Loading AnimSequence AnimSequence_3 from package 00026129.upk
WARNING: BoolProperty "UAnimSequence::bServiced" was not found
Loading AnimSequence AnimSequence_4 from package 00026129.upk
WARNING: BoolProperty "UAnimSequence::bServiced" was not found
Loading AnimSequence AnimSequence_5 from package 00026129.upk
WARNING: BoolProperty "UAnimSequence::bServiced" was not found
Loading AnimSequence AnimSequence_6 from package 00026129.upk
WARNING: BoolProperty "UAnimSequence::bServiced" was not found
Loading SkeletalMesh3 SorcererDWolf_mesh from package 00026129.upk
Loading package: 00012892.upk Ver: 573/1 Engine: 4205 Names: 1018 Exports: 5834 Imports: 361 Game: 801A
Loading SkeletalMesh3 SorcererDWolf_mesh01 from package 00026129.upk
Loading StaticMesh3 SorcererDWolfBody__A_Mesh from package 00026129.upk
Loading StaticMesh3 SorcererDWolfBody__B_Mesh from package 00026129.upk
Loading Material3 001_Mesh_Default_MatM from package 00012892.upk
WARNING: BoolProperty "UMaterial3::bAcceptRenderDecal" was not found
Loading package: 00023713.upk Ver: 573/1 Engine: 4205 Names: 101 Exports: 81 Imports: 4 Game: 801A
Loading Texture2D Cube000_Tex from package 00023713.upk
Error: Command failed: umodel.exe -dump -path="E:/Program Files (x86)/NCSOFT/BnS/contents/bns/CookedPC" -game=bns 00026129
******** 00026129 ********
*** unknown member ACF_ZOnlyRLE of enum AnimationCompressionFormat
*** unknown member ACF_ZOnlyRLE of enum AnimationCompressionFormat
*** unknown member ACF_ZOnlyRLE of enum AnimationCompressionFormat
*** unknown member ACF_ZOnlyRLE of enum AnimationCompressionFormat
*** unknown member ACF_ZOnlyRLE of enum AnimationCompressionFormat
*** unknown member ACF_ZOnlyRLE of enum AnimationCompressionFormat
*** unknown member ACF_ZOnlyRLE of enum AnimationCompressionFormat
*** ERROR: Unknown rotation compression method: 255
UAnimSet::ConvertAnims <- PostLoad:SorcererDWolf_Anim <- UObject::EndLoad <- LoadWholePackage:00026129 <- Main


    at ChildProcess.exithandler (child_process.js:275:12)
    at emitTwo (events.js:126:13)
    at ChildProcess.emit (events.js:214:7)
    at maybeClose (internal/child_process.js:925:16)
    at Socket.stream.socket.on (internal/child_process.js:346:11)
    at emitOne (events.js:116:13)
    at Socket.emit (events.js:211:7)
    at Pipe._handle.close [as _onclose] (net.js:567:12)