Found 32646 game files (699 skipped)
Loading package: 00032237.upk Ver: 573/1 Engine: 4205 Names: 1297 Exports: 19010 Imports: 464 Game: 801A
Loading AnimSet MrKHat_AnimSet2 from package 00032237.upk
WARNING: BoolProperty "UAnimSet::bServiced" was not found
WARNING: ArrayProperty "UAnimSet::AdjustAniScaleBoneNames" was not found
Loading AnimSequence AnimSequence_0 from package 00032237.upk
WARNING: BoolProperty "UAnimSequence::bServiced" was not found
WARNING: ByteProperty "UAnimSequence::NamePlateControlMode" was not found
Loading AnimSet MrKHat_AnimSet from package 00032237.upk
WARNING: BoolProperty "UAnimSet::bServiced" was not found
WARNING: ArrayProperty "UAnimSet::AdjustAniScaleBoneNames" was not found
Loading AnimSequence AnimSequence_0 from package 00032237.upk
WARNING: BoolProperty "UAnimSequence::bServiced" was not found
Loading Material3 GlowGray001_MatB_Fakedepth from package 00032237.upk
WARNING: BoolProperty "UMaterial3::bAcceptRenderDecal" was not found
Loading package: 00012963.upk Ver: 573/1 Engine: 4205 Names: 1342 Exports: 1316 Imports: 10 Game: 801A
Loading package: EngineResources.upk Ver: 573/1 Engine: 4205 Names: 151 Exports: 86 Imports: 11 Game: 801A
Loading Material3 KBO2016_Ball_MatB from package 00032237.upk
WARNING: BoolProperty "UMaterial3::bAcceptRenderDecal" was not found
Loading Material3 M01_Start001 from package 00032237.upk
WARNING: BoolProperty "UMaterial3::bAcceptRenderDecal" was not found
Loading Material3 M02_SharpRing001 from package 00032237.upk
Loading Material3 Sakura_DependencyTrailM from package 00032237.upk
Loading Material3 Pet_FireGorillaEvolve_Mat01 from package 00032237.upk
Loading package: Prop_Fire_001.upk Ver: 573/1 Engine: 4205 Names: 291 Exports: 95 Imports: 30 Game: 801A
Loading Material3 Rainbow from package 00032237.upk
Loading Material3 Rudolf_Nose_Mat from package 00032237.upk
WARNING: BoolProperty "UMaterial3::bUsedWithMaterialEffect" was not found
Loading Material3 Rudolf_Snow_Mat from package 00032237.upk
Loading Material3 Yuran_glow_trans from package 00032237.upk
WARNING: BoolProperty "UMaterial3::bAcceptRenderDecal" was not found
Loading Material3 Yuran_Scan002_MatM from package 00032237.upk
WARNING: BoolProperty "UMaterial3::bAcceptRenderDecal" was not found
Loading Material3 Yuran_start01 from package 00032237.upk
WARNING: BoolProperty "UMaterial3::bAcceptRenderDecal" was not found
Loading MaterialInstanceConstant col1 from package 00032237.upk
Loading package: 00002640.upk Ver: 573/1 Engine: 4205 Names: 291 Exports: 507 Imports: 3 Game: 801A
Loading package: 00002620.upk Ver: 573/1 Engine: 4205 Names: 573 Exports: 6849 Imports: 96 Game: 801A
Loading SkeletalMesh3 MrKHat from package 00032237.upk
Loading SkeletalMesh3 MrKHat2 from package 00032237.upk
Loading StaticMesh3 HAT from package 00032237.upk
Loading StaticMesh3 Rain from package 00032237.upk
Loading package: 00012892.upk Ver: 573/1 Engine: 4205 Names: 1018 Exports: 5834 Imports: 361 Game: 801A
Loading StaticMesh3 Rudolf_Nose_SM from package 00032237.upk
Loading StaticMesh3 unicorn_ from package 00032237.upk
Loading Texture2D Gradient_001 from package 00032237.upk
Loading Texture2D KBO2016_ball from package 00032237.upk
Loading Texture2D KBO2016_ball_text from package 00032237.upk
Loading Texture2D MrKEvolve_col1_DMrKEvolve_col1_D from package 00032237.upk
Loading Texture2D MrKEvolve_col1_EMrKEvolve_col1_D from package 00032237.upk
Loading Texture2D MrKEvolve_col1_MMrKEvolve_col1_D from package 00032237.upk
Loading Texture2D MrKEvolve_col1_NMrKEvolve_col1_D from package 00032237.upk
Loading Texture2D MrKEvolve_col1_SMrKEvolve_col1_D from package 00032237.upk
Loading Texture2D Rudolf_Snow_Tex from package 00032237.upk
Loading Texture2D Glow_002 from package 00012963.upk
Loading Texture2D DefaultTexture from package EngineResources.upk
Loading Texture2D Unique_Star_000 from package 00012963.upk
Loading Texture2D Ring_ShockWave_001 from package 00012963.upk
Loading Texture2D Gradient_Color_BlueToPurple_000 from package 00012963.upk
Loading Texture2D Gradient_Trail_002 from package 00012963.upk
Loading Texture2D Gradient_Slash_001_Tex from package 00012963.upk
Loading Texture2D Gradient_Light_Line_000 from package 00012963.upk
Loading Texture2D Noise_Plazma_002 from package 00012963.upk
Loading Texture2D Smoke_Fractal_002 from package 00012963.upk
Loading Texture2D Gradient_Line_001 from package 00012963.upk
Loading Texture2D Glow_Trail_001 from package 00012963.upk
Loading Texture2D Noise_003 from package 00012963.upk
Loading Texture2D Prop_Fire_001_05_Mask1 from package Prop_Fire_001.upk
Loading Texture2D Gradient_Color_Rainbow_000 from package 00012963.upk
Loading Texture2D BG_SandfallNoise_001_D from package 00012963.upk
Loading Texture2D Normal_Stone_000 from package 00012963.upk
WARNING: BoolProperty "UTexture2D::bDisableLoadSwitch" was not found
Loading Texture2D Noise_Wave_000 from package 00012963.upk
Loading Texture2D Glow_Flar_010 from package 00012963.upk
Loading Texture2D Glow_008 from package 00012963.upk
Loading Texture2D Gradient_Beam_005 from package 00012963.upk
Loading Texture2D Normal_Ripple_000 from package 00012963.upk
Loading Texture2D Smoke_005 from package 00012963.upk
Loading TextureCube lenscube from package 00002640.upk
Loading Material3 Basic from package 00002620.upk
Loading Material3 001_Mesh_Default_MatM from package 00012892.upk
WARNING: BoolProperty "UMaterial3::bAcceptRenderDecal" was not found
Loading package: 00023713.upk Ver: 573/1 Engine: 4205 Names: 101 Exports: 81 Imports: 4 Game: 801A
Loading Texture2D CubemapFace0 from package 00002640.upk
Loading Texture2D CubemapFace1 from package 00002640.upk
Loading Texture2D CubemapFace2 from package 00002640.upk
Loading Texture2D CubemapFace3 from package 00002640.upk
Loading Texture2D CubemapFace4 from package 00002640.upk
Loading Texture2D CubemapFace5 from package 00002640.upk
Loading Texture2D check_n from package 00002620.upk
Loading Texture2D check from package 00002620.upk
Loading Texture2D Smoke_Pattern_001 from package 00012963.upk
Loading Texture2D Gradient_Line_003 from package 00012963.upk
Loading Texture2D Gradient_Wipe_BurnOut_Mask_TEST from package 00012963.upk
Loading Texture2D Gradient_Wipe_BurnOut_Mask from package 00012963.upk
Loading Texture2D Cube000_Tex from package 00023713.upk
Error: Command failed: umodel.exe -dump -path="E:/Program Files (x86)/NCSOFT/BnS/contents/bns/CookedPC" -game=bns 00032237
******** 00032237 ********
*** unknown member ACF_ZOnlyRLE of enum AnimationCompressionFormat
*** unknown member ACF_ZOnlyRLE of enum AnimationCompressionFormat
*** ERROR: Unknown rotation compression method: 255
UAnimSet::ConvertAnims <- PostLoad:MrKHat_AnimSet2 <- UObject::EndLoad <- LoadWholePackage:00032237 <- Main


    at ChildProcess.exithandler (child_process.js:275:12)
    at emitTwo (events.js:126:13)
    at ChildProcess.emit (events.js:214:7)
    at maybeClose (internal/child_process.js:925:16)
    at Process.ChildProcess._handle.onexit (internal/child_process.js:209:5)