Found 32646 game files (699 skipped)
Loading package: 00048300.upk Ver: 573/1 Engine: 4205 Names: 251 Exports: 1044 Imports: 74 Game: 801A
Loading Material3 Basic_Fx_Weapon from package 00048300.upk
Loading package: 00002620.upk Ver: 573/1 Engine: 4205 Names: 573 Exports: 6849 Imports: 96 Game: 801A
Loading package: 00012963.upk Ver: 573/1 Engine: 4205 Names: 1342 Exports: 1316 Imports: 10 Game: 801A
Loading Material3 W_MeshDeco01 from package 00048300.upk
WARNING: BoolProperty "UMaterial3::bAcceptRenderDecal" was not found
Loading Material3 W_MeshDeco02 from package 00048300.upk
WARNING: BoolProperty "UMaterial3::bAcceptRenderDecal" was not found
Loading Material3 W_MeshDeco03 from package 00048300.upk
Loading Material3 W_MeshDeco04 from package 00048300.upk
WARNING: BoolProperty "UMaterial3::bAcceptRenderDecal" was not found
Loading Material3 W_MeshDeco05_outline from package 00048300.upk
Loading Material3 W_Meshdeco06_edge from package 00048300.upk
WARNING: BoolProperty "UMaterial3::bAcceptRenderDecal" was not found
Loading Material3 W_Meshdeco07 from package 00048300.upk
Loading Material3 W_Meshdeco08 from package 00048300.upk
WARNING: BoolProperty "UMaterial3::bAcceptRenderDecal" was not found
Loading Material3 W_Meshdeco09 from package 00048300.upk
WARNING: BoolProperty "UMaterial3::bAcceptRenderDecal" was not found
Loading Material3 W_MeshDeco10_Dark from package 00048300.upk
WARNING: BoolProperty "UMaterial3::bAcceptRenderDecal" was not found
Loading Texture2D check_n from package 00002620.upk
Loading Texture2D check from package 00002620.upk
Loading Texture2D Smoke_Pattern_001 from package 00012963.upk
Loading Texture2D Gradient_Line_003 from package 00012963.upk
Loading Texture2D Gradient_Wipe_BurnOut_Mask_TEST from package 00012963.upk
Loading Texture2D Gradient_Wipe_BurnOut_Mask from package 00012963.upk
Loading Texture2D Noise_006 from package 00012963.upk
Loading Texture2D Noise_Plazma_002 from package 00012963.upk
Loading Texture2D Gradient_Line_R from package 00012963.upk
Loading Texture2D Ref_Cool from package 00012963.upk
Loading Texture2D Unique_Stone_001 from package 00012963.upk
Loading Texture2D Gradient_Flow_000 from package 00012963.upk
Loading Texture2D Noise_013 from package 00012963.upk
Loading Texture2D Noise_005 from package 00012963.upk
Loading Texture2D Noise_Wave_000 from package 00012963.upk
Loading Texture2D Gradient_Color_RedToOrange_000 from package 00012963.upk
Loading Texture2D Gradient_Color_Rainbow_004 from package 00012963.upk
Loading Texture2D Dragon_body_outside_NRM from package 00012963.upk
WARNING: BoolProperty "UTexture2D::bDisableLoadSwitch" was not found
Loading Texture2D Normal_Noise_000 from package 00012963.upk
WARNING: BoolProperty "UTexture2D::bDisableLoadSwitch" was not found
Loading Texture2D Gradient_004 from package 00012963.upk
Loading Texture2D Gradient_Beam_001 from package 00012963.upk
Loading Texture2D Fire_Blending_Pattern_Tex_Big3 from package 00012963.upk
Loading Texture2D Water_001_01_N_Wave3 from package 00012963.upk
Loading Texture2D Gradient_Line_005 from package 00012963.upk
Loading Texture2D Noise_Glass_000 from package 00012963.upk
Loading Texture2D Normal_Stone_001 from package 00012963.upk
WARNING: BoolProperty "UTexture2D::bDisableLoadSwitch" was not found
Loading TextureCube Illusion_cube_1 from package 00012963.upk
Loading Texture2D Noise_017 from package 00012963.upk
Loading Texture2D CubemapFace0 from package 00012963.upk
Loading Texture2D CubemapFace1 from package 00012963.upk
Loading Texture2D CubemapFace2 from package 00012963.upk
Loading Texture2D CubemapFace3 from package 00012963.upk
Loading Texture2D CubemapFace4 from package 00012963.upk
Loading Texture2D CubemapFace5 from package 00012963.upk
Loaded in 0.26 sec, 3097 allocs, 1.30 MBytes serialized in 180157 calls.

Object info:
============
ClassName: Material3 ObjectName: Basic_Fx_Weapon

    TwoSided = true
    bDisableDepthTest = false
    bIsMasked = true
    ReferencedTextures[6] =
    {
        ReferencedTextures[0] = Texture2D'check_n'
        ReferencedTextures[1] = Texture2D'check'
        ReferencedTextures[2] = Texture2D'Smoke_Pattern_001'
        ReferencedTextures[3] = Texture2D'Gradient_Line_003'
        ReferencedTextures[4] = Texture2D'Gradient_Wipe_BurnOut_Mask_TEST'
        ReferencedTextures[5] = Texture2D'Gradient_Wipe_BurnOut_Mask'
    }
    BlendMode = BLEND_Masked (1)
    OpacityMaskClipValue = 0.333
    FlattenedTexture = None
    MobileBaseTexture = None
    MobileNormalTexture = None
    bUseMobileSpecular = false
    MobileSpecularPower = 16
    MobileSpecularMask = MSM_Constant (0)
    MobileMaskTexture = None

Object info:
============
ClassName: Material3 ObjectName: W_MeshDeco01

    TwoSided = false
    bDisableDepthTest = false
    bIsMasked = false
    ReferencedTextures[8] =
    {
        ReferencedTextures[0] = Texture2D'Noise_006'
        ReferencedTextures[1] = Texture2D'Noise_Plazma_002'
        ReferencedTextures[2] = Texture2D'Gradient_Line_R'
        ReferencedTextures[3] = Texture2D'Ref_Cool'
        ReferencedTextures[4] = Texture2D'Unique_Stone_001'
        ReferencedTextures[5] = Texture2D'Gradient_Flow_000'
        ReferencedTextures[6] = Texture2D'Noise_013'
        ReferencedTextures[7] = Texture2D'check'
    }
    BlendMode = BLEND_Additive (3)
    OpacityMaskClipValue = 0.333
    FlattenedTexture = None
    MobileBaseTexture = None
    MobileNormalTexture = None
    bUseMobileSpecular = false
    MobileSpecularPower = 16
    MobileSpecularMask = MSM_Constant (0)
    MobileMaskTexture = None

Object info:
============
ClassName: Material3 ObjectName: W_MeshDeco02

    TwoSided = false
    bDisableDepthTest = false
    bIsMasked = false
    ReferencedTextures[8] =
    {
        ReferencedTextures[0] = Texture2D'Noise_006'
        ReferencedTextures[1] = Texture2D'Noise_Plazma_002'
        ReferencedTextures[2] = Texture2D'Gradient_Line_R'
        ReferencedTextures[3] = Texture2D'Ref_Cool'
        ReferencedTextures[4] = Texture2D'Unique_Stone_001'
        ReferencedTextures[5] = Texture2D'Gradient_Flow_000'
        ReferencedTextures[6] = Texture2D'Noise_013'
        ReferencedTextures[7] = Texture2D'check'
    }
    BlendMode = BLEND_Additive (3)
    OpacityMaskClipValue = 0.333
    FlattenedTexture = None
    MobileBaseTexture = None
    MobileNormalTexture = None
    bUseMobileSpecular = false
    MobileSpecularPower = 16
    MobileSpecularMask = MSM_Constant (0)
    MobileMaskTexture = None

Object info:
============
ClassName: Material3 ObjectName: W_MeshDeco03

    TwoSided = false
    bDisableDepthTest = false
    bIsMasked = false
    ReferencedTextures[5] =
    {
        ReferencedTextures[0] = Texture2D'Noise_005'
        ReferencedTextures[1] = Texture2D'Noise_006'
        ReferencedTextures[2] = Texture2D'Noise_Wave_000'
        ReferencedTextures[3] = Texture2D'Unique_Stone_001'
        ReferencedTextures[4] = Texture2D'check'
    }
    BlendMode = BLEND_Additive (3)
    OpacityMaskClipValue = 0.333
    FlattenedTexture = None
    MobileBaseTexture = None
    MobileNormalTexture = None
    bUseMobileSpecular = false
    MobileSpecularPower = 16
    MobileSpecularMask = MSM_Constant (0)
    MobileMaskTexture = None

Object info:
============
ClassName: Material3 ObjectName: W_MeshDeco04

    TwoSided = false
    bDisableDepthTest = false
    bIsMasked = false
    ReferencedTextures[9] =
    {
        ReferencedTextures[0] = Texture2D'Gradient_Color_RedToOrange_000'
        ReferencedTextures[1] = Texture2D'Gradient_Color_Rainbow_004'
        ReferencedTextures[2] = Texture2D'Noise_006'
        ReferencedTextures[3] = Texture2D'Ref_Cool'
        ReferencedTextures[4] = Texture2D'Unique_Stone_001'
        ReferencedTextures[5] = Texture2D'Noise_Plazma_002'
        ReferencedTextures[6] = Texture2D'Gradient_Line_R'
        ReferencedTextures[7] = Texture2D'Noise_013'
        ReferencedTextures[8] = Texture2D'check'
    }
    BlendMode = BLEND_Additive (3)
    OpacityMaskClipValue = 0.333
    FlattenedTexture = None
    MobileBaseTexture = None
    MobileNormalTexture = None
    bUseMobileSpecular = false
    MobileSpecularPower = 16
    MobileSpecularMask = MSM_Constant (0)
    MobileMaskTexture = None

Object info:
============
ClassName: Material3 ObjectName: W_MeshDeco05_outline

    TwoSided = false
    bDisableDepthTest = false
    bIsMasked = false
    ReferencedTextures[5] =
    {
        ReferencedTextures[0] = Texture2D'Noise_005'
        ReferencedTextures[1] = Texture2D'Noise_006'
        ReferencedTextures[2] = Texture2D'Noise_Wave_000'
        ReferencedTextures[3] = Texture2D'Unique_Stone_001'
        ReferencedTextures[4] = Texture2D'check'
    }
    BlendMode = BLEND_Additive (3)
    OpacityMaskClipValue = 0.333
    FlattenedTexture = None
    MobileBaseTexture = None
    MobileNormalTexture = None
    bUseMobileSpecular = false
    MobileSpecularPower = 16
    MobileSpecularMask = MSM_Constant (0)
    MobileMaskTexture = None

Object info:
============
ClassName: Material3 ObjectName: W_Meshdeco06_edge

    TwoSided = false
    bDisableDepthTest = false
    bIsMasked = false
    ReferencedTextures[6] =
    {
        ReferencedTextures[0] = Texture2D'Dragon_body_outside_NRM'
        ReferencedTextures[1] = Texture2D'Normal_Noise_000'
        ReferencedTextures[2] = Texture2D'Noise_006'
        ReferencedTextures[3] = Texture2D'Ref_Cool'
        ReferencedTextures[4] = Texture2D'Gradient_004'
        ReferencedTextures[5] = Texture2D'Gradient_Beam_001'
    }
    BlendMode = BLEND_Additive (3)
    OpacityMaskClipValue = 0.333
    FlattenedTexture = None
    MobileBaseTexture = None
    MobileNormalTexture = None
    bUseMobileSpecular = false
    MobileSpecularPower = 16
    MobileSpecularMask = MSM_Constant (0)
    MobileMaskTexture = None

Object info:
============
ClassName: Material3 ObjectName: W_Meshdeco07

    TwoSided = false
    bDisableDepthTest = false
    bIsMasked = false
    ReferencedTextures[9] =
    {
        ReferencedTextures[0] = Texture2D'Fire_Blending_Pattern_Tex_Big3'
        ReferencedTextures[1] = Texture2D'Water_001_01_N_Wave3'
        ReferencedTextures[2] = Texture2D'Noise_Wave_000'
        ReferencedTextures[3] = Texture2D'Smoke_Pattern_001'
        ReferencedTextures[4] = Texture2D'Gradient_Line_005'
        ReferencedTextures[5] = Texture2D'check'
        ReferencedTextures[6] = Texture2D'Noise_Glass_000'
        ReferencedTextures[7] = Texture2D'Normal_Stone_001'
        ReferencedTextures[8] = TextureCube'Illusion_cube_1'
    }
    BlendMode = BLEND_Additive (3)
    OpacityMaskClipValue = 0.333
    FlattenedTexture = None
    MobileBaseTexture = None
    MobileNormalTexture = None
    bUseMobileSpecular = false
    MobileSpecularPower = 16
    MobileSpecularMask = MSM_Constant (0)
    MobileMaskTexture = None

Object info:
============
ClassName: Material3 ObjectName: W_Meshdeco08

    TwoSided = false
    bDisableDepthTest = false
    bIsMasked = false
    ReferencedTextures[11] =
    {
        ReferencedTextures[0] = Texture2D'check'
        ReferencedTextures[1] = Texture2D'Smoke_Pattern_001'
        ReferencedTextures[2] = Texture2D'Unique_Stone_001'
        ReferencedTextures[3] = Texture2D'Gradient_Line_003'
        ReferencedTextures[4] = Texture2D'Noise_005'
        ReferencedTextures[5] = Texture2D'Noise_006'
        ReferencedTextures[6] = Texture2D'Noise_Wave_000'
        ReferencedTextures[7] = Texture2D'Noise_Plazma_002'
        ReferencedTextures[8] = Texture2D'Gradient_Line_R'
        ReferencedTextures[9] = Texture2D'Ref_Cool'
        ReferencedTextures[10] = Texture2D'Noise_013'
    }
    BlendMode = BLEND_Additive (3)
    OpacityMaskClipValue = 0.333
    FlattenedTexture = None
    MobileBaseTexture = None
    MobileNormalTexture = None
    bUseMobileSpecular = false
    MobileSpecularPower = 16
    MobileSpecularMask = MSM_Constant (0)
    MobileMaskTexture = None

Object info:
============
ClassName: Material3 ObjectName: W_Meshdeco09

    TwoSided = false
    bDisableDepthTest = false
    bIsMasked = false
    ReferencedTextures[9] =
    {
        ReferencedTextures[0] = Texture2D'Noise_006'
        ReferencedTextures[1] = Texture2D'Ref_Cool'
        ReferencedTextures[2] = Texture2D'Unique_Stone_001'
        ReferencedTextures[3] = Texture2D'Gradient_Flow_000'
        ReferencedTextures[4] = Texture2D'Noise_Plazma_002'
        ReferencedTextures[5] = Texture2D'Gradient_Line_R'
        ReferencedTextures[6] = Texture2D'Noise_013'
        ReferencedTextures[7] = Texture2D'Noise_017'
        ReferencedTextures[8] = Texture2D'check'
    }
    BlendMode = BLEND_Additive (3)
    OpacityMaskClipValue = 0.333
    FlattenedTexture = None
    MobileBaseTexture = None
    MobileNormalTexture = None
    bUseMobileSpecular = false
    MobileSpecularPower = 16
    MobileSpecularMask = MSM_Constant (0)
    MobileMaskTexture = None

Object info:
============
ClassName: Material3 ObjectName: W_MeshDeco10_Dark

    TwoSided = false
    bDisableDepthTest = false
    bIsMasked = false
    ReferencedTextures[7] =
    {
        ReferencedTextures[0] = Texture2D'Noise_006'
        ReferencedTextures[1] = Texture2D'Ref_Cool'
        ReferencedTextures[2] = Texture2D'Unique_Stone_001'
        ReferencedTextures[3] = Texture2D'Gradient_Flow_000'
        ReferencedTextures[4] = Texture2D'Noise_Plazma_002'
        ReferencedTextures[5] = Texture2D'Gradient_Line_R'
        ReferencedTextures[6] = Texture2D'Noise_013'
    }
    BlendMode = BLEND_Translucent (2)
    OpacityMaskClipValue = 0.333
    FlattenedTexture = None
    MobileBaseTexture = None
    MobileNormalTexture = None
    bUseMobileSpecular = false
    MobileSpecularPower = 16
    MobileSpecularMask = MSM_Constant (0)
    MobileMaskTexture = None
