Found 32646 game files (699 skipped)
Loading package: 00048298.upk Ver: 573/1 Engine: 4205 Names: 287 Exports: 900 Imports: 100 Game: 801A
Loading Material3 01 from package 00048298.upk
Loading package: 00012963.upk Ver: 573/1 Engine: 4205 Names: 1342 Exports: 1316 Imports: 10 Game: 801A
Loading Material3 AncientMechaGuardian_Bash from package 00048298.upk
Loading package: Cine_Effect_TEXTURE.upk Ver: 573/1 Engine: 4205 Names: 293 Exports: 262 Imports: 4 Game: 801A
Loading Material3 AncientMechaGuardian_DeathFloor2_mat from package 00048298.upk
Loading Material3 AncientMechaGuardian_DeathFloor_bk from package 00048298.upk
WARNING: BoolProperty "UMaterial3::bUsedWithMaterialEffect" was not found
Loading Material3 AncientMechaGuardian_DeathFloor_mat from package 00048298.upk
WARNING: BoolProperty "UMaterial3::bAcceptRenderDecal" was not found
Loading Material3 AncientMechaGuardian_DrillPierce_Mat from package 00048298.upk
WARNING: BoolProperty "UMaterial3::bAcceptRenderDecal" was not found
Loading package: EngineResources.upk Ver: 573/1 Engine: 4205 Names: 151 Exports: 86 Imports: 11 Game: 801A
Loading Material3 AncientMechaGuardian_LineLaser from package 00048298.upk
Loading Material3 AncientMechaGuardian_PlaneLaserA_Mat from package 00048298.upk
WARNING: StructProperty "UMaterial3::WorldPositionOffset" was not found
WARNING: BoolProperty "UMaterial3::bAcceptRenderDecal" was not found
Loading package: 00023713.upk Ver: 573/1 Engine: 4205 Names: 101 Exports: 81 Imports: 4 Game: 801A
Loading Material3 AncientMechaGuardian_symbol2_Mat from package 00048298.upk
WARNING: BoolProperty "UMaterial3::bUsedWithMaterialEffect" was not found
Loading Material3 AncientMechaGuardian_symbol_Mat from package 00048298.upk
WARNING: BoolProperty "UMaterial3::bUsedWithMaterialEffect" was not found
Loading Material3 AncientMechaGuardian_symbol_MatM from package 00048298.upk
WARNING: BoolProperty "UMaterial3::bUsedWithMaterialEffect" was not found
Loading Material3 AncientMechaGuardian_trail2_MatM from package 00048298.upk
Loading Material3 AncientMechaGuardian_trail_matM from package 00048298.upk
Loading Material3 AncientMechaGuardianMissile_PlaneLaser from package 00048298.upk
WARNING: BoolProperty "UMaterial3::bAcceptRenderDecal" was not found
Loading Material3 AncientMechaGuardianMissile_PlaneLaser2 from package 00048298.upk
WARNING: BoolProperty "UMaterial3::bAcceptRenderDecal" was not found
Loading MaterialInstanceConstant AncientMechaGuardian_PlaneLaserA_MI from package 00048298.upk
Loading MaterialInstanceConstant AncientMechaGuardian_PlaneLaserB_MI from package 00048298.upk
Loading MaterialInstanceConstant AncientMechaGuardian_PlaneLaserC_MI from package 00048298.upk
Loading MaterialInstanceConstant AncientMechaGuardian_symbol2_Mat_INST from package 00048298.upk
Loading MaterialInstanceConstant AncientMechaGuardian_symbol2_Mat_INST2 from package 00048298.upk
Loading MaterialInstanceConstant AncientMechaGuardian_symbol2_Mat_INST3 from package 00048298.upk
Loading MaterialInstanceConstant AncientMechamonk_Square_Mat1_INST from package 00048298.upk
Loading package: 00048297.upk Ver: 573/1 Engine: 4205 Names: 261 Exports: 1134 Imports: 91 Game: 801A
Loading MaterialInstanceConstant DemonBoss_LaserDecal_Dragon_Normal_MI from package 00048298.upk
Loading package: 00012850.upk Ver: 573/1 Engine: 4205 Names: 1874 Exports: 30589 Imports: 696 Game: 801A
Loading StaticMesh3 AncientMechaGuardian_SymbolFloor_SM from package 00048298.upk
Loading package: 00012892.upk Ver: 573/1 Engine: 4205 Names: 1018 Exports: 5834 Imports: 361 Game: 801A
Loading StaticMesh3 AncientMechaGuardian_SymbolWall_SM from package 00048298.upk
Loading StaticMesh3 AncientMechaGuardian_WallSide_SM from package 00048298.upk
Loading StaticMesh3 AncientMechaGuardian_wallsignal_sm from package 00048298.upk
Loading StaticMesh3 RuneMechaTombSoldier_Bullet from package 00048298.upk
Loading Texture2D AncientMechaGuardian_DeathFloor_tex from package 00048298.upk
Loading Texture2D AncientMechaGuardian_Naryu001_tex from package 00048298.upk
Loading Texture2D AncientMechaGuardian_Naryu002_tex from package 00048298.upk
Loading Texture2D AncientMechaGuardian_Naryu003_tex from package 00048298.upk
Loading Texture2D AncientMechaGuardian_planeA from package 00048298.upk
Loading Texture2D AncientMechaGuardian_planeB from package 00048298.upk
Loading Texture2D AncientMechaGuardian_planeC from package 00048298.upk
Loading Texture2D AncientMechaGuardian_symbol2 from package 00048298.upk
Loading Texture2D Fx_Naryu_Floor_001_ENV_E from package 00048298.upk
Loading Texture2D Fx_Naryu_Floor_001_ENV_N from package 00048298.upk
Loading Texture2D Barrier_signal from package 00012963.upk
Loading Texture2D NormalWaterfall_N001 from package Cine_Effect_TEXTURE.upk
Loading Texture2D Marble016_Tex from package Cine_Effect_TEXTURE.upk
Loading Texture2D Fire_Tx_m from package Cine_Effect_TEXTURE.upk
Loading Texture2D SystemDecal_Square_box from package 00012963.upk
Loading Texture2D fx_cloud01_tex_577_Dup_1742_Dup_1496 from package Cine_Effect_TEXTURE.upk
Loading Texture2D Cloud_Mask000_Tex from package Cine_Effect_TEXTURE.upk
Loading Texture2D Noise_005 from package 00012963.upk
Loading Texture2D Gradient_Wipe_BurnOut_Mask_TEST from package 00012963.upk
Loading Texture2D Gradient_Line_002 from package 00012963.upk
Loading Texture2D Glow_003 from package 00012963.upk
Loading Texture2D Electric_tile from package 00012963.upk
Loading Texture2D Noise_020 from package 00012963.upk
Loading Texture2D Noise_006 from package 00012963.upk
Loading Texture2D Noise_Wave_000 from package 00012963.upk
Loading Texture2D Aura_Blood_003 from package 00012963.upk
Loading Texture2D Gradient_Color_RedToOrange_000 from package 00012963.upk
Loading Texture2D Gradient_001_Left from package 00012963.upk
Loading Texture2D Gradient_Half_000 from package 00012963.upk
Loading Texture2D Gradient_Line_003 from package 00012963.upk
Loading Texture2D DefaultTexture from package EngineResources.upk
Loading Texture2D Gradient_Line_010_loop from package 00012963.upk
Loading Texture2D Gradient_010 from package 00012963.upk
Loading Texture2D BGFX_NightmareBeamColor_001 from package 00023713.upk
Loading Texture2D Noise_003 from package 00012963.upk
Loading Texture2D Hex000_gra from package 00023713.upk
Loading Texture2D Unique_Bone_N_000 from package 00012963.upk
Loading Texture2D Fire_003 from package 00012963.upk
Loading Texture2D Hex000_Tex from package 00012963.upk
Loading Texture2D Env_Fx_Resin_N from package 00012963.upk
Loading Texture2D Noise_Bubble_000 from package 00012963.upk
Loading Texture2D Noise_010 from package 00012963.upk
Loading Texture2D Electric_Sprite_001 from package 00012963.upk
Loading Texture2D AncientMechaMonk_BoxLine3 from package 00012963.upk
Loading Material3 AncientMechamonk_Square_Mat1 from package 00048297.upk
Loading Material3 DemonBoss_LaserDecal_Dragon_Normal_MatM from package 00012850.upk
WARNING: BoolProperty "UMaterial3::bAcceptRenderDecal" was not found
Loading Material3 001_Mesh_Default_MatM from package 00012892.upk
WARNING: BoolProperty "UMaterial3::bAcceptRenderDecal" was not found
Loading Texture2D SystemDecal_Square_Line from package 00012963.upk
Loading Texture2D Noise_009 from package 00012963.upk
Loading Texture2D Gradient_Line_005 from package 00012963.upk
Loading Texture2D Noise_013 from package 00012963.upk
Loading Texture2D Gradient_Slash_001_Tex from package 00012963.upk
Loading Texture2D Damage02_Fire_Signal_Decal_main08 from package 00012963.upk
Loading Texture2D Dragon_body_outside_NRM from package 00012963.upk
WARNING: BoolProperty "UTexture2D::bDisableLoadSwitch" was not found
Loading Texture2D Decal_Crack_002_Des from package 00012963.upk
Loading Texture2D Aura_Tail_001 from package 00012963.upk
Loading Texture2D Damage02_Fire_Decal_mask3 from package 00012963.upk
Loading Texture2D Cube000_Tex from package 00023713.upk
Loaded in 0.57 sec, 7114 allocs, 5.37 MBytes serialized in 771759 calls.

Object info:
============
ClassName: Material3 ObjectName: 01

    TwoSided = false
    bDisableDepthTest = false
    bIsMasked = false
    ReferencedTextures[1] = { Texture2D'Barrier_signal' }
    BlendMode = BLEND_Additive (3)
    OpacityMaskClipValue = 0.333
    FlattenedTexture = None
    MobileBaseTexture = None
    MobileNormalTexture = None
    bUseMobileSpecular = false
    MobileSpecularPower = 16
    MobileSpecularMask = MSM_Constant (0)
    MobileMaskTexture = None

Object info:
============
ClassName: Material3 ObjectName: AncientMechaGuardian_Bash

    TwoSided = true
    bDisableDepthTest = false
    bIsMasked = false
    ReferencedTextures[6] =
    {
        ReferencedTextures[0] = Texture2D'NormalWaterfall_N001'
        ReferencedTextures[1] = Texture2D'Marble016_Tex'
        ReferencedTextures[2] = Texture2D'Fire_Tx_m'
        ReferencedTextures[3] = Texture2D'SystemDecal_Square_box'
        ReferencedTextures[4] = Texture2D'fx_cloud01_tex_577_Dup_1742_Dup_1496'
        ReferencedTextures[5] = Texture2D'Cloud_Mask000_Tex'
    }
    BlendMode = BLEND_Translucent (2)
    OpacityMaskClipValue = 0.333
    FlattenedTexture = None
    MobileBaseTexture = None
    MobileNormalTexture = None
    bUseMobileSpecular = false
    MobileSpecularPower = 16
    MobileSpecularMask = MSM_Constant (0)
    MobileMaskTexture = None

Object info:
============
ClassName: Material3 ObjectName: AncientMechaGuardian_DeathFloor2_mat

    TwoSided = true
    bDisableDepthTest = false
    bIsMasked = false
    ReferencedTextures[3] =
    {
        ReferencedTextures[0] = Texture2D'Noise_005'
        ReferencedTextures[1] = Texture2D'Gradient_Wipe_BurnOut_Mask_TEST'
        ReferencedTextures[2] = Texture2D'Gradient_Line_002'
    }
    BlendMode = BLEND_Additive (3)
    OpacityMaskClipValue = 0.333
    FlattenedTexture = None
    MobileBaseTexture = None
    MobileNormalTexture = None
    bUseMobileSpecular = false
    MobileSpecularPower = 16
    MobileSpecularMask = MSM_Constant (0)
    MobileMaskTexture = None

Object info:
============
ClassName: Material3 ObjectName: AncientMechaGuardian_DeathFloor_bk

    TwoSided = false
    bDisableDepthTest = false
    bIsMasked = false
    ReferencedTextures[2] = { Texture2D'Glow_003', Texture2D'AncientMechaGuardian_DeathFloor_tex' }
    BlendMode = BLEND_Translucent (2)
    OpacityMaskClipValue = 0.333
    FlattenedTexture = None
    MobileBaseTexture = None
    MobileNormalTexture = None
    bUseMobileSpecular = false
    MobileSpecularPower = 16
    MobileSpecularMask = MSM_Constant (0)
    MobileMaskTexture = None

Object info:
============
ClassName: Material3 ObjectName: AncientMechaGuardian_DeathFloor_mat

    TwoSided = false
    bDisableDepthTest = false
    bIsMasked = false
    ReferencedTextures[5] =
    {
        ReferencedTextures[0] = Texture2D'Electric_tile'
        ReferencedTextures[1] = Texture2D'Noise_020'
        ReferencedTextures[2] = Texture2D'AncientMechaGuardian_DeathFloor_tex'
        ReferencedTextures[3] = Texture2D'Noise_006'
        ReferencedTextures[4] = Texture2D'Noise_005'
    }
    BlendMode = BLEND_Translucent (2)
    OpacityMaskClipValue = 0.333
    FlattenedTexture = None
    MobileBaseTexture = None
    MobileNormalTexture = None
    bUseMobileSpecular = false
    MobileSpecularPower = 16
    MobileSpecularMask = MSM_Constant (0)
    MobileMaskTexture = None

Object info:
============
ClassName: Material3 ObjectName: AncientMechaGuardian_DrillPierce_Mat

    TwoSided = true
    bDisableDepthTest = false
    bIsMasked = false
    ReferencedTextures[7] =
    {
        ReferencedTextures[0] = Texture2D'Noise_Wave_000'
        ReferencedTextures[1] = Texture2D'Aura_Blood_003'
        ReferencedTextures[2] = Texture2D'Gradient_Color_RedToOrange_000'
        ReferencedTextures[3] = Texture2D'Gradient_001_Left'
        ReferencedTextures[4] = Texture2D'Gradient_Half_000'
        ReferencedTextures[5] = Texture2D'Gradient_Line_003'
        ReferencedTextures[6] = Texture2D'DefaultTexture'
    }
    BlendMode = BLEND_Translucent (2)
    OpacityMaskClipValue = 0.333
    FlattenedTexture = None
    MobileBaseTexture = None
    MobileNormalTexture = None
    bUseMobileSpecular = false
    MobileSpecularPower = 16
    MobileSpecularMask = MSM_Constant (0)
    MobileMaskTexture = None

Object info:
============
ClassName: Material3 ObjectName: AncientMechaGuardian_LineLaser

    TwoSided = true
    bDisableDepthTest = false
    bIsMasked = false
    ReferencedTextures[5] =
    {
        ReferencedTextures[0] = Texture2D'Noise_005'
        ReferencedTextures[1] = Texture2D'Gradient_Line_002'
        ReferencedTextures[2] = Texture2D'Gradient_Color_RedToOrange_000'
        ReferencedTextures[3] = Texture2D'Gradient_Line_010_loop'
        ReferencedTextures[4] = Texture2D'Gradient_010'
    }
    BlendMode = BLEND_Additive (3)
    OpacityMaskClipValue = 0.333
    FlattenedTexture = None
    MobileBaseTexture = None
    MobileNormalTexture = None
    bUseMobileSpecular = false
    MobileSpecularPower = 16
    MobileSpecularMask = MSM_Constant (0)
    MobileMaskTexture = None

Object info:
============
ClassName: Material3 ObjectName: AncientMechaGuardian_PlaneLaserA_Mat

    TwoSided = true
    bDisableDepthTest = false
    bIsMasked = false
    ReferencedTextures[5] =
    {
        ReferencedTextures[0] = Texture2D'BGFX_NightmareBeamColor_001'
        ReferencedTextures[1] = Texture2D'Noise_003'
        ReferencedTextures[2] = Texture2D'AncientMechaGuardian_planeA'
        ReferencedTextures[3] = Texture2D'Noise_005'
        ReferencedTextures[4] = Texture2D'Noise_Wave_000'
    }
    BlendMode = BLEND_Additive (3)
    OpacityMaskClipValue = 0.333
    FlattenedTexture = None
    MobileBaseTexture = None
    MobileNormalTexture = None
    bUseMobileSpecular = false
    MobileSpecularPower = 16
    MobileSpecularMask = MSM_Constant (0)
    MobileMaskTexture = None

Object info:
============
ClassName: Material3 ObjectName: AncientMechaGuardian_symbol2_Mat

    TwoSided = false
    bDisableDepthTest = false
    bIsMasked = false
    ReferencedTextures[3] =
    {
        ReferencedTextures[0] = Texture2D'Noise_005'
        ReferencedTextures[1] = Texture2D'Noise_Wave_000'
        ReferencedTextures[2] = Texture2D'AncientMechaGuardian_Naryu001_tex'
    }
    BlendMode = BLEND_Translucent (2)
    OpacityMaskClipValue = 0.333
    FlattenedTexture = None
    MobileBaseTexture = None
    MobileNormalTexture = None
    bUseMobileSpecular = false
    MobileSpecularPower = 16
    MobileSpecularMask = MSM_Constant (0)
    MobileMaskTexture = None

Object info:
============
ClassName: Material3 ObjectName: AncientMechaGuardian_symbol_Mat

    TwoSided = false
    bDisableDepthTest = false
    bIsMasked = false
    ReferencedTextures[3] =
    {
        ReferencedTextures[0] = Texture2D'Noise_005'
        ReferencedTextures[1] = Texture2D'Noise_Wave_000'
        ReferencedTextures[2] = Texture2D'AncientMechaGuardian_symbol2'
    }
    BlendMode = BLEND_Translucent (2)
    OpacityMaskClipValue = 0.333
    FlattenedTexture = None
    MobileBaseTexture = None
    MobileNormalTexture = None
    bUseMobileSpecular = false
    MobileSpecularPower = 16
    MobileSpecularMask = MSM_Constant (0)
    MobileMaskTexture = None

Object info:
============
ClassName: Material3 ObjectName: AncientMechaGuardian_symbol_MatM

    TwoSided = false
    bDisableDepthTest = false
    bIsMasked = false
    ReferencedTextures[3] =
    {
        ReferencedTextures[0] = Texture2D'Noise_005'
        ReferencedTextures[1] = Texture2D'Noise_Wave_000'
        ReferencedTextures[2] = Texture2D'AncientMechaGuardian_symbol2'
    }
    BlendMode = BLEND_Translucent (2)
    OpacityMaskClipValue = 0.333
    FlattenedTexture = None
    MobileBaseTexture = None
    MobileNormalTexture = None
    bUseMobileSpecular = false
    MobileSpecularPower = 16
    MobileSpecularMask = MSM_Constant (0)
    MobileMaskTexture = None

Object info:
============
ClassName: Material3 ObjectName: AncientMechaGuardian_trail2_MatM

    TwoSided = true
    bDisableDepthTest = false
    bIsMasked = false
    ReferencedTextures[4] =
    {
        ReferencedTextures[0] = Texture2D'Hex000_gra'
        ReferencedTextures[1] = Texture2D'Unique_Bone_N_000'
        ReferencedTextures[2] = Texture2D'Fire_003'
        ReferencedTextures[3] = Texture2D'Hex000_Tex'
    }
    BlendMode = BLEND_Additive (3)
    OpacityMaskClipValue = 0.333
    FlattenedTexture = None
    MobileBaseTexture = None
    MobileNormalTexture = None
    bUseMobileSpecular = false
    MobileSpecularPower = 16
    MobileSpecularMask = MSM_Constant (0)
    MobileMaskTexture = None

Object info:
============
ClassName: Material3 ObjectName: AncientMechaGuardian_trail_matM

    TwoSided = true
    bDisableDepthTest = false
    bIsMasked = false
    ReferencedTextures[6] =
    {
        ReferencedTextures[0] = Texture2D'Env_Fx_Resin_N'
        ReferencedTextures[1] = Texture2D'Unique_Bone_N_000'
        ReferencedTextures[2] = Texture2D'Noise_Bubble_000'
        ReferencedTextures[3] = Texture2D'Noise_005'
        ReferencedTextures[4] = Texture2D'Noise_010'
        ReferencedTextures[5] = Texture2D'Electric_Sprite_001'
    }
    BlendMode = BLEND_Additive (3)
    OpacityMaskClipValue = 0.333
    FlattenedTexture = None
    MobileBaseTexture = None
    MobileNormalTexture = None
    bUseMobileSpecular = false
    MobileSpecularPower = 16
    MobileSpecularMask = MSM_Constant (0)
    MobileMaskTexture = None

Object info:
============
ClassName: Material3 ObjectName: AncientMechaGuardianMissile_PlaneLaser

    TwoSided = true
    bDisableDepthTest = false
    bIsMasked = false
    ReferencedTextures[5] =
    {
        ReferencedTextures[0] = Texture2D'Fx_Naryu_Floor_001_ENV_N'
        ReferencedTextures[1] = Texture2D'BGFX_NightmareBeamColor_001'
        ReferencedTextures[2] = Texture2D'Fx_Naryu_Floor_001_ENV_E'
        ReferencedTextures[3] = Texture2D'Noise_005'
        ReferencedTextures[4] = Texture2D'Noise_Wave_000'
    }
    BlendMode = BLEND_Additive (3)
    OpacityMaskClipValue = 0.333
    FlattenedTexture = None
    MobileBaseTexture = None
    MobileNormalTexture = None
    bUseMobileSpecular = false
    MobileSpecularPower = 16
    MobileSpecularMask = MSM_Constant (0)
    MobileMaskTexture = None

Object info:
============
ClassName: Material3 ObjectName: AncientMechaGuardianMissile_PlaneLaser2

    TwoSided = false
    bDisableDepthTest = false
    bIsMasked = false
    ReferencedTextures[5] =
    {
        ReferencedTextures[0] = Texture2D'Fx_Naryu_Floor_001_ENV_N'
        ReferencedTextures[1] = Texture2D'BGFX_NightmareBeamColor_001'
        ReferencedTextures[2] = Texture2D'Fx_Naryu_Floor_001_ENV_E'
        ReferencedTextures[3] = Texture2D'Noise_005'
        ReferencedTextures[4] = Texture2D'Noise_Wave_000'
    }
    BlendMode = BLEND_Additive (3)
    OpacityMaskClipValue = 0.333
    FlattenedTexture = None
    MobileBaseTexture = None
    MobileNormalTexture = None
    bUseMobileSpecular = false
    MobileSpecularPower = 16
    MobileSpecularMask = MSM_Constant (0)
    MobileMaskTexture = None

Object info:
============
ClassName: MaterialInstanceConstant ObjectName: AncientMechaGuardian_PlaneLaserA_MI

    ScalarParameterValues[0] = {}
    TextureParameterValues[0] = {}
    VectorParameterValues[0] = {}
    Parent = Material3'AncientMechaGuardian_PlaneLaserA_Mat'
    FlattenedTexture = None
    MobileBaseTexture = None
    MobileNormalTexture = None
    bUseMobileSpecular = false
    MobileSpecularPower = 16
    MobileSpecularMask = MSM_Constant (0)
    MobileMaskTexture = None

Object info:
============
ClassName: MaterialInstanceConstant ObjectName: AncientMechaGuardian_PlaneLaserB_MI

    ScalarParameterValues[0] = {}
    TextureParameterValues[1] =
    {
        TextureParameterValues[0] =
        {
            ParameterName = Symbol_Texture
            ParameterValue = Texture2D'AncientMechaGuardian_planeB'
        }
    }
    VectorParameterValues[5] =
    {
        VectorParameterValues[0] =
        {
            ParameterName = DecoColor1
            ParameterValue = { R=0.93, G=0.45, B=0.3, A=1 }
        }
        VectorParameterValues[1] =
        {
            ParameterName = DecoColor2
            ParameterValue = { R=6, G=4, B=2, A=1 }
        }
        VectorParameterValues[2] =
        {
            ParameterName = WordColor
            ParameterValue = { R=0.9, G=0.4, B=0.2, A=1 }
        }
        VectorParameterValues[3] =
        {
            ParameterName = WaveColor
            ParameterValue = { R=0.8, G=0.2, B=0.1, A=1 }
        }
        VectorParameterValues[4] =
        {
            ParameterName = BGColor
            ParameterValue = { R=0.932277, G=0.3, B=0.160444, A=1 }
        }
    }
    Parent = Material3'AncientMechaGuardian_PlaneLaserA_Mat'
    FlattenedTexture = None
    MobileBaseTexture = None
    MobileNormalTexture = None
    bUseMobileSpecular = false
    MobileSpecularPower = 16
    MobileSpecularMask = MSM_Constant (0)
    MobileMaskTexture = None

Object info:
============
ClassName: MaterialInstanceConstant ObjectName: AncientMechaGuardian_PlaneLaserC_MI

    ScalarParameterValues[0] = {}
    TextureParameterValues[1] =
    {
        TextureParameterValues[0] =
        {
            ParameterName = Symbol_Texture
            ParameterValue = Texture2D'AncientMechaGuardian_planeC'
        }
    }
    VectorParameterValues[5] =
    {
        VectorParameterValues[0] =
        {
            ParameterName = DecoColor1
            ParameterValue = { R=0.93, G=0.45, B=0.3, A=1 }
        }
        VectorParameterValues[1] =
        {
            ParameterName = DecoColor2
            ParameterValue = { R=6, G=4, B=2, A=1 }
        }
        VectorParameterValues[2] =
        {
            ParameterName = WordColor
            ParameterValue = { R=0.9, G=0.4, B=0.2, A=1 }
        }
        VectorParameterValues[3] =
        {
            ParameterName = WaveColor
            ParameterValue = { R=0.8, G=0.2, B=0.1, A=1 }
        }
        VectorParameterValues[4] =
        {
            ParameterName = BGColor
            ParameterValue = { R=0.932277, G=0.3, B=0.160444, A=1 }
        }
    }
    Parent = Material3'AncientMechaGuardian_PlaneLaserA_Mat'
    FlattenedTexture = None
    MobileBaseTexture = None
    MobileNormalTexture = None
    bUseMobileSpecular = false
    MobileSpecularPower = 16
    MobileSpecularMask = MSM_Constant (0)
    MobileMaskTexture = None

Object info:
============
ClassName: MaterialInstanceConstant ObjectName: AncientMechaGuardian_symbol2_Mat_INST

    ScalarParameterValues[0] = {}
    TextureParameterValues[2] =
    {
        TextureParameterValues[0] = { ParameterName=None, ParameterValue=Texture2D'AncientMechaGuardian_symbol2' }
        TextureParameterValues[1] = { ParameterName=Tex, ParameterValue=Texture2D'AncientMechaGuardian_Naryu002_tex' }
    }
    VectorParameterValues[3] =
    {
        VectorParameterValues[0] =
        {
            ParameterName = color01
            ParameterValue = { R=5, G=5, B=5, A=1 }
        }
        VectorParameterValues[1] =
        {
            ParameterName = color02
            ParameterValue = { R=1, G=1.5, B=2, A=1 }
        }
        VectorParameterValues[2] =
        {
            ParameterName = color03
            ParameterValue = { R=1, G=1, B=1, A=1 }
        }
    }
    Parent = Material3'AncientMechaGuardian_symbol2_Mat'
    FlattenedTexture = None
    MobileBaseTexture = None
    MobileNormalTexture = None
    bUseMobileSpecular = false
    MobileSpecularPower = 16
    MobileSpecularMask = MSM_Constant (0)
    MobileMaskTexture = None

Object info:
============
ClassName: MaterialInstanceConstant ObjectName: AncientMechaGuardian_symbol2_Mat_INST2

    ScalarParameterValues[0] = {}
    TextureParameterValues[2] =
    {
        TextureParameterValues[0] = { ParameterName=None, ParameterValue=Texture2D'AncientMechaGuardian_symbol2' }
        TextureParameterValues[1] = { ParameterName=Tex, ParameterValue=Texture2D'AncientMechaGuardian_Naryu001_tex' }
    }
    VectorParameterValues[3] =
    {
        VectorParameterValues[0] =
        {
            ParameterName = color01
            ParameterValue = { R=5, G=5, B=5, A=1 }
        }
        VectorParameterValues[1] =
        {
            ParameterName = color02
            ParameterValue = { R=1, G=1.5, B=2, A=1 }
        }
        VectorParameterValues[2] =
        {
            ParameterName = color03
            ParameterValue = { R=1, G=1, B=1, A=1 }
        }
    }
    Parent = Material3'AncientMechaGuardian_symbol2_Mat'
    FlattenedTexture = None
    MobileBaseTexture = None
    MobileNormalTexture = None
    bUseMobileSpecular = false
    MobileSpecularPower = 16
    MobileSpecularMask = MSM_Constant (0)
    MobileMaskTexture = None

Object info:
============
ClassName: MaterialInstanceConstant ObjectName: AncientMechaGuardian_symbol2_Mat_INST3

    ScalarParameterValues[0] = {}
    TextureParameterValues[2] =
    {
        TextureParameterValues[0] = { ParameterName=None, ParameterValue=Texture2D'AncientMechaGuardian_symbol2' }
        TextureParameterValues[1] = { ParameterName=Tex, ParameterValue=Texture2D'AncientMechaGuardian_Naryu003_tex' }
    }
    VectorParameterValues[3] =
    {
        VectorParameterValues[0] =
        {
            ParameterName = color01
            ParameterValue = { R=5, G=5, B=5, A=1 }
        }
        VectorParameterValues[1] =
        {
            ParameterName = color02
            ParameterValue = { R=1, G=1.5, B=2, A=1 }
        }
        VectorParameterValues[2] =
        {
            ParameterName = color03
            ParameterValue = { R=1, G=1, B=1, A=1 }
        }
    }
    Parent = Material3'AncientMechaGuardian_symbol2_Mat'
    FlattenedTexture = None
    MobileBaseTexture = None
    MobileNormalTexture = None
    bUseMobileSpecular = false
    MobileSpecularPower = 16
    MobileSpecularMask = MSM_Constant (0)
    MobileMaskTexture = None

Object info:
============
ClassName: MaterialInstanceConstant ObjectName: AncientMechamonk_Square_Mat1_INST

    ScalarParameterValues[0] = {}
    TextureParameterValues[1] =
    {
        TextureParameterValues[0] = { ParameterName=alpha_TEX, ParameterValue=Texture2D'AncientMechaMonk_BoxLine3' }
    }
    VectorParameterValues[6] =
    {
        VectorParameterValues[0] =
        {
            ParameterName = dissolve_alpha
            ParameterValue = { R=1, G=1, B=0, A=1 }
        }
        VectorParameterValues[1] =
        {
            ParameterName = ParmOutlineSize
            ParameterValue = { R=5, G=5, B=1, A=1 }
        }
        VectorParameterValues[2] =
        {
            ParameterName = ParmSize
            ParameterValue = { R=0, G=100, B=100, A=1 }
        }
        VectorParameterValues[3] =
        {
            ParameterName = ParmBackDist
            ParameterValue = { R=0, G=100, B=100, A=1 }
        }
        VectorParameterValues[4] =
        {
            ParameterName = ParmFrontDist
            ParameterValue = { R=0, G=100, B=100, A=1 }
        }
        VectorParameterValues[5] =
        {
            ParameterName = dissolve_color
            ParameterValue = { R=1, G=1, B=1, A=1 }
        }
    }
    Parent = Material3'AncientMechamonk_Square_Mat1'
    FlattenedTexture = None
    MobileBaseTexture = None
    MobileNormalTexture = None
    bUseMobileSpecular = false
    MobileSpecularPower = 16
    MobileSpecularMask = MSM_Constant (0)
    MobileMaskTexture = None

Object info:
============
ClassName: MaterialInstanceConstant ObjectName: DemonBoss_LaserDecal_Dragon_Normal_MI

    ScalarParameterValues[0] = {}
    TextureParameterValues[0] = {}
    VectorParameterValues[0] = {}
    Parent = Material3'DemonBoss_LaserDecal_Dragon_Normal_MatM'
    FlattenedTexture = None
    MobileBaseTexture = None
    MobileNormalTexture = None
    bUseMobileSpecular = false
    MobileSpecularPower = 16
    MobileSpecularMask = MSM_Constant (0)
    MobileMaskTexture = None

Object info:
============
ClassName: StaticMesh3 ObjectName: AncientMechaGuardian_SymbolFloor_SM

    BodySetup = None
    UseSimpleLineCollision = false
    UseSimpleBoxCollision = false
    UseSimpleRigidBodyCollision = false
    UseFullPrecisionUVs = false
    Bounds =
    {
        Origin = { X=198.955, Y=0.00325012, Z=30.2396 }
        BoxExtent = { X=140.24, Y=29.7836, Z=29.9215 }
        SphereRadius = 146.456
    }
    CanCompressPositions = false
    CanStripNormalsAndTangents = false
    InternalVersion = 18


    Lods[1] =
    {
        Lods[0] =
        {
            Sections[1] =
            {
                Sections[0] = { Material=Material3'001_Mesh_Default_MatM', FirstIndex=0, NumFaces=12 }
            }
            NumVerts = 48
            IndexCount = 36
            NumTexCoords = 1
        }
    }
    LodCount = 1

Object info:
============
ClassName: StaticMesh3 ObjectName: AncientMechaGuardian_SymbolWall_SM

    BodySetup = None
    UseSimpleLineCollision = false
    UseSimpleBoxCollision = false
    UseSimpleRigidBodyCollision = false
    UseFullPrecisionUVs = false
    Bounds =
    {
        Origin = { X=199.401, Y=-4.95911e-005, Z=30.203 }
        BoxExtent = { X=199.062, Y=29.7836, Z=29.9215 }
        SphereRadius = 203.489
    }
    CanCompressPositions = false
    CanStripNormalsAndTangents = false
    InternalVersion = 18


    Lods[1] =
    {
        Lods[0] =
        {
            Sections[1] =
            {
                Sections[0] = { Material=Material3'001_Mesh_Default_MatM', FirstIndex=0, NumFaces=12 }
            }
            NumVerts = 48
            IndexCount = 36
            NumTexCoords = 1
        }
    }
    LodCount = 1

Object info:
============
ClassName: StaticMesh3 ObjectName: AncientMechaGuardian_WallSide_SM

    BodySetup = None
    UseSimpleLineCollision = false
    UseSimpleBoxCollision = false
    UseSimpleRigidBodyCollision = false
    UseFullPrecisionUVs = false
    Bounds =
    {
        Origin = { X=199.401, Y=-4.95911e-005, Z=30.203 }
        BoxExtent = { X=199.062, Y=29.7836, Z=29.9215 }
        SphereRadius = 203.489
    }
    CanCompressPositions = false
    CanStripNormalsAndTangents = false
    InternalVersion = 18


    Lods[1] =
    {
        Lods[0] =
        {
            Sections[1] =
            {
                Sections[0] = { Material=Material3'001_Mesh_Default_MatM', FirstIndex=0, NumFaces=8 }
            }
            NumVerts = 32
            IndexCount = 24
            NumTexCoords = 1
        }
    }
    LodCount = 1

Object info:
============
ClassName: StaticMesh3 ObjectName: AncientMechaGuardian_wallsignal_sm

    BodySetup = None
    UseSimpleLineCollision = false
    UseSimpleBoxCollision = false
    UseSimpleRigidBodyCollision = false
    UseFullPrecisionUVs = false
    Bounds =
    {
        Origin = { X=199.401, Y=-30.2, Z=0.28155 }
        BoxExtent = { X=199.062, Y=29.7835, Z=4.99934e-005 }
        SphereRadius = 201.277
    }
    CanCompressPositions = false
    CanStripNormalsAndTangents = false
    InternalVersion = 18


    Lods[1] =
    {
        Lods[0] =
        {
            Sections[1] =
            {
                Sections[0] = { Material=Material3'001_Mesh_Default_MatM', FirstIndex=0, NumFaces=2 }
            }
            NumVerts = 8
            IndexCount = 6
            NumTexCoords = 1
        }
    }
    LodCount = 1

Object info:
============
ClassName: StaticMesh3 ObjectName: RuneMechaTombSoldier_Bullet

    BodySetup = None
    UseSimpleLineCollision = false
    UseSimpleBoxCollision = false
    UseSimpleRigidBodyCollision = false
    UseFullPrecisionUVs = false
    Bounds =
    {
        Origin = { X=0, Y=0.603499, Z=0 }
        BoxExtent = { X=4.7015, Y=15.6711, Z=4.6292 }
        SphereRadius = 16.1522
    }
    CanCompressPositions = false
    CanStripNormalsAndTangents = false
    InternalVersion = 18


    Lods[1] =
    {
        Lods[0] =
        {
            Sections[1] =
            {
                Sections[0] = { Material=Material3'001_Mesh_Default_MatM', FirstIndex=0, NumFaces=376 }
            }
            NumVerts = 712
            IndexCount = 1128
            NumTexCoords = 1
        }
    }
    LodCount = 1

Object info:
============
ClassName: Texture2D ObjectName: AncientMechaGuardian_DeathFloor_tex

    SizeX = 256
    SizeY = 256
    Format = PF_DXT5 (7)
    AddressX = TA_Wrap (0)
    AddressY = TA_Wrap (0)
    TextureFileCacheName = None
    MipTailBaseIdx = 8
    bForcePVRTC4 = false
    UnpackMin[4] = { 0, 0, 0, 0 }
    UnpackMax[4] = { 1, 1, 1, 1 }

Object info:
============
ClassName: Texture2D ObjectName: AncientMechaGuardian_Naryu001_tex

    SizeX = 256
    SizeY = 256
    Format = PF_DXT1 (5)
    AddressX = TA_Wrap (0)
    AddressY = TA_Wrap (0)
    TextureFileCacheName = None
    MipTailBaseIdx = 8
    bForcePVRTC4 = false
    UnpackMin[4] = { 0, 0, 0, 0 }
    UnpackMax[4] = { 1, 1, 1, 1 }

Object info:
============
ClassName: Texture2D ObjectName: AncientMechaGuardian_Naryu002_tex

    SizeX = 256
    SizeY = 256
    Format = PF_DXT1 (5)
    AddressX = TA_Wrap (0)
    AddressY = TA_Wrap (0)
    TextureFileCacheName = None
    MipTailBaseIdx = 8
    bForcePVRTC4 = false
    UnpackMin[4] = { 0, 0, 0, 0 }
    UnpackMax[4] = { 1, 1, 1, 1 }

Object info:
============
ClassName: Texture2D ObjectName: AncientMechaGuardian_Naryu003_tex

    SizeX = 512
    SizeY = 512
    Format = PF_DXT1 (5)
    AddressX = TA_Wrap (0)
    AddressY = TA_Wrap (0)
    TextureFileCacheName = None
    MipTailBaseIdx = 9
    bForcePVRTC4 = false
    UnpackMin[4] = { 0, 0, 0, 0 }
    UnpackMax[4] = { 1, 1, 1, 1 }

Object info:
============
ClassName: Texture2D ObjectName: AncientMechaGuardian_planeA

    SizeX = 512
    SizeY = 512
    Format = PF_DXT1 (5)
    AddressX = TA_Wrap (0)
    AddressY = TA_Wrap (0)
    TextureFileCacheName = None
    MipTailBaseIdx = 9
    bForcePVRTC4 = false
    UnpackMin[4] = { 0, 0, 0, 0 }
    UnpackMax[4] = { 1, 1, 1, 1 }

Object info:
============
ClassName: Texture2D ObjectName: AncientMechaGuardian_planeB

    SizeX = 512
    SizeY = 512
    Format = PF_DXT1 (5)
    AddressX = TA_Wrap (0)
    AddressY = TA_Wrap (0)
    TextureFileCacheName = None
    MipTailBaseIdx = 9
    bForcePVRTC4 = false
    UnpackMin[4] = { 0, 0, 0, 0 }
    UnpackMax[4] = { 1, 1, 1, 1 }

Object info:
============
ClassName: Texture2D ObjectName: AncientMechaGuardian_planeC

    SizeX = 512
    SizeY = 512
    Format = PF_DXT1 (5)
    AddressX = TA_Wrap (0)
    AddressY = TA_Wrap (0)
    TextureFileCacheName = None
    MipTailBaseIdx = 9
    bForcePVRTC4 = false
    UnpackMin[4] = { 0, 0, 0, 0 }
    UnpackMax[4] = { 1, 1, 1, 1 }

Object info:
============
ClassName: Texture2D ObjectName: AncientMechaGuardian_symbol2

    SizeX = 1024
    SizeY = 1024
    Format = PF_G8 (3)
    AddressX = TA_Wrap (0)
    AddressY = TA_Wrap (0)
    TextureFileCacheName = None
    MipTailBaseIdx = 10
    bForcePVRTC4 = false
    UnpackMin[4] = { 0, 0, 0, 0 }
    UnpackMax[4] = { 1, 1, 1, 1 }

Object info:
============
ClassName: Texture2D ObjectName: Fx_Naryu_Floor_001_ENV_E

    SizeX = 256
    SizeY = 256
    Format = PF_DXT1 (5)
    AddressX = TA_Wrap (0)
    AddressY = TA_Wrap (0)
    TextureFileCacheName = None
    MipTailBaseIdx = 8
    bForcePVRTC4 = false
    UnpackMin[4] = { 0, 0, 0, 0 }
    UnpackMax[4] = { 1, 1, 1, 1 }

Object info:
============
ClassName: Texture2D ObjectName: Fx_Naryu_Floor_001_ENV_N

    SizeX = 256
    SizeY = 256
    Format = PF_DXT1 (5)
    AddressX = TA_Wrap (0)
    AddressY = TA_Wrap (0)
    TextureFileCacheName = None
    MipTailBaseIdx = 8
    bForcePVRTC4 = false
    UnpackMin[4] = { 0, 0, 0, 0 }
    UnpackMax[4] = { 1, 1, 1, 1 }
