Found 32646 game files (699 skipped)
Loading package: 00043122.upk Ver: 573/1 Engine: 4205 Names: 643 Exports: 3859 Imports: 114 Game: 801A
Loading Texture2D Game_SkillBook3Scene_Preview from package 00043122.upk
Loading Texture2D Game_SkillBook3TrainingScene_Preview from package 00043122.upk
Loaded in 0.038 sec, 671 allocs, 0.32 MBytes serialized in 72338 calls.

Object info:
============
ClassName: Texture2D ObjectName: Game_SkillBook3Scene_Preview

    SizeX = 256
    SizeY = 256
    Format = PF_DXT1 (5)
    AddressX = TA_Wrap (0)
    AddressY = TA_Wrap (0)
    TextureFileCacheName = None
    MipTailBaseIdx = 0
    bForcePVRTC4 = false
    UnpackMin[4] = { 0, 0, 0, 0 }
    UnpackMax[4] = { 1, 1, 1, 1 }

Object info:
============
ClassName: Texture2D ObjectName: Game_SkillBook3TrainingScene_Preview

    SizeX = 256
    SizeY = 256
    Format = PF_DXT1 (5)
    AddressX = TA_Wrap (0)
    AddressY = TA_Wrap (0)
    TextureFileCacheName = None
    MipTailBaseIdx = 0
    bForcePVRTC4 = false
    UnpackMin[4] = { 0, 0, 0, 0 }
    UnpackMax[4] = { 1, 1, 1, 1 }
