Found 32646 game files (699 skipped)
Loading package: 00050555.upk Ver: 573/1 Engine: 4205 Names: 203 Exports: 32 Imports: 32 Game: 801A
Loading AnimSet RainbowUnicorn from package 00050555.upk
WARNING: BoolProperty "UAnimSet::bServiced" was not found
WARNING: ArrayProperty "UAnimSet::AdjustAniScaleBoneNames" was not found
Loading AnimSequence AnimSequence_0 from package 00050555.upk
WARNING: BoolProperty "UAnimSequence::bIgnoreFootAimControl" was not found
WARNING: BoolProperty "UAnimSequence::bIgnoreAimControl" was not found
WARNING: BoolProperty "UAnimSequence::bServiced" was not found
Loading AnimNotify_Sound AnimNotify_Sound_6 from package 00050555.upk
WARNING: IntProperty "UAnimNotify_Sound::RandomSkipPercent" was not found
Loading AnimNotify_Sound AnimNotify_Sound_7 from package 00050555.upk
WARNING: IntProperty "UAnimNotify_Sound::RandomSkipPercent" was not found
Loading AnimNotify_Sound AnimNotify_Sound_8 from package 00050555.upk
WARNING: IntProperty "UAnimNotify_Sound::RandomSkipPercent" was not found
Loading AnimSequence AnimSequence_1 from package 00050555.upk
WARNING: BoolProperty "UAnimSequence::bIgnoreFootAimControl" was not found
WARNING: BoolProperty "UAnimSequence::bIgnoreAimControl" was not found
WARNING: BoolProperty "UAnimSequence::bServiced" was not found
Loading AnimNotify_Sound AnimNotify_Sound_7 from package 00050555.upk
WARNING: IntProperty "UAnimNotify_Sound::RandomSkipPercent" was not found
Loading AnimSequence AnimSequence_10 from package 00050555.upk
WARNING: BoolProperty "UAnimSequence::bIgnoreFootAimControl" was not found
WARNING: BoolProperty "UAnimSequence::bIgnoreAimControl" was not found
WARNING: BoolProperty "UAnimSequence::bServiced" was not found
Loading AnimNotify_Sound AnimNotify_Sound_11 from package 00050555.upk
WARNING: IntProperty "UAnimNotify_Sound::RandomSkipPercent" was not found
Loading AnimSequence AnimSequence_11 from package 00050555.upk
WARNING: BoolProperty "UAnimSequence::bIgnoreFootAimControl" was not found
WARNING: BoolProperty "UAnimSequence::bIgnoreAimControl" was not found
WARNING: BoolProperty "UAnimSequence::bServiced" was not found
Loading AnimNotify_Sound AnimNotify_Sound_4 from package 00050555.upk
Loading AnimSequence AnimSequence_2 from package 00050555.upk
WARNING: BoolProperty "UAnimSequence::bIgnoreFootAimControl" was not found
WARNING: BoolProperty "UAnimSequence::bIgnoreAimControl" was not found
WARNING: BoolProperty "UAnimSequence::bServiced" was not found
Loading AnimNotify_Sound AnimNotify_Sound_13 from package 00050555.upk
WARNING: IntProperty "UAnimNotify_Sound::RandomSkipPercent" was not found
Loading AnimSequence AnimSequence_3 from package 00050555.upk
WARNING: BoolProperty "UAnimSequence::bIgnoreFootAimControl" was not found
WARNING: BoolProperty "UAnimSequence::bIgnoreAimControl" was not found
WARNING: BoolProperty "UAnimSequence::bServiced" was not found
Loading AnimNotify_Sound AnimNotify_Sound_9 from package 00050555.upk
WARNING: IntProperty "UAnimNotify_Sound::RandomSkipPercent" was not found
Loading AnimSequence AnimSequence_5 from package 00050555.upk
WARNING: BoolProperty "UAnimSequence::bIgnoreFootAimControl" was not found
WARNING: BoolProperty "UAnimSequence::bIgnoreAimControl" was not found
WARNING: BoolProperty "UAnimSequence::bServiced" was not found
Loading AnimNotify_Sound AnimNotify_Sound_0 from package 00050555.upk
Loading AnimNotify_Sound AnimNotify_Sound_1 from package 00050555.upk
Loading AnimNotify_Sound AnimNotify_Sound_2 from package 00050555.upk
Loading AnimNotify_Sound AnimNotify_Sound_3 from package 00050555.upk
Loading AnimSequence AnimSequence_6 from package 00050555.upk
WARNING: BoolProperty "UAnimSequence::bIgnoreFootAimControl" was not found
WARNING: BoolProperty "UAnimSequence::bIgnoreAimControl" was not found
WARNING: BoolProperty "UAnimSequence::bServiced" was not found
Loading AnimNotify_Sound AnimNotify_Sound_2 from package 00050555.upk
Loading AnimNotify_Sound AnimNotify_Sound_3 from package 00050555.upk
Loading AnimNotify_Sound AnimNotify_Sound_4 from package 00050555.upk
Loading AnimNotify_Sound AnimNotify_Sound_5 from package 00050555.upk
Loading AnimSequence AnimSequence_8 from package 00050555.upk
WARNING: BoolProperty "UAnimSequence::bIgnoreFootAimControl" was not found
WARNING: BoolProperty "UAnimSequence::bIgnoreAimControl" was not found
WARNING: BoolProperty "UAnimSequence::bServiced" was not found
Loading AnimNotify_Sound AnimNotify_Sound_12 from package 00050555.upk
WARNING: IntProperty "UAnimNotify_Sound::RandomSkipPercent" was not found
Loading AnimSequence AnimSequence_7 from package 00050555.upk
WARNING: BoolProperty "UAnimSequence::bIgnoreFootAimControl" was not found
WARNING: BoolProperty "UAnimSequence::bIgnoreAimControl" was not found
WARNING: BoolProperty "UAnimSequence::bServiced" was not found
Error: Command failed: umodel.exe -dump -path="E:/Program Files (x86)/NCSOFT/BnS/contents/bns/CookedPC" -game=bns 00050555
******** 00050555 ********
*** unknown member ACF_ZOnlyRLE of enum AnimationCompressionFormat
*** unknown member ACF_ZOnlyRLE of enum AnimationCompressionFormat
*** unknown member ACF_ZOnlyRLE of enum AnimationCompressionFormat
*** unknown member ACF_ZOnlyRLE of enum AnimationCompressionFormat
*** unknown member ACF_ZOnlyRLE of enum AnimationCompressionFormat
*** unknown member ACF_ZOnlyRLE of enum AnimationCompressionFormat
*** unknown member ACF_ZOnlyRLE of enum AnimationCompressionFormat
*** unknown member ACF_ZOnlyRLE of enum AnimationCompressionFormat
*** unknown member ACF_ZOnlyRLE of enum AnimationCompressionFormat
*** unknown member ACF_ZOnlyRLE of enum AnimationCompressionFormat
*** ERROR: Unknown rotation compression method: 255
UAnimSet::ConvertAnims <- PostLoad:RainbowUnicorn <- UObject::EndLoad <- LoadWholePackage:00050555 <- Main


    at ChildProcess.exithandler (child_process.js:275:12)
    at emitTwo (events.js:126:13)
    at ChildProcess.emit (events.js:214:7)
    at maybeClose (internal/child_process.js:925:16)
    at Process.ChildProcess._handle.onexit (internal/child_process.js:209:5)