
Running "replace" task
-------------------------------------------------------------------------------
[BstReplace] Start to replace model of part: "costume", race: "JinF", targetModelId: "10138_JinF_col1
-------------------------------------------------------------------------------
[BstReplace] Target model info read: {
  "skeleton": "00050714",
  "texture": "00050715",
  "material": "00050716",
  "col1Material": "00050716",
  "col": "col1",
  "core": "10138_JinF",
  "code": "10138",
  "race": "JinF",
  "pic": null
}
[BstReplace] Origin model info read: {
  "skeleton": "00038386",
  "texture": "00038384",
  "material": "00038385",
  "col1Material": "00038385",
  "col": "col1",
  "core": "10055_JinF",
  "code": "10055",
  "race": "JinF",
  "pic": null
}
-------------------------------------------------------------------------------
[BstReplace] All upk files of target model found: {
  "skeleton": "E:\\Program Files (x86)\\NCSOFT\\BnS\\contents\\bns\\CookedPC\\00050714.upk",
  "material": "E:\\Program Files (x86)\\NCSOFT\\BnS\\contents\\bns\\CookedPC\\00050716.upk"
}
[BstUtil] Copy file FROM: E:\Program Files (x86)\NCSOFT\BnS\contents\bns\CookedPC\00050714.upk, TO: working\00038386.upk
[BstUtil] Copy file FROM: E:\Program Files (x86)\NCSOFT\BnS\contents\bns\CookedPC\00050716.upk, TO: working\00038385.upk
-------------------------------------------------------------------------------
[BstUtil] Async event registered: working\00038386.upk
[BstUtil] Async event registered: working\00038385.upk
[BstReplace] Start to handle "material" file: working\00038385.upk
[BstUtil] Async event cancelled: working\00038385.upk
-------------------------------------------------------------------------------
[BstReplace] Start to handle "skeleton" file: working\00038386.upk
[BstReplace] Target Core: 10138_JinF
[BstReplace] Origin Core: 10055_JinF
[BstUtil] Convert UTF8 to HEX, FROM: 10138_JinF, TO: 31303133385f4a696e46
[BstUtil] Convert UTF8 to HEX, FROM: 10138_JinF_Physics, TO: 31303133385f4a696e465f50687973696373
[BstReplace] Target core found times: 1
[BstReplace] Target core with Physics found times: 1
[BstReplace] Core delta: 0
[BstReplace] Normal edit ...
[BstUtil] Convert UTF8 to HEX, FROM: 10138_JinF, TO: 31303133385f4a696e46
[BstUtil] Convert UTF8 to HEX, FROM: 10055_JinF, TO: 31303035355f4a696e46
[BstUtil] Replace string all appearance from: 31303133385f4a696e4600, to: 31303035355f4a696e4600
[BstUtil] Convert UTF8 to HEX, FROM: 10138_JinF_Physics, TO: 31303133385f4a696e465f50687973696373
[BstUtil] Convert UTF8 to HEX, FROM: 10055_JinF_Physics, TO: 31303035355f4a696e465f50687973696373
[BstUtil] Replace string all appearance from: 31303133385f4a696e465f5068797369637300, to: 31303035355f4a696e465f5068797369637300
[BstUtil] Write file: working\00038386.upk
[BstUtil] Async event cancelled: working\00038386.upk
-------------------------------------------------------------------------------
[BstUtil] Async event list done.
[BstUtil] Copy file FROM: working/00038385.upk, TO: E:\Program Files (x86)\NCSOFT\BnS\contents\Local\NCWEST\ENGLISH\CookedPC\mod\00038385.upk
[BstUtil] Delete file: working/00038385.upk
[BstUtil] Copy file FROM: working/00038386.upk, TO: E:\Program Files (x86)\NCSOFT\BnS\contents\Local\NCWEST\ENGLISH\CookedPC\mod\00038386.upk
[BstUtil] Delete file: working/00038386.upk
[BstUtil] Write file: ./config/backup.json

Done, without errors.
