
Running "upk_viewer" task
-------------------------------------------------------------------------------
[BstUpkViewer] Start view upk ...
-------------------------------------------------------------------------------
[BstUpkViewer] Clean the tmp working dir: D:\UltimateBNS\working_3d
-------------------------------------------------------------------------------
[BstUpkViewer] Read conf of target element, id: 10040_JinF_col1
[BstUpkViewer] Target element conf found: {
  "skeleton": "00037005",
  "texture": "00037180",
  "material": "00037004",
  "col1Material": "00037004",
  "col": "col1",
  "core": "10040_JinF",
  "code": "10040",
  "race": "JinF",
  "pic": null
}
-------------------------------------------------------------------------------
[BstUpkViewer] Prepare resource upk files ...
[BstUtil] Copy file FROM: E:\Program Files (x86)\NCSOFT\BnS\contents\bns\CookedPC\00037005.upk, TO: D:\UltimateBNS\working_3d\00037005.upk
[BstUtil] Copy file FROM: E:\Program Files (x86)\NCSOFT\BnS\contents\bns\CookedPC\00037180.upk, TO: D:\UltimateBNS\working_3d\00037180.upk
[BstUtil] Copy file FROM: E:\Program Files (x86)\NCSOFT\BnS\contents\bns\CookedPC\00037004.upk, TO: D:\UltimateBNS\working_3d\00037004.upk
[BstUtil] Copy file FROM: E:\Program Files (x86)\NCSOFT\BnS\contents\bns\CookedPC\00037004.upk, TO: D:\UltimateBNS\working_3d\00037004.upk
[BstUtil] Copy file FROM: E:\Program Files (x86)\NCSOFT\BnS\contents\bns\CookedPC\00037005.upk, TO: D:\UltimateBNS\working_3d\00037005.upk
[BstUtil] Copy file FROM: E:\Program Files (x86)\NCSOFT\BnS\contents\bns\CookedPC\00037005.upk, TO: D:\UltimateBNS\working_3d\00037005.upk
[BstUtil] Copy file FROM: E:\Program Files (x86)\NCSOFT\BnS\contents\bns\CookedPC\00037004.upk, TO: D:\UltimateBNS\working_3d\00037004.upk
[BstUtil] Copy file FROM: E:\Program Files (x86)\NCSOFT\BnS\contents\bns\CookedPC\00037004.upk, TO: D:\UltimateBNS\working_3d\00037004.upk
[BstUtil] Copy file FROM: E:\Program Files (x86)\NCSOFT\BnS\contents\bns\CookedPC\00037180.upk, TO: D:\UltimateBNS\working_3d\00037180.upk
[BstUtil] Copy file FROM: E:\Program Files (x86)\NCSOFT\BnS\contents\bns\CookedPC\00002640.upk, TO: D:\UltimateBNS\working_3d\00002640.upk
[BstUtil] Copy file FROM: E:\Program Files (x86)\NCSOFT\BnS\contents\bns\CookedPC\00002620.upk, TO: D:\UltimateBNS\working_3d\00002620.upk
[BstUtil] Copy file FROM: E:\Program Files (x86)\NCSOFT\BnS\contents\bns\CookedPC\00037180.upk, TO: D:\UltimateBNS\working_3d\00037180.upk
[BstUtil] Copy file FROM: E:\Program Files (x86)\NCSOFT\BnS\contents\bns\CookedPC\00037180.upk, TO: D:\UltimateBNS\working_3d\00037180.upk
[BstUtil] Copy file FROM: E:\Program Files (x86)\NCSOFT\BnS\contents\bns\CookedPC\00037180.upk, TO: D:\UltimateBNS\working_3d\00037180.upk
[BstUtil] Copy file FROM: E:\Program Files (x86)\NCSOFT\BnS\contents\bns\CookedPC\00037180.upk, TO: D:\UltimateBNS\working_3d\00037180.upk
[BstUtil] Copy file FROM: E:\Program Files (x86)\NCSOFT\BnS\contents\bns\CookedPC\00002640.upk, TO: D:\UltimateBNS\working_3d\00002640.upk
[BstUtil] Copy file FROM: E:\Program Files (x86)\NCSOFT\BnS\contents\bns\CookedPC\00002620.upk, TO: D:\UltimateBNS\working_3d\00002620.upk
[BstUtil] Copy file FROM: E:\Program Files (x86)\NCSOFT\BnS\contents\bns\CookedPC\00002620.upk, TO: D:\UltimateBNS\working_3d\00002620.upk
[BstUtil] Copy file FROM: E:\Program Files (x86)\NCSOFT\BnS\contents\bns\CookedPC\00012963.upk, TO: D:\UltimateBNS\working_3d\00012963.upk
[BstUtil] Copy file FROM: E:\Program Files (x86)\NCSOFT\BnS\contents\bns\CookedPC\00002640.upk, TO: D:\UltimateBNS\working_3d\00002640.upk
[BstUtil] Copy file FROM: E:\Program Files (x86)\NCSOFT\BnS\contents\bns\CookedPC\00002640.upk, TO: D:\UltimateBNS\working_3d\00002640.upk
[BstUtil] Copy file FROM: E:\Program Files (x86)\NCSOFT\BnS\contents\bns\CookedPC\00002640.upk, TO: D:\UltimateBNS\working_3d\00002640.upk
[BstUtil] Copy file FROM: E:\Program Files (x86)\NCSOFT\BnS\contents\bns\CookedPC\00002640.upk, TO: D:\UltimateBNS\working_3d\00002640.upk
[BstUtil] Copy file FROM: E:\Program Files (x86)\NCSOFT\BnS\contents\bns\CookedPC\00002640.upk, TO: D:\UltimateBNS\working_3d\00002640.upk
[BstUtil] Copy file FROM: E:\Program Files (x86)\NCSOFT\BnS\contents\bns\CookedPC\00002640.upk, TO: D:\UltimateBNS\working_3d\00002640.upk
[BstUtil] Copy file FROM: E:\Program Files (x86)\NCSOFT\BnS\contents\bns\CookedPC\00002620.upk, TO: D:\UltimateBNS\working_3d\00002620.upk
[BstUtil] Copy file FROM: E:\Program Files (x86)\NCSOFT\BnS\contents\bns\CookedPC\00012963.upk, TO: D:\UltimateBNS\working_3d\00012963.upk
[BstUtil] Copy file FROM: E:\Program Files (x86)\NCSOFT\BnS\contents\bns\CookedPC\00012963.upk, TO: D:\UltimateBNS\working_3d\00012963.upk
[BstUtil] Copy file FROM: E:\Program Files (x86)\NCSOFT\BnS\contents\bns\CookedPC\00012963.upk, TO: D:\UltimateBNS\working_3d\00012963.upk
[BstUtil] Copy file FROM: E:\Program Files (x86)\NCSOFT\BnS\contents\bns\CookedPC\00012963.upk, TO: D:\UltimateBNS\working_3d\00012963.upk
[BstUtil] Copy file FROM: E:\Program Files (x86)\NCSOFT\BnS\contents\bns\CookedPC\00012963.upk, TO: D:\UltimateBNS\working_3d\00012963.upk
-------------------------------------------------------------------------------
[BstUtil] Delete file: D:/UltimateBNS/working_3d/00002620.upk
[BstUtil] Delete file: D:/UltimateBNS/working_3d/00002640.upk
[BstUtil] Delete file: D:/UltimateBNS/working_3d/00012963.upk
[BstUtil] Delete file: D:/UltimateBNS/working_3d/00037004.upk
[BstUtil] Delete file: D:/UltimateBNS/working_3d/00037005.upk
[BstUtil] Delete file: D:/UltimateBNS/working_3d/00037180.upk

Done, without errors.
