
Running "upk_viewer" task
-------------------------------------------------------------------------------
[BstUpkViewer] Start view upk ...
-------------------------------------------------------------------------------
[BstUpkViewer] Clean the tmp working dir: D:\UltimateBNS\working_3d
-------------------------------------------------------------------------------
[BstUpkViewer] Read conf of target element, id: 65060_JinF_col1
[BstUpkViewer] Target element conf found: {
  "skeleton": "00045790",
  "texture": "00045791",
  "material": "00045792",
  "col1Material": "00045792",
  "col": "col1",
  "core": "65060_JinF",
  "code": "65060",
  "race": "JinF",
  "pic": null
}
-------------------------------------------------------------------------------
[BstUpkViewer] Prepare resource upk files ...
[BstUtil] Copy file FROM: E:\Program Files (x86)\NCSOFT\BnS\contents\bns\CookedPC\00045790.upk, TO: D:\UltimateBNS\working_3d\00045790.upk
[BstUtil] Copy file FROM: E:\Program Files (x86)\NCSOFT\BnS\contents\bns\CookedPC\00045791.upk, TO: D:\UltimateBNS\working_3d\00045791.upk
[BstUtil] Copy file FROM: E:\Program Files (x86)\NCSOFT\BnS\contents\bns\CookedPC\00045792.upk, TO: D:\UltimateBNS\working_3d\00045792.upk
[BstUtil] Copy file FROM: E:\Program Files (x86)\NCSOFT\BnS\contents\bns\CookedPC\00045792.upk, TO: D:\UltimateBNS\working_3d\00045792.upk
[BstUtil] Copy file FROM: E:\Program Files (x86)\NCSOFT\BnS\contents\bns\CookedPC\00045790.upk, TO: D:\UltimateBNS\working_3d\00045790.upk
[BstUtil] Copy file FROM: E:\Program Files (x86)\NCSOFT\BnS\contents\bns\CookedPC\00045790.upk, TO: D:\UltimateBNS\working_3d\00045790.upk
[BstUtil] Copy file FROM: E:\Program Files (x86)\NCSOFT\BnS\contents\bns\CookedPC\00045792.upk, TO: D:\UltimateBNS\working_3d\00045792.upk
[BstUtil] Copy file FROM: E:\Program Files (x86)\NCSOFT\BnS\contents\bns\CookedPC\00045792.upk, TO: D:\UltimateBNS\working_3d\00045792.upk
[BstUtil] Copy file FROM: E:\Program Files (x86)\NCSOFT\BnS\contents\bns\CookedPC\00045791.upk, TO: D:\UltimateBNS\working_3d\00045791.upk
[BstUtil] Copy file FROM: E:\Program Files (x86)\NCSOFT\BnS\contents\bns\CookedPC\00002640.upk, TO: D:\UltimateBNS\working_3d\00002640.upk
[BstUtil] Copy file FROM: E:\Program Files (x86)\NCSOFT\BnS\contents\bns\CookedPC\00002620.upk, TO: D:\UltimateBNS\working_3d\00002620.upk
[BstUtil] Copy file FROM: E:\Program Files (x86)\NCSOFT\BnS\contents\bns\CookedPC\00045791.upk, TO: D:\UltimateBNS\working_3d\00045791.upk
[BstUtil] Copy file FROM: E:\Program Files (x86)\NCSOFT\BnS\contents\bns\CookedPC\00045791.upk, TO: D:\UltimateBNS\working_3d\00045791.upk
[BstUtil] Copy file FROM: E:\Program Files (x86)\NCSOFT\BnS\contents\bns\CookedPC\00045791.upk, TO: D:\UltimateBNS\working_3d\00045791.upk
[BstUtil] Copy file FROM: E:\Program Files (x86)\NCSOFT\BnS\contents\bns\CookedPC\00045791.upk, TO: D:\UltimateBNS\working_3d\00045791.upk
[BstUtil] Copy file FROM: E:\Program Files (x86)\NCSOFT\BnS\contents\bns\CookedPC\00002640.upk, TO: D:\UltimateBNS\working_3d\00002640.upk
[BstUtil] Copy file FROM: E:\Program Files (x86)\NCSOFT\BnS\contents\bns\CookedPC\00045791.upk, TO: D:\UltimateBNS\working_3d\00045791.upk
[BstUtil] Copy file FROM: E:\Program Files (x86)\NCSOFT\BnS\contents\bns\CookedPC\00002620.upk, TO: D:\UltimateBNS\working_3d\00002620.upk
[BstUtil] Copy file FROM: E:\Program Files (x86)\NCSOFT\BnS\contents\bns\CookedPC\00012963.upk, TO: D:\UltimateBNS\working_3d\00012963.upk
[BstUtil] Copy file FROM: E:\Program Files (x86)\NCSOFT\BnS\contents\bns\CookedPC\00002640.upk, TO: D:\UltimateBNS\working_3d\00002640.upk
[BstUtil] Copy file FROM: E:\Program Files (x86)\NCSOFT\BnS\contents\bns\CookedPC\00002640.upk, TO: D:\UltimateBNS\working_3d\00002640.upk
[BstUtil] Copy file FROM: E:\Program Files (x86)\NCSOFT\BnS\contents\bns\CookedPC\00002640.upk, TO: D:\UltimateBNS\working_3d\00002640.upk
[BstUtil] Copy file FROM: E:\Program Files (x86)\NCSOFT\BnS\contents\bns\CookedPC\00002640.upk, TO: D:\UltimateBNS\working_3d\00002640.upk
[BstUtil] Copy file FROM: E:\Program Files (x86)\NCSOFT\BnS\contents\bns\CookedPC\00002640.upk, TO: D:\UltimateBNS\working_3d\00002640.upk
[BstUtil] Copy file FROM: E:\Program Files (x86)\NCSOFT\BnS\contents\bns\CookedPC\00002640.upk, TO: D:\UltimateBNS\working_3d\00002640.upk
[BstUtil] Copy file FROM: E:\Program Files (x86)\NCSOFT\BnS\contents\bns\CookedPC\00002620.upk, TO: D:\UltimateBNS\working_3d\00002620.upk
[BstUtil] Copy file FROM: E:\Program Files (x86)\NCSOFT\BnS\contents\bns\CookedPC\00012963.upk, TO: D:\UltimateBNS\working_3d\00012963.upk
[BstUtil] Copy file FROM: E:\Program Files (x86)\NCSOFT\BnS\contents\bns\CookedPC\00012963.upk, TO: D:\UltimateBNS\working_3d\00012963.upk
[BstUtil] Copy file FROM: E:\Program Files (x86)\NCSOFT\BnS\contents\bns\CookedPC\00012963.upk, TO: D:\UltimateBNS\working_3d\00012963.upk
[BstUtil] Copy file FROM: E:\Program Files (x86)\NCSOFT\BnS\contents\bns\CookedPC\00012963.upk, TO: D:\UltimateBNS\working_3d\00012963.upk
[BstUtil] Copy file FROM: E:\Program Files (x86)\NCSOFT\BnS\contents\bns\CookedPC\00002620.upk, TO: D:\UltimateBNS\working_3d\00002620.upk
[BstUtil] Copy file FROM: E:\Program Files (x86)\NCSOFT\BnS\contents\bns\CookedPC\00012963.upk, TO: D:\UltimateBNS\working_3d\00012963.upk
-------------------------------------------------------------------------------
[BstUtil] Delete file: D:/UltimateBNS/working_3d/00002620.upk
[BstUtil] Delete file: D:/UltimateBNS/working_3d/00002640.upk
[BstUtil] Delete file: D:/UltimateBNS/working_3d/00012963.upk
[BstUtil] Delete file: D:/UltimateBNS/working_3d/00045790.upk
[BstUtil] Delete file: D:/UltimateBNS/working_3d/00045791.upk
[BstUtil] Delete file: D:/UltimateBNS/working_3d/00045792.upk

Done, without errors.
